<?xml version="1.0" encoding="UTF-8"?>
<!-- Generated by org.testng.reporters.JUnitXMLReporter -->
<testsuite hostname="HP" name="A_SU_17: To verify that error message is displayed if user enters invalid activation code in Activation code field." tests="1" failures="0" timestamp="9 Dec 2015 05:01:48 GMT" time="110.33" errors="0">
  <testcase name="invalidActivationCode" time="84.841" classname="com.zinghr.signup.index.SignupIndex"/>
</testsuite> <!-- A_SU_17: To verify that error message is displayed if user enters invalid activation code in Activation code field. -->
