<?xml version="1.0" encoding="UTF-8"?>
<!-- Generated by org.testng.reporters.JUnitXMLReporter -->
<testsuite hostname="HP" name="A_SU_19: To verify that after clicking on Activate Account button user account is activated successfully." tests="1" failures="0" timestamp="9 Dec 2015 05:02:09 GMT" time="98.642" errors="0">
  <testcase name="blankPswdActCode" time="78.46" classname="com.zinghr.signup.index.SignupIndex"/>
</testsuite> <!-- A_SU_19: To verify that after clicking on Activate Account button user account is activated successfully. -->
