<?xml version="1.0" encoding="UTF-8"?>
<!-- Generated by org.testng.reporters.JUnitXMLReporter -->
<testsuite hostname="Dell-PC" name="A_SU_23: To verify that appropriate error message is displayed if user enters already used activation code and Company Name." tests="1" failures="0" timestamp="15 Dec 2015 13:52:34 GMT" time="828.637" errors="0">
  <testcase name="previouslyActivateCode1" time="806.007" classname="com.zinghr.signup.index.SignupIndex"/>
</testsuite> <!-- A_SU_23: To verify that appropriate error message is displayed if user enters already used activation code and Company Name. -->
