<?xml version="1.0" encoding="UTF-8"?>
<!-- Generated by org.testng.reporters.JUnitXMLReporter -->
<testsuite hostname="Dell-PC" name="A_SU_06: To verify that user is not able to Activate account twice from same link." tests="1" failures="0" timestamp="15 Dec 2015 13:41:05 GMT" time="462.824" errors="0">
  <testcase name="activateTwice" time="435.268" classname="com.zinghr.signup.index.SignupIndex"/>
</testsuite> <!-- A_SU_06: To verify that user is not able to Activate account twice from same link. -->
