<?xml version="1.0" encoding="UTF-8"?>
<!-- Generated by org.testng.reporters.JUnitXMLReporter -->
<testsuite hostname="HP" name="A_SU_15 - A_SU_16 - A_SU_20: To verify that after clicking on Activate Account button user account is activated successfully." tests="1" failures="0" timestamp="9 Dec 2015 05:06:01 GMT" time="439.474" errors="0">
  <testcase name="activateSuccessfullyMesg" time="399.405" classname="com.zinghr.signup.index.SignupIndex"/>
</testsuite> <!-- A_SU_15 - A_SU_16 - A_SU_20: To verify that after clicking on Activate Account button user account is activated successfully. -->
