<?xml version="1.0" encoding="UTF-8"?>
<!-- Generated by org.testng.reporters.JUnitXMLReporter -->
<testsuite hostname="Dell-PC" name="A_SU_04: To verify that user is able to view Thank You message and Click Here button in Email" tests="1" failures="0" timestamp="15 Dec 2015 13:34:35 GMT" time="100.094" errors="0">
  <testcase name="emailContents" time="72.378" classname="com.zinghr.signup.index.SignupIndex"/>
</testsuite> <!-- A_SU_04: To verify that user is able to view Thank You message and Click Here button in Email -->
