<?xml version="1.0" encoding="UTF-8"?>
<!-- Generated by org.testng.reporters.JUnitXMLReporter -->
<testsuite hostname="HP" name="A_SU_06: To verify that user is not able to Activate account twice from same link." tests="1" failures="0" timestamp="9 Dec 2015 05:02:05 GMT" time="413.421" errors="0">
  <testcase name="activateTwice" time="390.557" classname="com.zinghr.signup.index.SignupIndex"/>
</testsuite> <!-- A_SU_06: To verify that user is not able to Activate account twice from same link. -->
