<?xml version="1.0" encoding="UTF-8"?>
<!-- Generated by org.testng.reporters.JUnitXMLReporter -->
<testsuite hostname="Dell-PC" name="A_SU_17: To verify that error message is displayed if user enters invalid activation code in Activation code field." tests="1" failures="0" timestamp="15 Dec 2015 13:38:32 GMT" time="123.85" errors="0">
  <testcase name="invalidActivationCode" time="94.052" classname="com.zinghr.signup.index.SignupIndex"/>
</testsuite> <!-- A_SU_17: To verify that error message is displayed if user enters invalid activation code in Activation code field. -->
