<?xml version="1.0" encoding="UTF-8"?>
<!-- Generated by org.testng.reporters.JUnitXMLReporter -->
<testsuite hostname="HP" name="A_SU_08, A_SU_10: To verify that user is able to enter alphanumeric and Special characters in Password field." tests="1" failures="0" timestamp="9 Dec 2015 04:59:57 GMT" time="245.244" errors="0">
  <testcase name="enterPaswd" time="214.14" classname="com.zinghr.signup.index.SignupIndex"/>
</testsuite> <!-- A_SU_08, A_SU_10: To verify that user is able to enter alphanumeric and Special characters in Password field. -->
