<?xml version="1.0" encoding="UTF-8"?>
<!-- Generated by org.testng.reporters.JUnitXMLReporter -->
<testsuite hostname="HP" name="SU_08: To verify that user is able to enter alphabets in &#039;Display Name&#039; field." tests="1" failures="0" timestamp="9 Dec 2015 04:52:38 GMT" time="53.092" errors="0">
  <testcase name="displaynameFieldAlphabet" time="23.321" classname="com.zinghr.signup.index.SignupIndex"/>
</testsuite> <!-- SU_08: To verify that user is able to enter alphabets in 'Display Name' field. -->
