<?xml version="1.0" encoding="UTF-8"?>
<!-- Generated by org.testng.reporters.JUnitXMLReporter -->
<testsuite hostname="HP" name="SU_03: To verify that user is able to enter alphanumeric characters in &#039;Company Name&#039; field" tests="1" failures="0" timestamp="9 Dec 2015 04:52:49 GMT" time="64.733" errors="0">
  <testcase name="companynameFieldAlphanumeric" time="24.05" classname="com.zinghr.signup.index.SignupIndex"/>
</testsuite> <!-- SU_03: To verify that user is able to enter alphanumeric characters in 'Company Name' field -->
