<?xml version="1.0" encoding="UTF-8"?>
<!-- Generated by org.testng.reporters.JUnitXMLReporter -->
<testsuite hostname="HP" name="SU_07: To verify alert message is displayed when sign ups with empty &#039;Company Name&#039; field." tests="1" failures="0" timestamp="9 Dec 2015 04:52:58 GMT" time="73.106" errors="0">
  <testcase name="companynameFieldEmpty" time="21.244" classname="com.zinghr.signup.index.SignupIndex"/>
</testsuite> <!-- SU_07: To verify alert message is displayed when sign ups with empty 'Company Name' field. -->
