<?xml version="1.0" encoding="UTF-8"?>
<!-- Generated by org.testng.reporters.JUnitXMLReporter -->
<testsuite hostname="Dell-PC" name="SU_17: To verify that user is able to enter numeric values in Contact Number field" tests="1" failures="0" timestamp="15 Dec 2015 13:32:16 GMT" time="51.506" errors="0">
  <testcase name="contactNumFieldValid" time="27.463" classname="com.zinghr.signup.index.SignupIndex"/>
</testsuite> <!-- SU_17: To verify that user is able to enter numeric values in Contact Number field -->
