<?xml version="1.0" encoding="UTF-8"?>
<!-- Generated by org.testng.reporters.JUnitXMLReporter -->
<testsuite hostname="Dell-PC" name="SU_16: To verify error message is displayed when user selects &#039;Select Country&#039; option" tests="1" failures="0" timestamp="15 Dec 2015 13:32:10 GMT" time="53.599" errors="0">
  <testcase name="selectNoCountry" time="29.295" classname="com.zinghr.signup.index.SignupIndex"/>
</testsuite> <!-- SU_16: To verify error message is displayed when user selects 'Select Country' option -->
