<?xml version="1.0" encoding="UTF-8"?>
<!-- Generated by org.testng.reporters.JUnitXMLReporter -->
<testsuite hostname="Dell-PC" name="SU_23: To verify that Alert message is displayed if user unchecked the Terms and condition checkbox." tests="1" failures="0" timestamp="15 Dec 2015 13:33:13 GMT" time="56.101" errors="0">
  <testcase name="checkbox" time="29.534" classname="com.zinghr.signup.index.SignupIndex"/>
</testsuite> <!-- SU_23: To verify that Alert message is displayed if user unchecked the Terms and condition checkbox. -->
