<?xml version="1.0" encoding="UTF-8"?>
<!-- Generated by org.testng.reporters.JUnitXMLReporter -->
<testsuite hostname="HP" name="SU_20: To verify that Max length of 10 characters is provided to Contact Number field." tests="1" failures="0" timestamp="9 Dec 2015 04:54:32 GMT" time="43.272" errors="0">
  <testcase name="contactNumFieldMorethan10" time="22.639" classname="com.zinghr.signup.index.SignupIndex"/>
</testsuite> <!-- SU_20: To verify that Max length of 10 characters is provided to Contact Number field. -->
