<?xml version="1.0" encoding="UTF-8"?>
<!-- Generated by org.testng.reporters.JUnitXMLReporter -->
<testsuite hostname="Dell-PC" name="SU_22: To verify that user is redirected to taregeted page after clicking on &#039;terms of use&#039; and &#039;privacy policy&#039; hyperlink" tests="1" failures="0" timestamp="15 Dec 2015 13:32:55 GMT" time="44.46" errors="0">
  <testcase name="termsAndprivacy" time="18.943" classname="com.zinghr.signup.index.SignupIndex"/>
</testsuite> <!-- SU_22: To verify that user is redirected to taregeted page after clicking on 'terms of use' and 'privacy policy' hyperlink -->
