<?xml version="1.0" encoding="UTF-8"?>
<!-- Generated by org.testng.reporters.JUnitXMLReporter -->
<testsuite hostname="HP" name="A_SU_23: To verify that appropriate error message is displayed if user enters already used activation code and Company Name." tests="1" failures="0" timestamp="8 Dec 2015 10:34:29 GMT" time="481.27" errors="0">
  <testcase name="previouslyActivateCode1" time="447.042" classname="com.zinghr.signup.index.SignupIndex"/>
</testsuite> <!-- A_SU_23: To verify that appropriate error message is displayed if user enters already used activation code and Company Name. -->
