<?xml version="1.0" encoding="UTF-8"?>
<!-- Generated by org.testng.reporters.JUnitXMLReporter -->
<testsuite hostname="HP" name="A_SU_13: To verify that the Password progress status changes from as per the password entered by the user." tests="1" failures="0" timestamp="8 Dec 2015 10:23:54 GMT" time="145.604" errors="0">
  <testcase name="pswdProgressStatus" time="122.693" classname="com.zinghr.signup.index.SignupIndex"/>
</testsuite> <!-- A_SU_13: To verify that the Password progress status changes from as per the password entered by the user. -->
