<?xml version="1.0" encoding="UTF-8"?>
<!-- Generated by org.testng.reporters.JUnitXMLReporter -->
<testsuite hostname="HP" name="A_SU_04: To verify that user is able to view Thank You message and Click Here button in Email" tests="1" failures="0" timestamp="8 Dec 2015 10:21:29 GMT" time="117.981" errors="0">
  <testcase name="emailContents" time="89.966" classname="com.zinghr.signup.index.SignupIndex"/>
</testsuite> <!-- A_SU_04: To verify that user is able to view Thank You message and Click Here button in Email -->
