<?xml version="1.0" encoding="UTF-8"?>
<!-- Generated by org.testng.reporters.JUnitXMLReporter -->
<testsuite hostname="HP" name="A_SU_06: To verify that user is not able to Activate account twice from same link." tests="1" failures="0" timestamp="8 Dec 2015 10:26:28 GMT" time="394.311" errors="0">
  <testcase name="activateTwice" time="371.733" classname="com.zinghr.signup.index.SignupIndex"/>
</testsuite> <!-- A_SU_06: To verify that user is not able to Activate account twice from same link. -->
