<?xml version="1.0" encoding="UTF-8"?>
<!-- Generated by org.testng.reporters.JUnitXMLReporter -->
<testsuite hostname="HP" name="A_SU_21: To verify that After clicking on &#039;Ok&#039; button of successful message user is redirected to login page." tests="1" failures="0" timestamp="23 Nov 2015 07:35:29 GMT" time="306.702" errors="0">
  <testcase name="activateSuccessfully" time="286.367" classname="com.zinghr.signup.index.SignupIndex"/>
</testsuite> <!-- A_SU_21: To verify that After clicking on 'Ok' button of successful message user is redirected to login page. -->
