<?xml version="1.0" encoding="UTF-8"?>
<!-- Generated by org.testng.reporters.JUnitXMLReporter -->
<testsuite hostname="HP" name="A_SU_17: To verify that error message is displayed if user enters invalid activation code in Activation code field." tests="1" failures="0" timestamp="8 Dec 2015 10:26:24 GMT" time="190.873" errors="0">
  <testcase name="invalidActivationCode" time="160.953" classname="com.zinghr.signup.index.SignupIndex"/>
</testsuite> <!-- A_SU_17: To verify that error message is displayed if user enters invalid activation code in Activation code field. -->
