<?xml version="1.0" encoding="UTF-8"?>
<!-- Generated by org.testng.reporters.JUnitXMLReporter -->
<testsuite hostname="HP" name="SU_09: To verify that appropriate error message is displayed when user enters special characters and numeric value in &#039;display Name&#039; field" tests="1" failures="0" timestamp="8 Dec 2015 10:17:54 GMT" time="48.326" errors="0">
  <testcase name="displaynameFieldInvalid" time="23.547" classname="com.zinghr.signup.index.SignupIndex"/>
</testsuite> <!-- SU_09: To verify that appropriate error message is displayed when user enters special characters and numeric value in 'display Name' field -->
