<?xml version="1.0" encoding="UTF-8"?>
<!-- Generated by org.testng.reporters.JUnitXMLReporter -->
<testsuite hostname="HP" name="SU_07: To verify alert message is displayed when sign ups with empty Company Name field" tests="1" failures="0" timestamp="8 Dec 2015 10:17:26 GMT" time="66.644" errors="0">
  <testcase name="companynameFieldEmpty" time="20.853" classname="com.zinghr.signup.index.SignupIndex"/>
</testsuite> <!-- SU_07: To verify alert message is displayed when sign ups with empty Company Name field -->
