<?xml version="1.0" encoding="UTF-8"?>
<!-- Generated by org.testng.reporters.JUnitXMLReporter -->
<testsuite hostname="HP" name="SU_03: To verify that user is able to enter alphanumeric characters in &#039;Company Name&#039; field" tests="1" failures="0" timestamp="8 Dec 2015 10:17:13 GMT" time="54.127" errors="0">
  <testcase name="companynameFieldAlphanumeric" time="24.208" classname="com.zinghr.signup.index.SignupIndex"/>
</testsuite> <!-- SU_03: To verify that user is able to enter alphanumeric characters in 'Company Name' field -->
