<?xml version="1.0" encoding="UTF-8"?>
<!-- Generated by org.testng.reporters.JUnitXMLReporter -->
<testsuite hostname="HP" name="SU_06: To verify that error message is displayed when enters less than three characters in &#039;Company Name&#039; field" tests="1" failures="0" timestamp="8 Dec 2015 10:17:33 GMT" time="73.711" errors="0">
  <testcase name="companynameFieldlessthan3" time="23.231" classname="com.zinghr.signup.index.SignupIndex"/>
</testsuite> <!-- SU_06: To verify that error message is displayed when enters less than three characters in 'Company Name' field -->
