<?xml version="1.0" encoding="UTF-8"?>
<!-- Generated by org.testng.reporters.JUnitXMLReporter -->
<testsuite hostname="HP" name="SU_16: To verify error message is displayed when user selects &#039;Select Country&#039; option" tests="1" failures="0" timestamp="8 Dec 2015 10:18:49 GMT" time="49.714" errors="0">
  <testcase name="selectNoCountry" time="25.101" classname="com.zinghr.signup.index.SignupIndex"/>
</testsuite> <!-- SU_16: To verify error message is displayed when user selects 'Select Country' option -->
