<?xml version="1.0" encoding="UTF-8"?>
<!-- Generated by org.testng.reporters.JUnitXMLReporter -->
<testsuite hostname="HP" name="SU_13: To verify error message is displayed when user enter invalid email in Email field" tests="1" failures="0" timestamp="8 Dec 2015 10:18:14 GMT" time="48.178" errors="0">
  <testcase name="emailidFieldInvalid" time="22.957" classname="com.zinghr.signup.index.SignupIndex"/>
</testsuite> <!-- SU_13: To verify error message is displayed when user enter invalid email in Email field -->
