<?xml version="1.0" encoding="UTF-8"?>
<!-- Generated by org.testng.reporters.JUnitXMLReporter -->
<testsuite hostname="HP" name="SU_17: To verify that user is able to enter numeric values in Contact Number field" tests="1" failures="0" timestamp="2 Dec 2015 07:58:49 GMT" time="37.222" errors="0">
  <testcase name="contactNumFieldValid" time="19.481" classname="com.zinghr.signup.index.SignupIndex"/>
</testsuite> <!-- SU_17: To verify that user is able to enter numeric values in Contact Number field -->
