<?xml version="1.0" encoding="UTF-8"?>
<!-- Generated by org.testng.reporters.JUnitXMLReporter -->
<testsuite hostname="HP" name="SU_14: To verify error message is displayed when user enter invalid email in Email field" tests="1" failures="0" timestamp="8 Dec 2015 10:18:19 GMT" time="45.598" errors="0">
  <testcase name="emailidFieldBlank" time="22.971" classname="com.zinghr.signup.index.SignupIndex"/>
</testsuite> <!-- SU_14: To verify error message is displayed when user enter invalid email in Email field -->
