<?xml version="1.0" encoding="UTF-8"?>
<!-- Generated by org.testng.reporters.JUnitXMLReporter -->
<testsuite hostname="HP" name="SU_20: To verify that Max length of 10 characters is provided to Contact Number field." tests="1" failures="0" timestamp="8 Dec 2015 10:19:10 GMT" time="51.5" errors="0">
  <testcase name="contactNumFieldMorethan10" time="23.841" classname="com.zinghr.signup.index.SignupIndex"/>
</testsuite> <!-- SU_20: To verify that Max length of 10 characters is provided to Contact Number field. -->
