<?xml version="1.0" encoding="UTF-8"?>
<testsuite name="TestSuite" time="1,128.917" tests="60" errors="0" skipped="0" failures="22">
  <properties>
[...]
</properties>
  <testcase name="compnycodeeditableornot" classname="com.zinghr.login.index.LoginIndex" time="2.406"/>
  <testcase name="employeecodeeditableornot" classname="com.zinghr.login.index.LoginIndex" time="2.976"/>
  <testcase name="blankcomponycode" classname="com.zinghr.login.index.LoginIndex" time="4.907"/>
  <testcase name="enterdatatopassword" classname="com.zinghr.login.index.LoginIndex" time="2.32"/>
  <testcase name="blankpassword" classname="com.zinghr.login.index.LoginIndex" time="5.029"/>
  <testcase name="blankemployeecode" classname="com.zinghr.login.index.LoginIndex" time="5.03"/>
  <testcase name="invalidcompanycode" classname="com.zinghr.login.index.LoginIndex" time="6.796"/>
  <testcase name="MoreThanTenCharacters" classname="com.zinghr.login.index.LoginIndex" time="7.605"/>
  <testcase name="loginwithvalidcredential" classname="com.zinghr.login.index.LoginIndex" time="3.952"/>
  <testcase name="invalidemployeecode" classname="com.zinghr.login.index.LoginIndex" time="5.483"/>
  <testcase name="invalidpassword" classname="com.zinghr.login.index.LoginIndex" time="4.971"/>
  <testcase name="RememberMeFunctionality" classname="com.zinghr.login.index.LoginIndex" time="43.396"/>
  <testcase name="verifysocialicons" classname="com.zinghr.login.index.LoginIndex" time="47.499"/>
  <testcase name="click_punchin_button_without_enter_data" classname="com.zinghr.login.index.LoginIndex" time="3.86"/>
  <testcase name="click_punchin_button_with_empty_employee_code" classname="com.zinghr.login.index.LoginIndex" time="3.176"/>
  <testcase name="click_punchin_button_with_empty_password" classname="com.zinghr.login.index.LoginIndex" time="4.006"/>
  <testcase name="click_punchin_button_with_invalid_company_code" classname="com.zinghr.login.index.LoginIndex" time="1.867"/>
  <testcase name="click_punchin_button_with_invalid_employee_code" classname="com.zinghr.login.index.LoginIndex" time="7.271"/>
  <testcase name="account_is_blocked" classname="com.zinghr.login.index.LoginIndex" time="14.547">
    <failure message="no such element: Unable to locate element: {&quot;method&quot;:&quot;xpath&quot;,&quot;selector&quot;:&quot;.//iframe[@name=&apos;rendermail&apos;]&quot;}&#10;  (Session info: chrome=47.0.2526.80)&#10;  (Driver info: chromedriver=2.20.353145 (343b531d31eeb933ec778dbcf7081628a1396067),platform=Windows NT 10.0 x86_64) (WARNING: The server did not provide any stacktrace information)&#10;Command duration or timeout: 30.06 seconds&#10;For documentation on this error, please visit: http://seleniumhq.org/exceptions/no_such_element.html&#10;Build info: version: &apos;2.47.1&apos;, revision: &apos;411b314&apos;, time: &apos;2015-07-30 03:03:16&apos;&#10;System info: host: &apos;Dell-PC&apos;, ip: &apos;192.168.1.90&apos;, os.name: &apos;Windows 8.1&apos;, os.arch: &apos;amd64&apos;, os.version: &apos;6.3&apos;, java.version: &apos;1.8.0_51&apos;&#10;Driver info: org.openqa.selenium.chrome.ChromeDriver&#10;Capabilities [{applicationCacheEnabled=false, rotatable=false, mobileEmulationEnabled=false, chrome={userDataDir=C:\Users\Dell\AppData\Local\Temp\scoped_dir4928_16930}, takesHeapSnapshot=true, databaseEnabled=false, handlesAlerts=true, hasTouchScreen=false, version=47.0.2526.80, platform=WIN8_1, browserConnectionEnabled=false, nativeEvents=true, acceptSslCerts=true, locationContextEnabled=true, webStorageEnabled=true, browserName=chrome, takesScreenshot=true, javascriptEnabled=true, cssSelectorsEnabled=true}]&#10;Session ID: d0e33aec6d9767315d8884297141a588&#10;*** Element info: {Using=xpath, value=.//iframe[@name=&apos;rendermail&apos;]}&#10;Command duration or timeout: 30.35 seconds&#10;For documentation on this error, please visit: http://seleniumhq.org/exceptions/no_such_element.html&#10;Build info: version: &apos;2.47.1&apos;, revision: &apos;unknown&apos;, time: &apos;2015-07-30 11:02:44&apos;&#10;System info: host: &apos;Dell-PC&apos;, ip: &apos;192.168.1.90&apos;, os.name: &apos;Windows 8.1&apos;, os.arch: &apos;amd64&apos;, os.version: &apos;6.3&apos;, java.version: &apos;1.8.0_51&apos;&#10;Driver info: org.openqa.selenium.remote.RemoteWebDriver&#10;Capabilities [{applicationCacheEnabled=false, rotatable=false, mobileEmulationEnabled=false, chrome={userDataDir=C:\Users\Dell\AppData\Local\Temp\scoped_dir4928_16930}, takesHeapSnapshot=true, databaseEnabled=false, handlesAlerts=true, hasTouchScreen=false, version=47.0.2526.80, platform=WIN8_1, browserConnectionEnabled=false, nativeEvents=true, acceptSslCerts=true, webdriver.remote.sessionid=9b284739-baa5-470f-9e8e-19d8d5dbe437, locationContextEnabled=true, webStorageEnabled=true, browserName=chrome, takesScreenshot=true, javascriptEnabled=true, cssSelectorsEnabled=true}]&#10;Session ID: 9b284739-baa5-470f-9e8e-19d8d5dbe437&#10;*** Element info: {Using=xpath, value=.//iframe[@name=&apos;rendermail&apos;]}" type="org.openqa.selenium.NoSuchElementException">org.openqa.selenium.NoSuchElementException: no such element: Unable to locate element: {"method":"xpath","selector":".//iframe[@name='rendermail']"}
  (Session info: chrome=47.0.2526.80)
  (Driver info: chromedriver=2.20.353145 (343b531d31eeb933ec778dbcf7081628a1396067),platform=Windows NT 10.0 x86_64) (WARNING: The server did not provide any stacktrace information)
Command duration or timeout: 30.06 seconds
For documentation on this error, please visit: http://seleniumhq.org/exceptions/no_such_element.html
Build info: version: '2.47.1', revision: '411b314', time: '2015-07-30 03:03:16'
System info: host: 'Dell-PC', ip: '192.168.1.90', os.name: 'Windows 8.1', os.arch: 'amd64', os.version: '6.3', java.version: '1.8.0_51'
Driver info: org.openqa.selenium.chrome.ChromeDriver
Capabilities [{applicationCacheEnabled=false, rotatable=false, mobileEmulationEnabled=false, chrome={userDataDir=C:\Users\Dell\AppData\Local\Temp\scoped_dir4928_16930}, takesHeapSnapshot=true, databaseEnabled=false, handlesAlerts=true, hasTouchScreen=false, version=47.0.2526.80, platform=WIN8_1, browserConnectionEnabled=false, nativeEvents=true, acceptSslCerts=true, locationContextEnabled=true, webStorageEnabled=true, browserName=chrome, takesScreenshot=true, javascriptEnabled=true, cssSelectorsEnabled=true}]
Session ID: d0e33aec6d9767315d8884297141a588
*** Element info: {Using=xpath, value=.//iframe[@name='rendermail']}
Command duration or timeout: 30.35 seconds
For documentation on this error, please visit: http://seleniumhq.org/exceptions/no_such_element.html
Build info: version: '2.47.1', revision: 'unknown', time: '2015-07-30 11:02:44'
System info: host: 'Dell-PC', ip: '192.168.1.90', os.name: 'Windows 8.1', os.arch: 'amd64', os.version: '6.3', java.version: '1.8.0_51'
Driver info: org.openqa.selenium.remote.RemoteWebDriver
Capabilities [{applicationCacheEnabled=false, rotatable=false, mobileEmulationEnabled=false, chrome={userDataDir=C:\Users\Dell\AppData\Local\Temp\scoped_dir4928_16930}, takesHeapSnapshot=true, databaseEnabled=false, handlesAlerts=true, hasTouchScreen=false, version=47.0.2526.80, platform=WIN8_1, browserConnectionEnabled=false, nativeEvents=true, acceptSslCerts=true, webdriver.remote.sessionid=9b284739-baa5-470f-9e8e-19d8d5dbe437, locationContextEnabled=true, webStorageEnabled=true, browserName=chrome, takesScreenshot=true, javascriptEnabled=true, cssSelectorsEnabled=true}]
Session ID: 9b284739-baa5-470f-9e8e-19d8d5dbe437
*** Element info: {Using=xpath, value=.//iframe[@name='rendermail']}
	at org.openqa.selenium.remote.ErrorHandler.throwIfResponseFailed(ErrorHandler.java:138)
	at org.openqa.selenium.remote.RemoteWebDriver.execute(RemoteWebDriver.java:595)
	at org.openqa.selenium.remote.RemoteWebDriver.findElement(RemoteWebDriver.java:348)
	at org.openqa.selenium.remote.RemoteWebDriver.findElementByXPath(RemoteWebDriver.java:445)
	at org.openqa.selenium.By$ByXPath.findElement(By.java:358)
	at org.openqa.selenium.remote.RemoteWebDriver.findElement(RemoteWebDriver.java:340)
	at com.zinghr.signup.indexPage.SignupIndexPage.clickHereButton(SignupIndexPage.java:258)
	at com.zinghr.signup.indexPage.SignupIndexPage.activateSuccessfully(SignupIndexPage.java:887)
	at com.zinghr.login.index.LoginIndex.account_is_blocked(LoginIndex.java:320)
Caused by: org.openqa.selenium.NoSuchElementException: no such element: Unable to locate element: {"method":"xpath","selector":".//iframe[@name='rendermail']"}
  (Session info: chrome=47.0.2526.80)
  (Driver info: chromedriver=2.20.353145 (343b531d31eeb933ec778dbcf7081628a1396067),platform=Windows NT 10.0 x86_64) (WARNING: The server did not provide any stacktrace information)
Command duration or timeout: 30.06 seconds
For documentation on this error, please visit: http://seleniumhq.org/exceptions/no_such_element.html
Build info: version: '2.47.1', revision: '411b314', time: '2015-07-30 03:03:16'
System info: host: 'Dell-PC', ip: '192.168.1.90', os.name: 'Windows 8.1', os.arch: 'amd64', os.version: '6.3', java.version: '1.8.0_51'
Driver info: org.openqa.selenium.chrome.ChromeDriver
Capabilities [{applicationCacheEnabled=false, rotatable=false, mobileEmulationEnabled=false, chrome={userDataDir=C:\Users\Dell\AppData\Local\Temp\scoped_dir4928_16930}, takesHeapSnapshot=true, databaseEnabled=false, handlesAlerts=true, hasTouchScreen=false, version=47.0.2526.80, platform=WIN8_1, browserConnectionEnabled=false, nativeEvents=true, acceptSslCerts=true, locationContextEnabled=true, webStorageEnabled=true, browserName=chrome, takesScreenshot=true, javascriptEnabled=true, cssSelectorsEnabled=true}]
Session ID: d0e33aec6d9767315d8884297141a588
*** Element info: {Using=xpath, value=.//iframe[@name='rendermail']}
For documentation on this error, please visit: http://seleniumhq.org/exceptions/no_such_element.html
Build info: version: '2.47.1', revision: 'unknown', time: '2015-07-30 11:02:44'
System info: host: 'Dell-PC', ip: '192.168.1.90', os.name: 'Windows 8.1', os.arch: 'amd64', os.version: '6.3', java.version: '1.8.0_51'
Driver info: driver.version: EventFiringWebDriver
	at sun.reflect.NativeConstructorAccessorImpl.newInstance0(Native Method)
	at sun.reflect.NativeConstructorAccessorImpl.newInstance(Unknown Source)
	at sun.reflect.DelegatingConstructorAccessorImpl.newInstance(Unknown Source)
	at java.lang.reflect.Constructor.newInstance(Unknown Source)
	at org.openqa.selenium.remote.ErrorHandler.createThrowable(ErrorHandler.java:206)
	at org.openqa.selenium.remote.ErrorHandler.throwIfResponseFailed(ErrorHandler.java:158)
	at org.openqa.selenium.remote.RemoteWebDriver.execute(RemoteWebDriver.java:595)
	at org.openqa.selenium.remote.RemoteWebDriver.findElement(RemoteWebDriver.java:348)
	at org.openqa.selenium.remote.RemoteWebDriver.findElementByXPath(RemoteWebDriver.java:445)
	at org.openqa.selenium.By$ByXPath.findElement(By.java:358)
	at org.openqa.selenium.remote.RemoteWebDriver.findElement(RemoteWebDriver.java:340)
	at sun.reflect.GeneratedMethodAccessor10.invoke(Unknown Source)
	at sun.reflect.DelegatingMethodAccessorImpl.invoke(Unknown Source)
	at java.lang.reflect.Method.invoke(Unknown Source)
	at org.openqa.selenium.support.events.EventFiringWebDriver$2.invoke(EventFiringWebDriver.java:102)
	at com.sun.proxy.$Proxy1.findElement(Unknown Source)
	at org.openqa.selenium.support.events.EventFiringWebDriver.findElement(EventFiringWebDriver.java:185)
	at org.openqa.selenium.remote.server.handler.FindElement.call(FindElement.java:48)
	at org.openqa.selenium.remote.server.handler.FindElement.call(FindElement.java:1)
	at java.util.concurrent.FutureTask.run(Unknown Source)
	at org.openqa.selenium.remote.server.DefaultSession$1.run(DefaultSession.java:176)
	at java.util.concurrent.ThreadPoolExecutor.runWorker(Unknown Source)
	at java.util.concurrent.ThreadPoolExecutor$Worker.run(Unknown Source)
	at java.lang.Thread.run(Unknown Source)
</failure>
    <system-out><![CDATA[TEST PASSED - click_punchin_button_with_invalid_company_code

here is test status--------------------1
]]></system-out>
  </testcase>
  <testcase name="after_account_is_blocked" classname="com.zinghr.login.index.LoginIndex" time="0.891">
    <failure message="unknown error: keys should be a string&#10;  (Session info: chrome=47.0.2526.80)&#10;  (Driver info: chromedriver=2.20.353145 (343b531d31eeb933ec778dbcf7081628a1396067),platform=Windows NT 10.0 x86_64) (WARNING: The server did not provide any stacktrace information)&#10;Command duration or timeout: 69 milliseconds&#10;Build info: version: &apos;2.47.1&apos;, revision: &apos;411b314&apos;, time: &apos;2015-07-30 03:03:16&apos;&#10;System info: host: &apos;Dell-PC&apos;, ip: &apos;192.168.1.90&apos;, os.name: &apos;Windows 8.1&apos;, os.arch: &apos;amd64&apos;, os.version: &apos;6.3&apos;, java.version: &apos;1.8.0_51&apos;&#10;Driver info: org.openqa.selenium.chrome.ChromeDriver&#10;Capabilities [{applicationCacheEnabled=false, rotatable=false, mobileEmulationEnabled=false, chrome={userDataDir=C:\Users\Dell\AppData\Local\Temp\scoped_dir4848_12876}, takesHeapSnapshot=true, databaseEnabled=false, handlesAlerts=true, hasTouchScreen=false, version=47.0.2526.80, platform=WIN8_1, browserConnectionEnabled=false, nativeEvents=true, acceptSslCerts=true, locationContextEnabled=true, webStorageEnabled=true, browserName=chrome, takesScreenshot=true, javascriptEnabled=true, cssSelectorsEnabled=true}]&#10;Session ID: 90162526cb5732d56047f8055274ba76&#10;Command duration or timeout: 302 milliseconds&#10;Build info: version: &apos;2.47.1&apos;, revision: &apos;unknown&apos;, time: &apos;2015-07-30 11:02:44&apos;&#10;System info: host: &apos;Dell-PC&apos;, ip: &apos;192.168.1.90&apos;, os.name: &apos;Windows 8.1&apos;, os.arch: &apos;amd64&apos;, os.version: &apos;6.3&apos;, java.version: &apos;1.8.0_51&apos;&#10;Driver info: org.openqa.selenium.remote.RemoteWebDriver&#10;Capabilities [{applicationCacheEnabled=false, rotatable=false, mobileEmulationEnabled=false, chrome={userDataDir=C:\Users\Dell\AppData\Local\Temp\scoped_dir4848_12876}, takesHeapSnapshot=true, databaseEnabled=false, handlesAlerts=true, hasTouchScreen=false, version=47.0.2526.80, platform=WIN8_1, browserConnectionEnabled=false, nativeEvents=true, acceptSslCerts=true, webdriver.remote.sessionid=9ecab7a9-d00c-42b2-aa2e-ee8f6854c3bf, locationContextEnabled=true, webStorageEnabled=true, browserName=chrome, takesScreenshot=true, javascriptEnabled=true, cssSelectorsEnabled=true}]&#10;Session ID: 9ecab7a9-d00c-42b2-aa2e-ee8f6854c3bf" type="org.openqa.selenium.WebDriverException">org.openqa.selenium.WebDriverException: unknown error: keys should be a string
  (Session info: chrome=47.0.2526.80)
  (Driver info: chromedriver=2.20.353145 (343b531d31eeb933ec778dbcf7081628a1396067),platform=Windows NT 10.0 x86_64) (WARNING: The server did not provide any stacktrace information)
Command duration or timeout: 69 milliseconds
Build info: version: '2.47.1', revision: '411b314', time: '2015-07-30 03:03:16'
System info: host: 'Dell-PC', ip: '192.168.1.90', os.name: 'Windows 8.1', os.arch: 'amd64', os.version: '6.3', java.version: '1.8.0_51'
Driver info: org.openqa.selenium.chrome.ChromeDriver
Capabilities [{applicationCacheEnabled=false, rotatable=false, mobileEmulationEnabled=false, chrome={userDataDir=C:\Users\Dell\AppData\Local\Temp\scoped_dir4848_12876}, takesHeapSnapshot=true, databaseEnabled=false, handlesAlerts=true, hasTouchScreen=false, version=47.0.2526.80, platform=WIN8_1, browserConnectionEnabled=false, nativeEvents=true, acceptSslCerts=true, locationContextEnabled=true, webStorageEnabled=true, browserName=chrome, takesScreenshot=true, javascriptEnabled=true, cssSelectorsEnabled=true}]
Session ID: 90162526cb5732d56047f8055274ba76
Command duration or timeout: 302 milliseconds
Build info: version: '2.47.1', revision: 'unknown', time: '2015-07-30 11:02:44'
System info: host: 'Dell-PC', ip: '192.168.1.90', os.name: 'Windows 8.1', os.arch: 'amd64', os.version: '6.3', java.version: '1.8.0_51'
Driver info: org.openqa.selenium.remote.RemoteWebDriver
Capabilities [{applicationCacheEnabled=false, rotatable=false, mobileEmulationEnabled=false, chrome={userDataDir=C:\Users\Dell\AppData\Local\Temp\scoped_dir4848_12876}, takesHeapSnapshot=true, databaseEnabled=false, handlesAlerts=true, hasTouchScreen=false, version=47.0.2526.80, platform=WIN8_1, browserConnectionEnabled=false, nativeEvents=true, acceptSslCerts=true, webdriver.remote.sessionid=9ecab7a9-d00c-42b2-aa2e-ee8f6854c3bf, locationContextEnabled=true, webStorageEnabled=true, browserName=chrome, takesScreenshot=true, javascriptEnabled=true, cssSelectorsEnabled=true}]
Session ID: 9ecab7a9-d00c-42b2-aa2e-ee8f6854c3bf
	at org.openqa.selenium.remote.ErrorHandler.throwIfResponseFailed(ErrorHandler.java:138)
	at org.openqa.selenium.remote.RemoteWebDriver.execute(RemoteWebDriver.java:595)
	at org.openqa.selenium.remote.RemoteWebElement.execute(RemoteWebElement.java:273)
	at org.openqa.selenium.remote.RemoteWebElement.sendKeys(RemoteWebElement.java:94)
	at sun.reflect.GeneratedMethodAccessor17.invoke(Unknown Source)
	at sun.reflect.DelegatingMethodAccessorImpl.invoke(DelegatingMethodAccessorImpl.java:43)
	at java.lang.reflect.Method.invoke(Method.java:497)
	at org.openqa.selenium.support.pagefactory.internal.LocatingElementHandler.invoke(LocatingElementHandler.java:51)
	at com.sun.proxy.$Proxy8.sendKeys(Unknown Source)
	at com.zinghr.init.Common.type(Common.java:733)
	at com.zinghr.login.indexPage.LoginIndexPage.enterCompanyCode(LoginIndexPage.java:118)
	at com.zinghr.login.indexPage.LoginIndexPage.afteraccountblocked(LoginIndexPage.java:283)
	at com.zinghr.login.index.LoginIndex.after_account_is_blocked(LoginIndex.java:359)
Caused by: org.openqa.selenium.WebDriverException: unknown error: keys should be a string
  (Session info: chrome=47.0.2526.80)
  (Driver info: chromedriver=2.20.353145 (343b531d31eeb933ec778dbcf7081628a1396067),platform=Windows NT 10.0 x86_64) (WARNING: The server did not provide any stacktrace information)
Command duration or timeout: 69 milliseconds
Build info: version: '2.47.1', revision: '411b314', time: '2015-07-30 03:03:16'
System info: host: 'Dell-PC', ip: '192.168.1.90', os.name: 'Windows 8.1', os.arch: 'amd64', os.version: '6.3', java.version: '1.8.0_51'
Driver info: org.openqa.selenium.chrome.ChromeDriver
Capabilities [{applicationCacheEnabled=false, rotatable=false, mobileEmulationEnabled=false, chrome={userDataDir=C:\Users\Dell\AppData\Local\Temp\scoped_dir4848_12876}, takesHeapSnapshot=true, databaseEnabled=false, handlesAlerts=true, hasTouchScreen=false, version=47.0.2526.80, platform=WIN8_1, browserConnectionEnabled=false, nativeEvents=true, acceptSslCerts=true, locationContextEnabled=true, webStorageEnabled=true, browserName=chrome, takesScreenshot=true, javascriptEnabled=true, cssSelectorsEnabled=true}]
Session ID: 90162526cb5732d56047f8055274ba76
Build info: version: '2.47.1', revision: 'unknown', time: '2015-07-30 11:02:44'
System info: host: 'Dell-PC', ip: '192.168.1.90', os.name: 'Windows 8.1', os.arch: 'amd64', os.version: '6.3', java.version: '1.8.0_51'
Driver info: driver.version: RemoteWebDriver
	at sun.reflect.NativeConstructorAccessorImpl.newInstance0(Native Method)
	at sun.reflect.NativeConstructorAccessorImpl.newInstance(Unknown Source)
	at sun.reflect.DelegatingConstructorAccessorImpl.newInstance(Unknown Source)
	at java.lang.reflect.Constructor.newInstance(Unknown Source)
	at org.openqa.selenium.remote.ErrorHandler.createThrowable(ErrorHandler.java:206)
	at org.openqa.selenium.remote.ErrorHandler.throwIfResponseFailed(ErrorHandler.java:158)
	at org.openqa.selenium.remote.RemoteWebDriver.execute(RemoteWebDriver.java:595)
	at org.openqa.selenium.remote.RemoteWebElement.execute(RemoteWebElement.java:273)
	at org.openqa.selenium.remote.RemoteWebElement.sendKeys(RemoteWebElement.java:94)
	at sun.reflect.GeneratedMethodAccessor15.invoke(Unknown Source)
	at sun.reflect.DelegatingMethodAccessorImpl.invoke(Unknown Source)
	at java.lang.reflect.Method.invoke(Unknown Source)
	at org.openqa.selenium.support.events.EventFiringWebDriver$EventFiringWebElement$1.invoke(EventFiringWebDriver.java:332)
	at com.sun.proxy.$Proxy2.sendKeys(Unknown Source)
	at org.openqa.selenium.support.events.EventFiringWebDriver$EventFiringWebElement.sendKeys(EventFiringWebDriver.java:355)
	at sun.reflect.GeneratedMethodAccessor15.invoke(Unknown Source)
	at sun.reflect.DelegatingMethodAccessorImpl.invoke(Unknown Source)
	at java.lang.reflect.Method.invoke(Unknown Source)
	at org.openqa.selenium.remote.server.KnownElements$1.invoke(KnownElements.java:64)
	at com.sun.proxy.$Proxy3.sendKeys(Unknown Source)
	at org.openqa.selenium.remote.server.handler.SendKeys.call(SendKeys.java:50)
	at org.openqa.selenium.remote.server.handler.SendKeys.call(SendKeys.java:1)
	at java.util.concurrent.FutureTask.run(Unknown Source)
	at org.openqa.selenium.remote.server.DefaultSession$1.run(DefaultSession.java:176)
	at java.util.concurrent.ThreadPoolExecutor.runWorker(Unknown Source)
	at java.util.concurrent.ThreadPoolExecutor$Worker.run(Unknown Source)
	at java.lang.Thread.run(Unknown Source)
</failure>
    <system-out><![CDATA[
TEST FAILED - account_is_blocked

ERROR MESSAGE: org.openqa.selenium.NoSuchElementException: no such element: Unable to locate element: {"method":"xpath","selector":".//iframe[@name='rendermail']"}
  (Session info: chrome=47.0.2526.80)
  (Driver info: chromedriver=2.20.353145 (343b531d31eeb933ec778dbcf7081628a1396067),platform=Windows NT 10.0 x86_64) (WARNING: The server did not provide any stacktrace information)
Command duration or timeout: 30.06 seconds
For documentation on this error, please visit: http://seleniumhq.org/exceptions/no_such_element.html
Build info: version: '2.47.1', revision: '411b314', time: '2015-07-30 03:03:16'
System info: host: 'Dell-PC', ip: '192.168.1.90', os.name: 'Windows 8.1', os.arch: 'amd64', os.version: '6.3', java.version: '1.8.0_51'
Driver info: org.openqa.selenium.chrome.ChromeDriver
Capabilities [{applicationCacheEnabled=false, rotatable=false, mobileEmulationEnabled=false, chrome={userDataDir=C:\Users\Dell\AppData\Local\Temp\scoped_dir4928_16930}, takesHeapSnapshot=true, databaseEnabled=false, handlesAlerts=true, hasTouchScreen=false, version=47.0.2526.80, platform=WIN8_1, browserConnectionEnabled=false, nativeEvents=true, acceptSslCerts=true, locationContextEnabled=true, webStorageEnabled=true, browserName=chrome, takesScreenshot=true, javascriptEnabled=true, cssSelectorsEnabled=true}]
Session ID: d0e33aec6d9767315d8884297141a588
*** Element info: {Using=xpath, value=.//iframe[@name='rendermail']}
Command duration or timeout: 30.35 seconds
For documentation on this error, please visit: http://seleniumhq.org/exceptions/no_such_element.html
Build info: version: '2.47.1', revision: 'unknown', time: '2015-07-30 11:02:44'
System info: host: 'Dell-PC', ip: '192.168.1.90', os.name: 'Windows 8.1', os.arch: 'amd64', os.version: '6.3', java.version: '1.8.0_51'
Driver info: org.openqa.selenium.remote.RemoteWebDriver
Capabilities [{applicationCacheEnabled=false, rotatable=false, mobileEmulationEnabled=false, chrome={userDataDir=C:\Users\Dell\AppData\Local\Temp\scoped_dir4928_16930}, takesHeapSnapshot=true, databaseEnabled=false, handlesAlerts=true, hasTouchScreen=false, version=47.0.2526.80, platform=WIN8_1, browserConnectionEnabled=false, nativeEvents=true, acceptSslCerts=true, webdriver.remote.sessionid=9b284739-baa5-470f-9e8e-19d8d5dbe437, locationContextEnabled=true, webStorageEnabled=true, browserName=chrome, takesScreenshot=true, javascriptEnabled=true, cssSelectorsEnabled=true}]
Session ID: 9b284739-baa5-470f-9e8e-19d8d5dbe437
*** Element info: {Using=xpath, value=.//iframe[@name='rendermail']}


<h3>Failure Reason:</h3>
org.openqa.selenium.NoSuchElementException: no such element: Unable to locate element: {&quot;method&quot;:&quot;xpath&quot;,&quot;selector&quot;:&quot;.//iframe[@name=&apos;rendermail&apos;]&quot;}
here is test status--------------------2
TEST PASSED - click_punchin_button_with_invalid_employee_code

here is test status--------------------1
full path C:\Users\Dell\git\ZINGHR-Automation-Project1\Resource\DataConfiguration.xlsx con C:\Users\Dell\git\ZINGHR-Automation-Project1\Resource\DataConfiguration.xlsx
======http://automation.zinghr.com/2015/Pages/Authentication/Login.aspx=========
full path C:\Users\Dell\git\ZINGHR-Automation-Project1\Resource\DataConfiguration.xlsx con C:\Users\Dell\git\ZINGHR-Automation-Project1\Resource\DataConfiguration.xlsx
======http://automation.zinghr.com/2015/Pages/Authentication/Login.aspx=========
Current Window Handle ID:--->CDwindow-8A957FFF-D6C5-4DAA-9538-1BC0EDC12108
Current Xml Suite is:---->ZingHR - Login
======Abstract Page======
======Abstract Page======
======Abstract Page======
======Abstract Page======
======Abstract Page======
======Abstract Page======
======Abstract Page======
======Abstract Page======
======Abstract Page======
======Abstract Page======
======Abstract Page======
======Abstract Page======
======Abstract Page======
======Abstract Page======
======Abstract Page======
======Abstract Page======
======Abstract Page======
Test Case Id : L_23 
Step 1 : Open url:<a href=null>null</a>
======Abstract Page======
Verify that ZingHR login page is open or not.
pass
Step 2: Enter Company Code:KIWITESTQA
Step 3: Enter Employee Code:Admin
Step 4: Enter invalid password:Baps@200
Step 5: Click on Punch In button
======Abstract Page======
======Abstract Page======
======Abstract Page======
full path C:\Users\Dell\git\ZINGHR-Automation-Project1\Resource\DataConfiguration.xlsx con C:\Users\Dell\git\ZINGHR-Automation-Project1\Resource\DataConfiguration.xlsx
======http://automation.zinghr.com/2015/Pages/Authentication/Login.aspx=========
======Abstract Page======
To verify that appropriate error message is displayed when user Punch Ins with invalid password
Current Window Handle ID:--->CDwindow-13025F54-6724-4B71-AD4D-B03C81F1F2B5
Current Xml Suite is:---->ZingHR - Login
======Abstract Page======
======Abstract Page======
======Abstract Page======
======Abstract Page======
======Abstract Page======
======Abstract Page======
======Abstract Page======
======Abstract Page======
======Abstract Page======
======Abstract Page======
======Abstract Page======
======Abstract Page======
======Abstract Page======
======Abstract Page======
======Abstract Page======
======Abstract Page======
======Abstract Page======
Test Case Id : L_14 
Step 1 : Open url:<a href=null>null</a>
======Abstract Page======
Verify that ZingHR login page is open or not.
pass
Step 2: Enter Company Code:null
Step 3: Enter Employee Code:ADMIN
Step 4: Enter Password: Baps@200
null
]]></system-out>
  </testcase>
  <testcase name="click_punchin_button_with_invalid_password" classname="com.zinghr.login.index.LoginIndex" time="1.221"/>
  <testcase name="click_punchin_button_with_valid_data_credential_not_store_in_db" classname="com.zinghr.login.index.LoginIndex" time="3.719"/>
  <testcase name="Forgot_password_landing_page" classname="com.zinghr.login.index.LoginIndex" time="4.562"/>
  <testcase name="Fargot_password_enter_data_in_company_employee_code" classname="com.zinghr.login.index.LoginIndex" time="5.142"/>
  <testcase name="Fargot_password_enter_invalid_data_in_company_employee_code" classname="com.zinghr.login.index.LoginIndex" time="1.808"/>
  <testcase name="Fargot_password_enter_valid_data_in_company_employee_code" classname="com.zinghr.login.index.LoginIndex" time="11.779"/>
  <testcase name="back_to_login_button" classname="com.zinghr.login.index.LoginIndex" time="9.227"/>
  <testcase name="companynameFieldBlank" classname="com.zinghr.signup.index.SignupIndex" time="10.591">
    <failure message="element not visible&#10;  (Session info: chrome=47.0.2526.80)&#10;  (Driver info: chromedriver=2.20.353145 (343b531d31eeb933ec778dbcf7081628a1396067),platform=Windows NT 10.0 x86_64) (WARNING: The server did not provide any stacktrace information)&#10;Command duration or timeout: 25 milliseconds&#10;Build info: version: &apos;2.47.1&apos;, revision: &apos;411b314&apos;, time: &apos;2015-07-30 03:03:16&apos;&#10;System info: host: &apos;Dell-PC&apos;, ip: &apos;192.168.1.90&apos;, os.name: &apos;Windows 8.1&apos;, os.arch: &apos;amd64&apos;, os.version: &apos;6.3&apos;, java.version: &apos;1.8.0_51&apos;&#10;Driver info: org.openqa.selenium.chrome.ChromeDriver&#10;Capabilities [{applicationCacheEnabled=false, rotatable=false, mobileEmulationEnabled=false, chrome={userDataDir=C:\Users\Dell\AppData\Local\Temp\scoped_dir12972_20599}, takesHeapSnapshot=true, databaseEnabled=false, handlesAlerts=true, hasTouchScreen=false, version=47.0.2526.80, platform=WIN8_1, browserConnectionEnabled=false, nativeEvents=true, acceptSslCerts=true, locationContextEnabled=true, webStorageEnabled=true, browserName=chrome, takesScreenshot=true, javascriptEnabled=true, cssSelectorsEnabled=true}]&#10;Session ID: 7d174614264f67aeb967fe18a384c47a&#10;Command duration or timeout: 506 milliseconds&#10;Build info: version: &apos;2.47.1&apos;, revision: &apos;unknown&apos;, time: &apos;2015-07-30 11:02:44&apos;&#10;System info: host: &apos;Dell-PC&apos;, ip: &apos;192.168.1.90&apos;, os.name: &apos;Windows 8.1&apos;, os.arch: &apos;amd64&apos;, os.version: &apos;6.3&apos;, java.version: &apos;1.8.0_51&apos;&#10;Driver info: org.openqa.selenium.remote.RemoteWebDriver&#10;Capabilities [{applicationCacheEnabled=false, rotatable=false, mobileEmulationEnabled=false, chrome={userDataDir=C:\Users\Dell\AppData\Local\Temp\scoped_dir12972_20599}, takesHeapSnapshot=true, databaseEnabled=false, handlesAlerts=true, hasTouchScreen=false, version=47.0.2526.80, platform=WIN8_1, browserConnectionEnabled=false, nativeEvents=true, acceptSslCerts=true, webdriver.remote.sessionid=1c98f166-e48e-4de0-9069-25fa1988267d, locationContextEnabled=true, webStorageEnabled=true, browserName=chrome, takesScreenshot=true, javascriptEnabled=true, cssSelectorsEnabled=true}]&#10;Session ID: 1c98f166-e48e-4de0-9069-25fa1988267d" type="org.openqa.selenium.ElementNotVisibleException">org.openqa.selenium.ElementNotVisibleException: element not visible
  (Session info: chrome=47.0.2526.80)
  (Driver info: chromedriver=2.20.353145 (343b531d31eeb933ec778dbcf7081628a1396067),platform=Windows NT 10.0 x86_64) (WARNING: The server did not provide any stacktrace information)
Command duration or timeout: 25 milliseconds
Build info: version: '2.47.1', revision: '411b314', time: '2015-07-30 03:03:16'
System info: host: 'Dell-PC', ip: '192.168.1.90', os.name: 'Windows 8.1', os.arch: 'amd64', os.version: '6.3', java.version: '1.8.0_51'
Driver info: org.openqa.selenium.chrome.ChromeDriver
Capabilities [{applicationCacheEnabled=false, rotatable=false, mobileEmulationEnabled=false, chrome={userDataDir=C:\Users\Dell\AppData\Local\Temp\scoped_dir12972_20599}, takesHeapSnapshot=true, databaseEnabled=false, handlesAlerts=true, hasTouchScreen=false, version=47.0.2526.80, platform=WIN8_1, browserConnectionEnabled=false, nativeEvents=true, acceptSslCerts=true, locationContextEnabled=true, webStorageEnabled=true, browserName=chrome, takesScreenshot=true, javascriptEnabled=true, cssSelectorsEnabled=true}]
Session ID: 7d174614264f67aeb967fe18a384c47a
Command duration or timeout: 506 milliseconds
Build info: version: '2.47.1', revision: 'unknown', time: '2015-07-30 11:02:44'
System info: host: 'Dell-PC', ip: '192.168.1.90', os.name: 'Windows 8.1', os.arch: 'amd64', os.version: '6.3', java.version: '1.8.0_51'
Driver info: org.openqa.selenium.remote.RemoteWebDriver
Capabilities [{applicationCacheEnabled=false, rotatable=false, mobileEmulationEnabled=false, chrome={userDataDir=C:\Users\Dell\AppData\Local\Temp\scoped_dir12972_20599}, takesHeapSnapshot=true, databaseEnabled=false, handlesAlerts=true, hasTouchScreen=false, version=47.0.2526.80, platform=WIN8_1, browserConnectionEnabled=false, nativeEvents=true, acceptSslCerts=true, webdriver.remote.sessionid=1c98f166-e48e-4de0-9069-25fa1988267d, locationContextEnabled=true, webStorageEnabled=true, browserName=chrome, takesScreenshot=true, javascriptEnabled=true, cssSelectorsEnabled=true}]
Session ID: 1c98f166-e48e-4de0-9069-25fa1988267d
	at org.openqa.selenium.remote.ErrorHandler.throwIfResponseFailed(ErrorHandler.java:138)
	at org.openqa.selenium.remote.RemoteWebDriver.execute(RemoteWebDriver.java:595)
	at org.openqa.selenium.remote.RemoteWebElement.execute(RemoteWebElement.java:273)
	at org.openqa.selenium.remote.RemoteWebElement.click(RemoteWebElement.java:84)
	at com.zinghr.signup.indexPage.SignupIndexPage.selectOthercountry(SignupIndexPage.java:150)
	at com.zinghr.signup.indexPage.SignupIndexPage.blankCompanyCode(SignupIndexPage.java:359)
	at com.zinghr.signup.index.SignupIndex.companynameFieldBlank(SignupIndex.java:76)
Caused by: org.openqa.selenium.ElementNotVisibleException: element not visible
  (Session info: chrome=47.0.2526.80)
  (Driver info: chromedriver=2.20.353145 (343b531d31eeb933ec778dbcf7081628a1396067),platform=Windows NT 10.0 x86_64) (WARNING: The server did not provide any stacktrace information)
Command duration or timeout: 25 milliseconds
Build info: version: '2.47.1', revision: '411b314', time: '2015-07-30 03:03:16'
System info: host: 'Dell-PC', ip: '192.168.1.90', os.name: 'Windows 8.1', os.arch: 'amd64', os.version: '6.3', java.version: '1.8.0_51'
Driver info: org.openqa.selenium.chrome.ChromeDriver
Capabilities [{applicationCacheEnabled=false, rotatable=false, mobileEmulationEnabled=false, chrome={userDataDir=C:\Users\Dell\AppData\Local\Temp\scoped_dir12972_20599}, takesHeapSnapshot=true, databaseEnabled=false, handlesAlerts=true, hasTouchScreen=false, version=47.0.2526.80, platform=WIN8_1, browserConnectionEnabled=false, nativeEvents=true, acceptSslCerts=true, locationContextEnabled=true, webStorageEnabled=true, browserName=chrome, takesScreenshot=true, javascriptEnabled=true, cssSelectorsEnabled=true}]
Session ID: 7d174614264f67aeb967fe18a384c47a
Build info: version: '2.47.1', revision: 'unknown', time: '2015-07-30 11:02:44'
System info: host: 'Dell-PC', ip: '192.168.1.90', os.name: 'Windows 8.1', os.arch: 'amd64', os.version: '6.3', java.version: '1.8.0_51'
Driver info: driver.version: RemoteWebDriver
	at sun.reflect.NativeConstructorAccessorImpl.newInstance0(Native Method)
	at sun.reflect.NativeConstructorAccessorImpl.newInstance(Unknown Source)
	at sun.reflect.DelegatingConstructorAccessorImpl.newInstance(Unknown Source)
	at java.lang.reflect.Constructor.newInstance(Unknown Source)
	at org.openqa.selenium.remote.ErrorHandler.createThrowable(ErrorHandler.java:206)
	at org.openqa.selenium.remote.ErrorHandler.throwIfResponseFailed(ErrorHandler.java:158)
	at org.openqa.selenium.remote.RemoteWebDriver.execute(RemoteWebDriver.java:595)
	at org.openqa.selenium.remote.RemoteWebElement.execute(RemoteWebElement.java:273)
	at org.openqa.selenium.remote.RemoteWebElement.click(RemoteWebElement.java:84)
	at sun.reflect.GeneratedMethodAccessor26.invoke(Unknown Source)
	at sun.reflect.DelegatingMethodAccessorImpl.invoke(Unknown Source)
	at java.lang.reflect.Method.invoke(Unknown Source)
	at org.openqa.selenium.support.events.EventFiringWebDriver$EventFiringWebElement$1.invoke(EventFiringWebDriver.java:332)
	at com.sun.proxy.$Proxy2.click(Unknown Source)
	at org.openqa.selenium.support.events.EventFiringWebDriver$EventFiringWebElement.click(EventFiringWebDriver.java:345)
	at sun.reflect.GeneratedMethodAccessor26.invoke(Unknown Source)
	at sun.reflect.DelegatingMethodAccessorImpl.invoke(Unknown Source)
	at java.lang.reflect.Method.invoke(Unknown Source)
	at org.openqa.selenium.remote.server.KnownElements$1.invoke(KnownElements.java:64)
	at com.sun.proxy.$Proxy3.click(Unknown Source)
	at org.openqa.selenium.remote.server.handler.ClickElement.call(ClickElement.java:30)
	at org.openqa.selenium.remote.server.handler.ClickElement.call(ClickElement.java:1)
	at java.util.concurrent.FutureTask.run(Unknown Source)
	at org.openqa.selenium.remote.server.DefaultSession$1.run(DefaultSession.java:176)
	at java.util.concurrent.ThreadPoolExecutor.runWorker(Unknown Source)
	at java.util.concurrent.ThreadPoolExecutor$Worker.run(Unknown Source)
	at java.lang.Thread.run(Unknown Source)
</failure>
    <system-out><![CDATA[TEST PASSED - back_to_login_button

here is test status--------------------1
full path C:\Users\Dell\git\ZINGHR-Automation-Project1\Resource\DataConfiguration.xlsx con C:\Users\Dell\git\ZINGHR-Automation-Project1\Resource\DataConfiguration.xlsx
======http://automation.zinghr.com/2015/Pages/Authentication/Signup.aspx=========
full path C:\Users\Dell\git\ZINGHR-Automation-Project1\Resource\DataConfiguration.xlsx con C:\Users\Dell\git\ZINGHR-Automation-Project1\Resource\DataConfiguration.xlsx
======http://automation.zinghr.com/2015/Pages/Authentication/Signup.aspx=========
full path C:\Users\Dell\git\ZINGHR-Automation-Project1\Resource\DataConfiguration.xlsx con C:\Users\Dell\git\ZINGHR-Automation-Project1\Resource\DataConfiguration.xlsx
======http://automation.zinghr.com/2015/Pages/Authentication/Signup.aspx=========
full path C:\Users\Dell\git\ZINGHR-Automation-Project1\Resource\DataConfiguration.xlsx con C:\Users\Dell\git\ZINGHR-Automation-Project1\Resource\DataConfiguration.xlsx
======http://automation.zinghr.com/2015/Pages/Authentication/Signup.aspx=========
full path C:\Users\Dell\git\ZINGHR-Automation-Project1\Resource\DataConfiguration.xlsx con C:\Users\Dell\git\ZINGHR-Automation-Project1\Resource\DataConfiguration.xlsx
======http://automation.zinghr.com/2015/Pages/Authentication/Signup.aspx=========
Current Window Handle ID:--->CDwindow-99EB640E-AB03-4E21-8C18-6357A1D7A9FC
Current Xml Suite is:---->ZingHR - SignUp
======Abstract Page======
======Abstract Page======
======Abstract Page======
======Abstract Page======
======Abstract Page======
======Abstract Page======
======Abstract Page======
======Abstract Page======
======Abstract Page======
======Abstract Page======
======Abstract Page======
======Abstract Page======
======Abstract Page======
======Abstract Page======
======Abstract Page======
======Abstract Page======
======Abstract Page======
Test Case Id : SU_04 
Testcase Discription : Field validation for 'Company name' field
Step 1 : Open url:<a>null</a>
Step 2: Enter Blank space in company Name:  
Current Window Handle ID:--->CDwindow-5FC0A1F4-F998-454E-8B91-56425010C270
Current Xml Suite is:---->ZingHR - SignUp
======Abstract Page======
======Abstract Page======
======Abstract Page======
======Abstract Page======
======Abstract Page======
======Abstract Page======
Current Window Handle ID:--->CDwindow-70726CB9-46AA-4757-87C1-B1DC2BE912F0
Current Xml Suite is:---->ZingHR - SignUp
======Abstract Page======
======Abstract Page======
======Abstract Page======
======Abstract Page======
======Abstract Page======
======Abstract Page======
======Abstract Page======
======Abstract Page======
======Abstract Page======
======Abstract Page======
======Abstract Page======
======Abstract Page======
======Abstract Page======
======Abstract Page======
Test Case Id : SU_08 
Testcase Discription : Field validation for 'Display name' field
Step 1 : Open url:<a>null</a>
Step 2: Enter 'Company Name':YJQU
Step 3: Enter alphabet in 'Display  Admin Name': IHRQYI
Current Window Handle ID:--->CDwindow-9B6B1C51-FAB1-4389-AE27-E9BBD7AAF9CC
Current Xml Suite is:---->ZingHR - SignUp
======Abstract Page======
======Abstract Page======
======Abstract Page======
======Abstract Page======
======Abstract Page======
======Abstract Page======
======Abstract Page======
======Abstract Page======
======Abstract Page======
======Abstract Page======
======Abstract Page======
======Abstract Page======
======Abstract Page======
======Abstract Page======
======Abstract Page======
======Abstract Page======
======Abstract Page======
Test Case Id : SU_03 
Testcase Discription : Field validation for 'Company name' field
Step 1 : Open url:<a>null</a>
Step 2: Enter Alphanumeric value in company Name: WQIB
======Abstract Page======
======Abstract Page======
======Abstract Page======
======Abstract Page======
======Abstract Page======
======Abstract Page======
======Abstract Page======
======Abstract Page======
======Abstract Page======
======Abstract Page======
======Abstract Page======
======Abstract Page======
======Abstract Page======
======Abstract Page======
Test Case Id : SU_06 
Testcase Discription : Field validation for 'Company name' field
Step 1 : Open url:<a>null</a>
Step 2: Enter less than three characters in company Name: NU
Current Window Handle ID:--->CDwindow-FC539800-EF7B-4DC7-8A8D-22B6323D4A26
Current Xml Suite is:---->ZingHR - SignUp
======Abstract Page======
======Abstract Page======
======Abstract Page======
======Abstract Page======
======Abstract Page======
======Abstract Page======
======Abstract Page======
======Abstract Page======
======Abstract Page======
======Abstract Page======
======Abstract Page======
======Abstract Page======
======Abstract Page======
======Abstract Page======
======Abstract Page======
======Abstract Page======
======Abstract Page======
Test Case Id : SU_07 
Testcase Discription : Field validation for 'Company name' field
Step 1 : Open url:<a>null</a>
Step 2: Do not enter any data into 'Company Code'.
Step 3: Display Employee Name: TXUBUC
Step 4: Enter Email id: testkiwi16163GHC@mailinator.com
Step 5: Select any country
Step 6: Enter Contact no: 9429186891
======Abstract Page======
======Abstract Page======
======Abstract Page======
======Abstract Page======
======Abstract Page======
======Abstract Page======
======Abstract Page======
======Abstract Page======
======Abstract Page======
======Abstract Page======
======Abstract Page======
]]></system-out>
  </testcase>
  <testcase name="companynameFieldEmpty" classname="com.zinghr.signup.index.SignupIndex" time="25.211"/>
  <testcase name="companynameFieldAlphanumeric" classname="com.zinghr.signup.index.SignupIndex" time="26.831"/>
  <testcase name="displaynameFieldAlphabet" classname="com.zinghr.signup.index.SignupIndex" time="27.817"/>
  <testcase name="companynameFieldlessthan3" classname="com.zinghr.signup.index.SignupIndex" time="27.923"/>
  <testcase name="emailidFieldBlank" classname="com.zinghr.signup.index.SignupIndex" time="10.886">
    <failure message="element not visible&#10;  (Session info: chrome=47.0.2526.80)&#10;  (Driver info: chromedriver=2.20.353145 (343b531d31eeb933ec778dbcf7081628a1396067),platform=Windows NT 10.0 x86_64) (WARNING: The server did not provide any stacktrace information)&#10;Command duration or timeout: 37 milliseconds&#10;Build info: version: &apos;2.47.1&apos;, revision: &apos;411b314&apos;, time: &apos;2015-07-30 03:03:16&apos;&#10;System info: host: &apos;Dell-PC&apos;, ip: &apos;192.168.1.90&apos;, os.name: &apos;Windows 8.1&apos;, os.arch: &apos;amd64&apos;, os.version: &apos;6.3&apos;, java.version: &apos;1.8.0_51&apos;&#10;Driver info: org.openqa.selenium.chrome.ChromeDriver&#10;Capabilities [{applicationCacheEnabled=false, rotatable=false, mobileEmulationEnabled=false, chrome={userDataDir=C:\Users\Dell\AppData\Local\Temp\scoped_dir12944_2935}, takesHeapSnapshot=true, databaseEnabled=false, handlesAlerts=true, hasTouchScreen=false, version=47.0.2526.80, platform=WIN8_1, browserConnectionEnabled=false, nativeEvents=true, acceptSslCerts=true, locationContextEnabled=true, webStorageEnabled=true, browserName=chrome, takesScreenshot=true, javascriptEnabled=true, cssSelectorsEnabled=true}]&#10;Session ID: 2f145e704c86bc7c41e8617d2e36e5f6&#10;Command duration or timeout: 562 milliseconds&#10;Build info: version: &apos;2.47.1&apos;, revision: &apos;unknown&apos;, time: &apos;2015-07-30 11:02:44&apos;&#10;System info: host: &apos;Dell-PC&apos;, ip: &apos;192.168.1.90&apos;, os.name: &apos;Windows 8.1&apos;, os.arch: &apos;amd64&apos;, os.version: &apos;6.3&apos;, java.version: &apos;1.8.0_51&apos;&#10;Driver info: org.openqa.selenium.remote.RemoteWebDriver&#10;Capabilities [{applicationCacheEnabled=false, rotatable=false, mobileEmulationEnabled=false, chrome={userDataDir=C:\Users\Dell\AppData\Local\Temp\scoped_dir12944_2935}, takesHeapSnapshot=true, databaseEnabled=false, handlesAlerts=true, hasTouchScreen=false, version=47.0.2526.80, platform=WIN8_1, browserConnectionEnabled=false, nativeEvents=true, acceptSslCerts=true, webdriver.remote.sessionid=6ea62304-aac6-484d-8007-aed61c7bf89d, locationContextEnabled=true, webStorageEnabled=true, browserName=chrome, takesScreenshot=true, javascriptEnabled=true, cssSelectorsEnabled=true}]&#10;Session ID: 6ea62304-aac6-484d-8007-aed61c7bf89d" type="org.openqa.selenium.ElementNotVisibleException">org.openqa.selenium.ElementNotVisibleException: element not visible
  (Session info: chrome=47.0.2526.80)
  (Driver info: chromedriver=2.20.353145 (343b531d31eeb933ec778dbcf7081628a1396067),platform=Windows NT 10.0 x86_64) (WARNING: The server did not provide any stacktrace information)
Command duration or timeout: 37 milliseconds
Build info: version: '2.47.1', revision: '411b314', time: '2015-07-30 03:03:16'
System info: host: 'Dell-PC', ip: '192.168.1.90', os.name: 'Windows 8.1', os.arch: 'amd64', os.version: '6.3', java.version: '1.8.0_51'
Driver info: org.openqa.selenium.chrome.ChromeDriver
Capabilities [{applicationCacheEnabled=false, rotatable=false, mobileEmulationEnabled=false, chrome={userDataDir=C:\Users\Dell\AppData\Local\Temp\scoped_dir12944_2935}, takesHeapSnapshot=true, databaseEnabled=false, handlesAlerts=true, hasTouchScreen=false, version=47.0.2526.80, platform=WIN8_1, browserConnectionEnabled=false, nativeEvents=true, acceptSslCerts=true, locationContextEnabled=true, webStorageEnabled=true, browserName=chrome, takesScreenshot=true, javascriptEnabled=true, cssSelectorsEnabled=true}]
Session ID: 2f145e704c86bc7c41e8617d2e36e5f6
Command duration or timeout: 562 milliseconds
Build info: version: '2.47.1', revision: 'unknown', time: '2015-07-30 11:02:44'
System info: host: 'Dell-PC', ip: '192.168.1.90', os.name: 'Windows 8.1', os.arch: 'amd64', os.version: '6.3', java.version: '1.8.0_51'
Driver info: org.openqa.selenium.remote.RemoteWebDriver
Capabilities [{applicationCacheEnabled=false, rotatable=false, mobileEmulationEnabled=false, chrome={userDataDir=C:\Users\Dell\AppData\Local\Temp\scoped_dir12944_2935}, takesHeapSnapshot=true, databaseEnabled=false, handlesAlerts=true, hasTouchScreen=false, version=47.0.2526.80, platform=WIN8_1, browserConnectionEnabled=false, nativeEvents=true, acceptSslCerts=true, webdriver.remote.sessionid=6ea62304-aac6-484d-8007-aed61c7bf89d, locationContextEnabled=true, webStorageEnabled=true, browserName=chrome, takesScreenshot=true, javascriptEnabled=true, cssSelectorsEnabled=true}]
Session ID: 6ea62304-aac6-484d-8007-aed61c7bf89d
	at org.openqa.selenium.remote.ErrorHandler.throwIfResponseFailed(ErrorHandler.java:138)
	at org.openqa.selenium.remote.RemoteWebDriver.execute(RemoteWebDriver.java:595)
	at org.openqa.selenium.remote.RemoteWebElement.execute(RemoteWebElement.java:273)
	at org.openqa.selenium.remote.RemoteWebElement.click(RemoteWebElement.java:84)
	at com.zinghr.signup.indexPage.SignupIndexPage.selectOthercountry(SignupIndexPage.java:150)
	at com.zinghr.signup.indexPage.SignupIndexPage.blankEmailId(SignupIndexPage.java:469)
	at com.zinghr.signup.index.SignupIndex.emailidFieldBlank(SignupIndex.java:313)
Caused by: org.openqa.selenium.ElementNotVisibleException: element not visible
  (Session info: chrome=47.0.2526.80)
  (Driver info: chromedriver=2.20.353145 (343b531d31eeb933ec778dbcf7081628a1396067),platform=Windows NT 10.0 x86_64) (WARNING: The server did not provide any stacktrace information)
Command duration or timeout: 37 milliseconds
Build info: version: '2.47.1', revision: '411b314', time: '2015-07-30 03:03:16'
System info: host: 'Dell-PC', ip: '192.168.1.90', os.name: 'Windows 8.1', os.arch: 'amd64', os.version: '6.3', java.version: '1.8.0_51'
Driver info: org.openqa.selenium.chrome.ChromeDriver
Capabilities [{applicationCacheEnabled=false, rotatable=false, mobileEmulationEnabled=false, chrome={userDataDir=C:\Users\Dell\AppData\Local\Temp\scoped_dir12944_2935}, takesHeapSnapshot=true, databaseEnabled=false, handlesAlerts=true, hasTouchScreen=false, version=47.0.2526.80, platform=WIN8_1, browserConnectionEnabled=false, nativeEvents=true, acceptSslCerts=true, locationContextEnabled=true, webStorageEnabled=true, browserName=chrome, takesScreenshot=true, javascriptEnabled=true, cssSelectorsEnabled=true}]
Session ID: 2f145e704c86bc7c41e8617d2e36e5f6
Build info: version: '2.47.1', revision: 'unknown', time: '2015-07-30 11:02:44'
System info: host: 'Dell-PC', ip: '192.168.1.90', os.name: 'Windows 8.1', os.arch: 'amd64', os.version: '6.3', java.version: '1.8.0_51'
Driver info: driver.version: RemoteWebDriver
	at sun.reflect.NativeConstructorAccessorImpl.newInstance0(Native Method)
	at sun.reflect.NativeConstructorAccessorImpl.newInstance(Unknown Source)
	at sun.reflect.DelegatingConstructorAccessorImpl.newInstance(Unknown Source)
	at java.lang.reflect.Constructor.newInstance(Unknown Source)
	at org.openqa.selenium.remote.ErrorHandler.createThrowable(ErrorHandler.java:206)
	at org.openqa.selenium.remote.ErrorHandler.throwIfResponseFailed(ErrorHandler.java:158)
	at org.openqa.selenium.remote.RemoteWebDriver.execute(RemoteWebDriver.java:595)
	at org.openqa.selenium.remote.RemoteWebElement.execute(RemoteWebElement.java:273)
	at org.openqa.selenium.remote.RemoteWebElement.click(RemoteWebElement.java:84)
	at sun.reflect.GeneratedMethodAccessor26.invoke(Unknown Source)
	at sun.reflect.DelegatingMethodAccessorImpl.invoke(Unknown Source)
	at java.lang.reflect.Method.invoke(Unknown Source)
	at org.openqa.selenium.support.events.EventFiringWebDriver$EventFiringWebElement$1.invoke(EventFiringWebDriver.java:332)
	at com.sun.proxy.$Proxy2.click(Unknown Source)
	at org.openqa.selenium.support.events.EventFiringWebDriver$EventFiringWebElement.click(EventFiringWebDriver.java:345)
	at sun.reflect.GeneratedMethodAccessor26.invoke(Unknown Source)
	at sun.reflect.DelegatingMethodAccessorImpl.invoke(Unknown Source)
	at java.lang.reflect.Method.invoke(Unknown Source)
	at org.openqa.selenium.remote.server.KnownElements$1.invoke(KnownElements.java:64)
	at com.sun.proxy.$Proxy3.click(Unknown Source)
	at org.openqa.selenium.remote.server.handler.ClickElement.call(ClickElement.java:30)
	at org.openqa.selenium.remote.server.handler.ClickElement.call(ClickElement.java:1)
	at java.util.concurrent.FutureTask.run(Unknown Source)
	at org.openqa.selenium.remote.server.DefaultSession$1.run(DefaultSession.java:176)
	at java.util.concurrent.ThreadPoolExecutor.runWorker(Unknown Source)
	at java.util.concurrent.ThreadPoolExecutor$Worker.run(Unknown Source)
	at java.lang.Thread.run(Unknown Source)
</failure>
    <system-out><![CDATA[full path C:\Users\Dell\git\ZINGHR-Automation-Project1\Resource\DataConfiguration.xlsx con C:\Users\Dell\git\ZINGHR-Automation-Project1\Resource\DataConfiguration.xlsx
======http://automation.zinghr.com/2015/Pages/Authentication/Signup.aspx=========
TEST PASSED - companynameFieldEmpty

here is test status--------------------1
TEST PASSED - companynameFieldAlphanumeric

here is test status--------------------1
TEST PASSED - displaynameFieldAlphabet

here is test status--------------------1
TEST PASSED - companynameFieldlessthan3

here is test status--------------------1
full path C:\Users\Dell\git\ZINGHR-Automation-Project1\Resource\DataConfiguration.xlsx con C:\Users\Dell\git\ZINGHR-Automation-Project1\Resource\DataConfiguration.xlsx
======http://automation.zinghr.com/2015/Pages/Authentication/Signup.aspx=========
full path C:\Users\Dell\git\ZINGHR-Automation-Project1\Resource\DataConfiguration.xlsx con C:\Users\Dell\git\ZINGHR-Automation-Project1\Resource\DataConfiguration.xlsx
======http://automation.zinghr.com/2015/Pages/Authentication/Signup.aspx=========
full path C:\Users\Dell\git\ZINGHR-Automation-Project1\Resource\DataConfiguration.xlsx con C:\Users\Dell\git\ZINGHR-Automation-Project1\Resource\DataConfiguration.xlsx
======http://automation.zinghr.com/2015/Pages/Authentication/Signup.aspx=========
full path C:\Users\Dell\git\ZINGHR-Automation-Project1\Resource\DataConfiguration.xlsx con C:\Users\Dell\git\ZINGHR-Automation-Project1\Resource\DataConfiguration.xlsx
======http://automation.zinghr.com/2015/Pages/Authentication/Signup.aspx=========
Current Window Handle ID:--->CDwindow-C6E94D2E-FA7F-4D4A-B94E-B1916D0126D7
Current Xml Suite is:---->ZingHR - SignUp
======Abstract Page======
======Abstract Page======
======Abstract Page======
======Abstract Page======
======Abstract Page======
======Abstract Page======
======Abstract Page======
======Abstract Page======
======Abstract Page======
======Abstract Page======
======Abstract Page======
======Abstract Page======
======Abstract Page======
======Abstract Page======
======Abstract Page======
======Abstract Page======
======Abstract Page======
Test Case Id : SU_09 
Testcase Discription : Field validation for 'Display name' field
Step 1 : Open url:<a>null</a>
Step 2: Enter 'Company Name':ARRD
Step 3: Enter invalid data in 'Display Admin Name': %&^%6545as
Current Window Handle ID:--->CDwindow-D9296EA3-BA9E-4DA3-B5DD-9481361274BC
Current Xml Suite is:---->ZingHR - SignUp
======Abstract Page======
======Abstract Page======
======Abstract Page======
======Abstract Page======
======Abstract Page======
======Abstract Page======
======Abstract Page======
======Abstract Page======
======Abstract Page======
======Abstract Page======
======Abstract Page======
======Abstract Page======
======Abstract Page======
======Abstract Page======
======Abstract Page======
======Abstract Page======
======Abstract Page======
Test Case Id : SU_14 
Testcase Discription : Field validation for 'Email ID' field
Step 1 : Open url:<a>null</a>
Step 2: Enter blank data in 'Email Id':  
Current Window Handle ID:--->CDwindow-7D02E7DB-9028-4C25-970B-B6AF01D752F9
Current Xml Suite is:---->ZingHR - SignUp
======Abstract Page======
======Abstract Page======
======Abstract Page======
======Abstract Page======
======Abstract Page======
======Abstract Page======
======Abstract Page======
======Abstract Page======
======Abstract Page======
======Abstract Page======
======Abstract Page======
======Abstract Page======
======Abstract Page======
======Abstract Page======
======Abstract Page======
======Abstract Page======
======Abstract Page======
Test Case Id : SU_12 
Testcase Discription : Field validation for 'Email ID' field
Step 1 : Open url:<a>null</a>
Step 2: Enter valid 'Email Id': testkiwi30259IHU@mailinator.com
Current Window Handle ID:--->CDwindow-3BB16A8B-7744-4026-8C23-257907AF89C9
Current Xml Suite is:---->ZingHR - SignUp
======Abstract Page======
======Abstract Page======
======Abstract Page======
======Abstract Page======
======Abstract Page======
======Abstract Page======
======Abstract Page======
======Abstract Page======
======Abstract Page======
======Abstract Page======
======Abstract Page======
======Abstract Page======
======Abstract Page======
======Abstract Page======
======Abstract Page======
======Abstract Page======
======Abstract Page======
Test Case Id : SU_13 
Testcase Discription : Field validation for 'Email ID' field
Step 1 : Open url:<a>null</a>
Step 2: Enter invalid 'Email Id': kw13500@mi@ki
Current Window Handle ID:--->CDwindow-9079810D-B179-4EE3-81B4-DFFD42346ECE
Current Xml Suite is:---->ZingHR - SignUp
======Abstract Page======
======Abstract Page======
======Abstract Page======
======Abstract Page======
======Abstract Page======
======Abstract Page======
======Abstract Page======
======Abstract Page======
======Abstract Page======
======Abstract Page======
======Abstract Page======
======Abstract Page======
======Abstract Page======
======Abstract Page======
======Abstract Page======
======Abstract Page======
======Abstract Page======
Test Case Id : SU_11 
Testcase Discription : Field validation for 'Display Name' field
Step 1: Open url:<a>null</a>
Step 2: Enter Blank space in 'Display AdminName':  
======Abstract Page======
======Abstract Page======
======Abstract Page======
======Abstract Page======
======Abstract Page======
======Abstract Page======
======Abstract Page======
======Abstract Page======
======Abstract Page======
======Abstract Page======
======Abstract Page======
======Abstract Page======
======Abstract Page======
======Abstract Page======
]]></system-out>
  </testcase>
  <testcase name="displaynameFieldInvalid" classname="com.zinghr.signup.index.SignupIndex" time="22.627">
    <failure message="invalid selector: Unable to locate an element with the xpath expression .//input[@id=&apos;txtAdminName&apos;]//.[@data-content=&apos;Enter characters only.&apos;] because of the following error:&#10;SyntaxError: Failed to execute &apos;evaluate&apos; on &apos;Document&apos;: The string &apos;.//input[@id=&apos;txtAdminName&apos;]//.[@data-content=&apos;Enter characters only.&apos;]&apos; is not a valid XPath expression.&#10;  (Session info: chrome=47.0.2526.80)&#10;  (Driver info: chromedriver=2.20.353145 (343b531d31eeb933ec778dbcf7081628a1396067),platform=Windows NT 10.0 x86_64) (WARNING: The server did not provide any stacktrace information)&#10;Command duration or timeout: 58 milliseconds&#10;For documentation on this error, please visit: http://seleniumhq.org/exceptions/invalid_selector_exception.html&#10;Build info: version: &apos;2.47.1&apos;, revision: &apos;411b314&apos;, time: &apos;2015-07-30 03:03:16&apos;&#10;System info: host: &apos;Dell-PC&apos;, ip: &apos;192.168.1.90&apos;, os.name: &apos;Windows 8.1&apos;, os.arch: &apos;amd64&apos;, os.version: &apos;6.3&apos;, java.version: &apos;1.8.0_51&apos;&#10;Driver info: org.openqa.selenium.chrome.ChromeDriver&#10;Capabilities [{applicationCacheEnabled=false, rotatable=false, mobileEmulationEnabled=false, chrome={userDataDir=C:\Users\Dell\AppData\Local\Temp\scoped_dir9816_30004}, takesHeapSnapshot=true, databaseEnabled=false, handlesAlerts=true, hasTouchScreen=false, version=47.0.2526.80, platform=WIN8_1, browserConnectionEnabled=false, nativeEvents=true, acceptSslCerts=true, locationContextEnabled=true, webStorageEnabled=true, browserName=chrome, takesScreenshot=true, javascriptEnabled=true, cssSelectorsEnabled=true}]&#10;Session ID: 4b7de4a99a3301b20fe2206265c55dca&#10;*** Element info: {Using=xpath, value=.//input[@id=&apos;txtAdminName&apos;]//.[@data-content=&apos;Enter characters only.&apos;]}&#10;Command duration or timeout: 305 milliseconds&#10;For documentation on this error, please visit: http://seleniumhq.org/exceptions/invalid_selector_exception.html&#10;Build info: version: &apos;2.47.1&apos;, revision: &apos;unknown&apos;, time: &apos;2015-07-30 11:02:44&apos;&#10;System info: host: &apos;Dell-PC&apos;, ip: &apos;192.168.1.90&apos;, os.name: &apos;Windows 8.1&apos;, os.arch: &apos;amd64&apos;, os.version: &apos;6.3&apos;, java.version: &apos;1.8.0_51&apos;&#10;Driver info: org.openqa.selenium.remote.RemoteWebDriver&#10;Capabilities [{applicationCacheEnabled=false, rotatable=false, mobileEmulationEnabled=false, chrome={userDataDir=C:\Users\Dell\AppData\Local\Temp\scoped_dir9816_30004}, takesHeapSnapshot=true, databaseEnabled=false, handlesAlerts=true, hasTouchScreen=false, version=47.0.2526.80, platform=WIN8_1, browserConnectionEnabled=false, nativeEvents=true, acceptSslCerts=true, webdriver.remote.sessionid=a09bc8e0-a410-47df-ac75-ec320375fe95, locationContextEnabled=true, webStorageEnabled=true, browserName=chrome, takesScreenshot=true, javascriptEnabled=true, cssSelectorsEnabled=true}]&#10;Session ID: a09bc8e0-a410-47df-ac75-ec320375fe95&#10;*** Element info: {Using=xpath, value=.//input[@id=&apos;txtAdminName&apos;]//.[@data-content=&apos;Enter characters only.&apos;]}" type="org.openqa.selenium.InvalidSelectorException">org.openqa.selenium.InvalidSelectorException: invalid selector: Unable to locate an element with the xpath expression .//input[@id='txtAdminName']//.[@data-content='Enter characters only.'] because of the following error:
SyntaxError: Failed to execute 'evaluate' on 'Document': The string './/input[@id='txtAdminName']//.[@data-content='Enter characters only.']' is not a valid XPath expression.
  (Session info: chrome=47.0.2526.80)
  (Driver info: chromedriver=2.20.353145 (343b531d31eeb933ec778dbcf7081628a1396067),platform=Windows NT 10.0 x86_64) (WARNING: The server did not provide any stacktrace information)
Command duration or timeout: 58 milliseconds
For documentation on this error, please visit: http://seleniumhq.org/exceptions/invalid_selector_exception.html
Build info: version: '2.47.1', revision: '411b314', time: '2015-07-30 03:03:16'
System info: host: 'Dell-PC', ip: '192.168.1.90', os.name: 'Windows 8.1', os.arch: 'amd64', os.version: '6.3', java.version: '1.8.0_51'
Driver info: org.openqa.selenium.chrome.ChromeDriver
Capabilities [{applicationCacheEnabled=false, rotatable=false, mobileEmulationEnabled=false, chrome={userDataDir=C:\Users\Dell\AppData\Local\Temp\scoped_dir9816_30004}, takesHeapSnapshot=true, databaseEnabled=false, handlesAlerts=true, hasTouchScreen=false, version=47.0.2526.80, platform=WIN8_1, browserConnectionEnabled=false, nativeEvents=true, acceptSslCerts=true, locationContextEnabled=true, webStorageEnabled=true, browserName=chrome, takesScreenshot=true, javascriptEnabled=true, cssSelectorsEnabled=true}]
Session ID: 4b7de4a99a3301b20fe2206265c55dca
*** Element info: {Using=xpath, value=.//input[@id='txtAdminName']//.[@data-content='Enter characters only.']}
Command duration or timeout: 305 milliseconds
For documentation on this error, please visit: http://seleniumhq.org/exceptions/invalid_selector_exception.html
Build info: version: '2.47.1', revision: 'unknown', time: '2015-07-30 11:02:44'
System info: host: 'Dell-PC', ip: '192.168.1.90', os.name: 'Windows 8.1', os.arch: 'amd64', os.version: '6.3', java.version: '1.8.0_51'
Driver info: org.openqa.selenium.remote.RemoteWebDriver
Capabilities [{applicationCacheEnabled=false, rotatable=false, mobileEmulationEnabled=false, chrome={userDataDir=C:\Users\Dell\AppData\Local\Temp\scoped_dir9816_30004}, takesHeapSnapshot=true, databaseEnabled=false, handlesAlerts=true, hasTouchScreen=false, version=47.0.2526.80, platform=WIN8_1, browserConnectionEnabled=false, nativeEvents=true, acceptSslCerts=true, webdriver.remote.sessionid=a09bc8e0-a410-47df-ac75-ec320375fe95, locationContextEnabled=true, webStorageEnabled=true, browserName=chrome, takesScreenshot=true, javascriptEnabled=true, cssSelectorsEnabled=true}]
Session ID: a09bc8e0-a410-47df-ac75-ec320375fe95
*** Element info: {Using=xpath, value=.//input[@id='txtAdminName']//.[@data-content='Enter characters only.']}
	at org.openqa.selenium.remote.ErrorHandler.throwIfResponseFailed(ErrorHandler.java:138)
	at org.openqa.selenium.remote.RemoteWebDriver.execute(RemoteWebDriver.java:595)
	at org.openqa.selenium.remote.RemoteWebDriver.findElement(RemoteWebDriver.java:348)
	at org.openqa.selenium.remote.RemoteWebDriver.findElementByXPath(RemoteWebDriver.java:445)
	at org.openqa.selenium.By$ByXPath.findElement(By.java:358)
	at org.openqa.selenium.remote.RemoteWebDriver.findElement(RemoteWebDriver.java:340)
	at com.zinghr.signup.verification.SignupVerificationPage.verifyInvalidDisplayAdminName(SignupVerificationPage.java:54)
	at com.zinghr.signup.index.SignupIndex.displaynameFieldInvalid(SignupIndex.java:207)
Caused by: org.openqa.selenium.InvalidSelectorException: invalid selector: Unable to locate an element with the xpath expression .//input[@id='txtAdminName']//.[@data-content='Enter characters only.'] because of the following error:
SyntaxError: Failed to execute 'evaluate' on 'Document': The string './/input[@id='txtAdminName']//.[@data-content='Enter characters only.']' is not a valid XPath expression.
  (Session info: chrome=47.0.2526.80)
  (Driver info: chromedriver=2.20.353145 (343b531d31eeb933ec778dbcf7081628a1396067),platform=Windows NT 10.0 x86_64) (WARNING: The server did not provide any stacktrace information)
Command duration or timeout: 58 milliseconds
For documentation on this error, please visit: http://seleniumhq.org/exceptions/invalid_selector_exception.html
Build info: version: '2.47.1', revision: '411b314', time: '2015-07-30 03:03:16'
System info: host: 'Dell-PC', ip: '192.168.1.90', os.name: 'Windows 8.1', os.arch: 'amd64', os.version: '6.3', java.version: '1.8.0_51'
Driver info: org.openqa.selenium.chrome.ChromeDriver
Capabilities [{applicationCacheEnabled=false, rotatable=false, mobileEmulationEnabled=false, chrome={userDataDir=C:\Users\Dell\AppData\Local\Temp\scoped_dir9816_30004}, takesHeapSnapshot=true, databaseEnabled=false, handlesAlerts=true, hasTouchScreen=false, version=47.0.2526.80, platform=WIN8_1, browserConnectionEnabled=false, nativeEvents=true, acceptSslCerts=true, locationContextEnabled=true, webStorageEnabled=true, browserName=chrome, takesScreenshot=true, javascriptEnabled=true, cssSelectorsEnabled=true}]
Session ID: 4b7de4a99a3301b20fe2206265c55dca
*** Element info: {Using=xpath, value=.//input[@id='txtAdminName']//.[@data-content='Enter characters only.']}
For documentation on this error, please visit: http://seleniumhq.org/exceptions/invalid_selector_exception.html
Build info: version: '2.47.1', revision: 'unknown', time: '2015-07-30 11:02:44'
System info: host: 'Dell-PC', ip: '192.168.1.90', os.name: 'Windows 8.1', os.arch: 'amd64', os.version: '6.3', java.version: '1.8.0_51'
Driver info: driver.version: EventFiringWebDriver
	at sun.reflect.GeneratedConstructorAccessor25.newInstance(Unknown Source)
	at sun.reflect.DelegatingConstructorAccessorImpl.newInstance(Unknown Source)
	at java.lang.reflect.Constructor.newInstance(Unknown Source)
	at org.openqa.selenium.remote.ErrorHandler.createThrowable(ErrorHandler.java:206)
	at org.openqa.selenium.remote.ErrorHandler.throwIfResponseFailed(ErrorHandler.java:158)
	at org.openqa.selenium.remote.RemoteWebDriver.execute(RemoteWebDriver.java:595)
	at org.openqa.selenium.remote.RemoteWebDriver.findElement(RemoteWebDriver.java:348)
	at org.openqa.selenium.remote.RemoteWebDriver.findElementByXPath(RemoteWebDriver.java:445)
	at org.openqa.selenium.By$ByXPath.findElement(By.java:358)
	at org.openqa.selenium.remote.RemoteWebDriver.findElement(RemoteWebDriver.java:340)
	at sun.reflect.GeneratedMethodAccessor10.invoke(Unknown Source)
	at sun.reflect.DelegatingMethodAccessorImpl.invoke(Unknown Source)
	at java.lang.reflect.Method.invoke(Unknown Source)
	at org.openqa.selenium.support.events.EventFiringWebDriver$2.invoke(EventFiringWebDriver.java:102)
	at com.sun.proxy.$Proxy1.findElement(Unknown Source)
	at org.openqa.selenium.support.events.EventFiringWebDriver.findElement(EventFiringWebDriver.java:185)
	at org.openqa.selenium.remote.server.handler.FindElement.call(FindElement.java:48)
	at org.openqa.selenium.remote.server.handler.FindElement.call(FindElement.java:1)
	at java.util.concurrent.FutureTask.run(Unknown Source)
	at org.openqa.selenium.remote.server.DefaultSession$1.run(DefaultSession.java:176)
	at java.util.concurrent.ThreadPoolExecutor.runWorker(Unknown Source)
	at java.util.concurrent.ThreadPoolExecutor$Worker.run(Unknown Source)
	at java.lang.Thread.run(Unknown Source)
</failure>
    <system-out><![CDATA[
TEST FAILED - emailidFieldBlank

ERROR MESSAGE: org.openqa.selenium.ElementNotVisibleException: element not visible
  (Session info: chrome=47.0.2526.80)
  (Driver info: chromedriver=2.20.353145 (343b531d31eeb933ec778dbcf7081628a1396067),platform=Windows NT 10.0 x86_64) (WARNING: The server did not provide any stacktrace information)
Command duration or timeout: 37 milliseconds
Build info: version: '2.47.1', revision: '411b314', time: '2015-07-30 03:03:16'
System info: host: 'Dell-PC', ip: '192.168.1.90', os.name: 'Windows 8.1', os.arch: 'amd64', os.version: '6.3', java.version: '1.8.0_51'
Driver info: org.openqa.selenium.chrome.ChromeDriver
Capabilities [{applicationCacheEnabled=false, rotatable=false, mobileEmulationEnabled=false, chrome={userDataDir=C:\Users\Dell\AppData\Local\Temp\scoped_dir12944_2935}, takesHeapSnapshot=true, databaseEnabled=false, handlesAlerts=true, hasTouchScreen=false, version=47.0.2526.80, platform=WIN8_1, browserConnectionEnabled=false, nativeEvents=true, acceptSslCerts=true, locationContextEnabled=true, webStorageEnabled=true, browserName=chrome, takesScreenshot=true, javascriptEnabled=true, cssSelectorsEnabled=true}]
Session ID: 2f145e704c86bc7c41e8617d2e36e5f6
Command duration or timeout: 562 milliseconds
Build info: version: '2.47.1', revision: 'unknown', time: '2015-07-30 11:02:44'
System info: host: 'Dell-PC', ip: '192.168.1.90', os.name: 'Windows 8.1', os.arch: 'amd64', os.version: '6.3', java.version: '1.8.0_51'
Driver info: org.openqa.selenium.remote.RemoteWebDriver
Capabilities [{applicationCacheEnabled=false, rotatable=false, mobileEmulationEnabled=false, chrome={userDataDir=C:\Users\Dell\AppData\Local\Temp\scoped_dir12944_2935}, takesHeapSnapshot=true, databaseEnabled=false, handlesAlerts=true, hasTouchScreen=false, version=47.0.2526.80, platform=WIN8_1, browserConnectionEnabled=false, nativeEvents=true, acceptSslCerts=true, webdriver.remote.sessionid=6ea62304-aac6-484d-8007-aed61c7bf89d, locationContextEnabled=true, webStorageEnabled=true, browserName=chrome, takesScreenshot=true, javascriptEnabled=true, cssSelectorsEnabled=true}]
Session ID: 6ea62304-aac6-484d-8007-aed61c7bf89d


<h3>Failure Reason:</h3>
org.openqa.selenium.ElementNotVisibleException: element not visible
here is test status--------------------2
======Abstract Page======
======Abstract Page======
======Abstract Page======
======Abstract Page======
======Abstract Page======
======Abstract Page======
======Abstract Page======
======Abstract Page======
======Abstract Page======
======Abstract Page======
======Abstract Page======
To verify that appropriate error message is displayed when user enters special characters and numeric value in 'display Name' field
]]></system-out>
  </testcase>
  <testcase name="emailidFieldValid" classname="com.zinghr.signup.index.SignupIndex" time="25.434"/>
  <testcase name="emailidFieldInvalid" classname="com.zinghr.signup.index.SignupIndex" time="26.67"/>
  <testcase name="displaynameFieldBlank" classname="com.zinghr.signup.index.SignupIndex" time="28.11">
    <failure message="invalid selector: Unable to locate an element with the xpath expression .//*[@id=&apos;txtCompanyName&apos;]//.[@data-content=&apos;Please enter company name&apos;] because of the following error:&#10;SyntaxError: Failed to execute &apos;evaluate&apos; on &apos;Document&apos;: The string &apos;.//*[@id=&apos;txtCompanyName&apos;]//.[@data-content=&apos;Please enter company name&apos;]&apos; is not a valid XPath expression.&#10;  (Session info: chrome=47.0.2526.80)&#10;  (Driver info: chromedriver=2.20.353145 (343b531d31eeb933ec778dbcf7081628a1396067),platform=Windows NT 10.0 x86_64) (WARNING: The server did not provide any stacktrace information)&#10;Command duration or timeout: 31 milliseconds&#10;For documentation on this error, please visit: http://seleniumhq.org/exceptions/invalid_selector_exception.html&#10;Build info: version: &apos;2.47.1&apos;, revision: &apos;411b314&apos;, time: &apos;2015-07-30 03:03:16&apos;&#10;System info: host: &apos;Dell-PC&apos;, ip: &apos;192.168.1.90&apos;, os.name: &apos;Windows 8.1&apos;, os.arch: &apos;amd64&apos;, os.version: &apos;6.3&apos;, java.version: &apos;1.8.0_51&apos;&#10;Driver info: org.openqa.selenium.chrome.ChromeDriver&#10;Capabilities [{applicationCacheEnabled=false, rotatable=false, mobileEmulationEnabled=false, chrome={userDataDir=C:\Users\Dell\AppData\Local\Temp\scoped_dir9656_8343}, takesHeapSnapshot=true, databaseEnabled=false, handlesAlerts=true, hasTouchScreen=false, version=47.0.2526.80, platform=WIN8_1, browserConnectionEnabled=false, nativeEvents=true, acceptSslCerts=true, locationContextEnabled=true, webStorageEnabled=true, browserName=chrome, takesScreenshot=true, javascriptEnabled=true, cssSelectorsEnabled=true}]&#10;Session ID: 6c981ef062883ce70ae0e6a1074da6cb&#10;*** Element info: {Using=xpath, value=.//*[@id=&apos;txtCompanyName&apos;]//.[@data-content=&apos;Please enter company name&apos;]}&#10;Command duration or timeout: 286 milliseconds&#10;For documentation on this error, please visit: http://seleniumhq.org/exceptions/invalid_selector_exception.html&#10;Build info: version: &apos;2.47.1&apos;, revision: &apos;unknown&apos;, time: &apos;2015-07-30 11:02:44&apos;&#10;System info: host: &apos;Dell-PC&apos;, ip: &apos;192.168.1.90&apos;, os.name: &apos;Windows 8.1&apos;, os.arch: &apos;amd64&apos;, os.version: &apos;6.3&apos;, java.version: &apos;1.8.0_51&apos;&#10;Driver info: org.openqa.selenium.remote.RemoteWebDriver&#10;Capabilities [{applicationCacheEnabled=false, rotatable=false, mobileEmulationEnabled=false, chrome={userDataDir=C:\Users\Dell\AppData\Local\Temp\scoped_dir9656_8343}, takesHeapSnapshot=true, databaseEnabled=false, handlesAlerts=true, hasTouchScreen=false, version=47.0.2526.80, platform=WIN8_1, browserConnectionEnabled=false, nativeEvents=true, acceptSslCerts=true, webdriver.remote.sessionid=1b0b1136-9706-4b4d-adc1-876dbc9175e2, locationContextEnabled=true, webStorageEnabled=true, browserName=chrome, takesScreenshot=true, javascriptEnabled=true, cssSelectorsEnabled=true}]&#10;Session ID: 1b0b1136-9706-4b4d-adc1-876dbc9175e2&#10;*** Element info: {Using=xpath, value=.//*[@id=&apos;txtCompanyName&apos;]//.[@data-content=&apos;Please enter company name&apos;]}" type="org.openqa.selenium.InvalidSelectorException">org.openqa.selenium.InvalidSelectorException: invalid selector: Unable to locate an element with the xpath expression .//*[@id='txtCompanyName']//.[@data-content='Please enter company name'] because of the following error:
SyntaxError: Failed to execute 'evaluate' on 'Document': The string './/*[@id='txtCompanyName']//.[@data-content='Please enter company name']' is not a valid XPath expression.
  (Session info: chrome=47.0.2526.80)
  (Driver info: chromedriver=2.20.353145 (343b531d31eeb933ec778dbcf7081628a1396067),platform=Windows NT 10.0 x86_64) (WARNING: The server did not provide any stacktrace information)
Command duration or timeout: 31 milliseconds
For documentation on this error, please visit: http://seleniumhq.org/exceptions/invalid_selector_exception.html
Build info: version: '2.47.1', revision: '411b314', time: '2015-07-30 03:03:16'
System info: host: 'Dell-PC', ip: '192.168.1.90', os.name: 'Windows 8.1', os.arch: 'amd64', os.version: '6.3', java.version: '1.8.0_51'
Driver info: org.openqa.selenium.chrome.ChromeDriver
Capabilities [{applicationCacheEnabled=false, rotatable=false, mobileEmulationEnabled=false, chrome={userDataDir=C:\Users\Dell\AppData\Local\Temp\scoped_dir9656_8343}, takesHeapSnapshot=true, databaseEnabled=false, handlesAlerts=true, hasTouchScreen=false, version=47.0.2526.80, platform=WIN8_1, browserConnectionEnabled=false, nativeEvents=true, acceptSslCerts=true, locationContextEnabled=true, webStorageEnabled=true, browserName=chrome, takesScreenshot=true, javascriptEnabled=true, cssSelectorsEnabled=true}]
Session ID: 6c981ef062883ce70ae0e6a1074da6cb
*** Element info: {Using=xpath, value=.//*[@id='txtCompanyName']//.[@data-content='Please enter company name']}
Command duration or timeout: 286 milliseconds
For documentation on this error, please visit: http://seleniumhq.org/exceptions/invalid_selector_exception.html
Build info: version: '2.47.1', revision: 'unknown', time: '2015-07-30 11:02:44'
System info: host: 'Dell-PC', ip: '192.168.1.90', os.name: 'Windows 8.1', os.arch: 'amd64', os.version: '6.3', java.version: '1.8.0_51'
Driver info: org.openqa.selenium.remote.RemoteWebDriver
Capabilities [{applicationCacheEnabled=false, rotatable=false, mobileEmulationEnabled=false, chrome={userDataDir=C:\Users\Dell\AppData\Local\Temp\scoped_dir9656_8343}, takesHeapSnapshot=true, databaseEnabled=false, handlesAlerts=true, hasTouchScreen=false, version=47.0.2526.80, platform=WIN8_1, browserConnectionEnabled=false, nativeEvents=true, acceptSslCerts=true, webdriver.remote.sessionid=1b0b1136-9706-4b4d-adc1-876dbc9175e2, locationContextEnabled=true, webStorageEnabled=true, browserName=chrome, takesScreenshot=true, javascriptEnabled=true, cssSelectorsEnabled=true}]
Session ID: 1b0b1136-9706-4b4d-adc1-876dbc9175e2
*** Element info: {Using=xpath, value=.//*[@id='txtCompanyName']//.[@data-content='Please enter company name']}
	at org.openqa.selenium.remote.ErrorHandler.throwIfResponseFailed(ErrorHandler.java:138)
	at org.openqa.selenium.remote.RemoteWebDriver.execute(RemoteWebDriver.java:595)
	at org.openqa.selenium.remote.RemoteWebDriver.findElement(RemoteWebDriver.java:348)
	at org.openqa.selenium.remote.RemoteWebDriver.findElementByXPath(RemoteWebDriver.java:445)
	at org.openqa.selenium.By$ByXPath.findElement(By.java:358)
	at org.openqa.selenium.remote.RemoteWebDriver.findElement(RemoteWebDriver.java:340)
	at com.zinghr.signup.verification.SignupVerificationPage.verifyblankCompanycode(SignupVerificationPage.java:32)
	at com.zinghr.signup.index.SignupIndex.displaynameFieldBlank(SignupIndex.java:235)
Caused by: org.openqa.selenium.InvalidSelectorException: invalid selector: Unable to locate an element with the xpath expression .//*[@id='txtCompanyName']//.[@data-content='Please enter company name'] because of the following error:
SyntaxError: Failed to execute 'evaluate' on 'Document': The string './/*[@id='txtCompanyName']//.[@data-content='Please enter company name']' is not a valid XPath expression.
  (Session info: chrome=47.0.2526.80)
  (Driver info: chromedriver=2.20.353145 (343b531d31eeb933ec778dbcf7081628a1396067),platform=Windows NT 10.0 x86_64) (WARNING: The server did not provide any stacktrace information)
Command duration or timeout: 31 milliseconds
For documentation on this error, please visit: http://seleniumhq.org/exceptions/invalid_selector_exception.html
Build info: version: '2.47.1', revision: '411b314', time: '2015-07-30 03:03:16'
System info: host: 'Dell-PC', ip: '192.168.1.90', os.name: 'Windows 8.1', os.arch: 'amd64', os.version: '6.3', java.version: '1.8.0_51'
Driver info: org.openqa.selenium.chrome.ChromeDriver
Capabilities [{applicationCacheEnabled=false, rotatable=false, mobileEmulationEnabled=false, chrome={userDataDir=C:\Users\Dell\AppData\Local\Temp\scoped_dir9656_8343}, takesHeapSnapshot=true, databaseEnabled=false, handlesAlerts=true, hasTouchScreen=false, version=47.0.2526.80, platform=WIN8_1, browserConnectionEnabled=false, nativeEvents=true, acceptSslCerts=true, locationContextEnabled=true, webStorageEnabled=true, browserName=chrome, takesScreenshot=true, javascriptEnabled=true, cssSelectorsEnabled=true}]
Session ID: 6c981ef062883ce70ae0e6a1074da6cb
*** Element info: {Using=xpath, value=.//*[@id='txtCompanyName']//.[@data-content='Please enter company name']}
For documentation on this error, please visit: http://seleniumhq.org/exceptions/invalid_selector_exception.html
Build info: version: '2.47.1', revision: 'unknown', time: '2015-07-30 11:02:44'
System info: host: 'Dell-PC', ip: '192.168.1.90', os.name: 'Windows 8.1', os.arch: 'amd64', os.version: '6.3', java.version: '1.8.0_51'
Driver info: driver.version: EventFiringWebDriver
	at sun.reflect.GeneratedConstructorAccessor25.newInstance(Unknown Source)
	at sun.reflect.DelegatingConstructorAccessorImpl.newInstance(Unknown Source)
	at java.lang.reflect.Constructor.newInstance(Unknown Source)
	at org.openqa.selenium.remote.ErrorHandler.createThrowable(ErrorHandler.java:206)
	at org.openqa.selenium.remote.ErrorHandler.throwIfResponseFailed(ErrorHandler.java:158)
	at org.openqa.selenium.remote.RemoteWebDriver.execute(RemoteWebDriver.java:595)
	at org.openqa.selenium.remote.RemoteWebDriver.findElement(RemoteWebDriver.java:348)
[...]
	at org.openqa.selenium.remote.RemoteWebDriver.findElementByXPath(RemoteWebDriver.java:445)
	at org.openqa.selenium.By$ByXPath.findElement(By.java:358)
	at org.openqa.selenium.remote.RemoteWebDriver.findElement(RemoteWebDriver.java:340)
	at com.zinghr.signup.indexPage.SignupIndexPage.clickHereButton(SignupIndexPage.java:258)
	at com.zinghr.signup.indexPage.SignupIndexPage.blankPaswdActfield(SignupIndexPage.java:866)
	at com.zinghr.signup.index.SignupIndex.blankPswdActCode(SignupIndex.java:1122)
Caused by: org.openqa.selenium.NoSuchElementException: no such element: Unable to locate element: {"method":"xpath","selector":".//iframe[@name='rendermail']"}
  (Session info: chrome=47.0.2526.80)
  (Driver info: chromedriver=2.20.353145 (343b531d31eeb933ec778dbcf7081628a1396067),platform=Windows NT 10.0 x86_64) (WARNING: The server did not provide any stacktrace information)
Command duration or timeout: 30.01 seconds
For documentation on this error, please visit: http://seleniumhq.org/exceptions/no_such_element.html
Build info: version: '2.47.1', revision: '411b314', time: '2015-07-30 03:03:16'
System info: host: 'Dell-PC', ip: '192.168.1.90', os.name: 'Windows 8.1', os.arch: 'amd64', os.version: '6.3', java.version: '1.8.0_51'
Driver info: org.openqa.selenium.chrome.ChromeDriver
Capabilities [{applicationCacheEnabled=false, rotatable=false, mobileEmulationEnabled=false, chrome={userDataDir=C:\Users\Dell\AppData\Local\Temp\scoped_dir8972_7112}, takesHeapSnapshot=true, databaseEnabled=false, handlesAlerts=true, hasTouchScreen=false, version=47.0.2526.80, platform=WIN8_1, browserConnectionEnabled=false, nativeEvents=true, acceptSslCerts=true, locationContextEnabled=true, webStorageEnabled=true, browserName=chrome, takesScreenshot=true, javascriptEnabled=true, cssSelectorsEnabled=true}]
Session ID: 56b764b61388be76a037328b27502954
*** Element info: {Using=xpath, value=.//iframe[@name='rendermail']}
For documentation on this error, please visit: http://seleniumhq.org/exceptions/no_such_element.html
Build info: version: '2.47.1', revision: 'unknown', time: '2015-07-30 11:02:44'
System info: host: 'Dell-PC', ip: '192.168.1.90', os.name: 'Windows 8.1', os.arch: 'amd64', os.version: '6.3', java.version: '1.8.0_51'
Driver info: driver.version: EventFiringWebDriver
	at sun.reflect.NativeConstructorAccessorImpl.newInstance0(Native Method)
	at sun.reflect.NativeConstructorAccessorImpl.newInstance(Unknown Source)
	at sun.reflect.DelegatingConstructorAccessorImpl.newInstance(Unknown Source)
	at java.lang.reflect.Constructor.newInstance(Unknown Source)
	at org.openqa.selenium.remote.ErrorHandler.createThrowable(ErrorHandler.java:206)
	at org.openqa.selenium.remote.ErrorHandler.throwIfResponseFailed(ErrorHandler.java:158)
	at org.openqa.selenium.remote.RemoteWebDriver.execute(RemoteWebDriver.java:595)
	at org.openqa.selenium.remote.RemoteWebDriver.findElement(RemoteWebDriver.java:348)
	at org.openqa.selenium.remote.RemoteWebDriver.findElementByXPath(RemoteWebDriver.java:445)
	at org.openqa.selenium.By$ByXPath.findElement(By.java:358)
	at org.openqa.selenium.remote.RemoteWebDriver.findElement(RemoteWebDriver.java:340)
	at sun.reflect.GeneratedMethodAccessor10.invoke(Unknown Source)
	at sun.reflect.DelegatingMethodAccessorImpl.invoke(Unknown Source)
	at java.lang.reflect.Method.invoke(Unknown Source)
	at org.openqa.selenium.support.events.EventFiringWebDriver$2.invoke(EventFiringWebDriver.java:102)
	at com.sun.proxy.$Proxy1.findElement(Unknown Source)
	at org.openqa.selenium.support.events.EventFiringWebDriver.findElement(EventFiringWebDriver.java:185)
	at org.openqa.selenium.remote.server.handler.FindElement.call(FindElement.java:48)
	at org.openqa.selenium.remote.server.handler.FindElement.call(FindElement.java:1)
	at java.util.concurrent.FutureTask.run(Unknown Source)
	at org.openqa.selenium.remote.server.DefaultSession$1.run(DefaultSession.java:176)
	at java.util.concurrent.ThreadPoolExecutor.runWorker(Unknown Source)
	at java.util.concurrent.ThreadPoolExecutor$Worker.run(Unknown Source)
	at java.lang.Thread.run(Unknown Source)
</failure>
    <system-out><![CDATA[
TEST FAILED - activateSuccessfullyMesg

ERROR MESSAGE: org.openqa.selenium.NoSuchElementException: no such element: Unable to locate element: {"method":"xpath","selector":".//iframe[@name='rendermail']"}
  (Session info: chrome=47.0.2526.80)
  (Driver info: chromedriver=2.20.353145 (343b531d31eeb933ec778dbcf7081628a1396067),platform=Windows NT 10.0 x86_64) (WARNING: The server did not provide any stacktrace information)
Command duration or timeout: 30.06 seconds
For documentation on this error, please visit: http://seleniumhq.org/exceptions/no_such_element.html
Build info: version: '2.47.1', revision: '411b314', time: '2015-07-30 03:03:16'
System info: host: 'Dell-PC', ip: '192.168.1.90', os.name: 'Windows 8.1', os.arch: 'amd64', os.version: '6.3', java.version: '1.8.0_51'
Driver info: org.openqa.selenium.chrome.ChromeDriver
Capabilities [{applicationCacheEnabled=false, rotatable=false, mobileEmulationEnabled=false, chrome={userDataDir=C:\Users\Dell\AppData\Local\Temp\scoped_dir11672_2887}, takesHeapSnapshot=true, databaseEnabled=false, handlesAlerts=true, hasTouchScreen=false, version=47.0.2526.80, platform=WIN8_1, browserConnectionEnabled=false, nativeEvents=true, acceptSslCerts=true, locationContextEnabled=true, webStorageEnabled=true, browserName=chrome, takesScreenshot=true, javascriptEnabled=true, cssSelectorsEnabled=true}]
Session ID: 1aef157be4a93acf1b9103d632a22dc0
*** Element info: {Using=xpath, value=.//iframe[@name='rendermail']}
Command duration or timeout: 30.55 seconds
For documentation on this error, please visit: http://seleniumhq.org/exceptions/no_such_element.html
Build info: version: '2.47.1', revision: 'unknown', time: '2015-07-30 11:02:44'
System info: host: 'Dell-PC', ip: '192.168.1.90', os.name: 'Windows 8.1', os.arch: 'amd64', os.version: '6.3', java.version: '1.8.0_51'
Driver info: org.openqa.selenium.remote.RemoteWebDriver
Capabilities [{applicationCacheEnabled=false, rotatable=false, mobileEmulationEnabled=false, chrome={userDataDir=C:\Users\Dell\AppData\Local\Temp\scoped_dir11672_2887}, takesHeapSnapshot=true, databaseEnabled=false, handlesAlerts=true, hasTouchScreen=false, version=47.0.2526.80, platform=WIN8_1, browserConnectionEnabled=false, nativeEvents=true, acceptSslCerts=true, webdriver.remote.sessionid=a825476d-685e-4eca-8a18-898966d45476, locationContextEnabled=true, webStorageEnabled=true, browserName=chrome, takesScreenshot=true, javascriptEnabled=true, cssSelectorsEnabled=true}]
Session ID: a825476d-685e-4eca-8a18-898966d45476
*** Element info: {Using=xpath, value=.//iframe[@name='rendermail']}


<h3>Failure Reason:</h3>
org.openqa.selenium.NoSuchElementException: no such element: Unable to locate element: {&quot;method&quot;:&quot;xpath&quot;,&quot;selector&quot;:&quot;.//iframe[@name=&apos;rendermail&apos;]&quot;}
here is test status--------------------2
<h3>======  Activation mail is not getting. =======</h3>
======Abstract Page======
======Abstract Page======
<h3>======  Activation mail is not getting. =======</h3>
]]></system-out>
  </testcase>
  <testcase name="previouslyActivateCode1" classname="com.zinghr.signup.index.SignupIndex" time="103.686">
    <failure message="no such element: Unable to locate element: {&quot;method&quot;:&quot;xpath&quot;,&quot;selector&quot;:&quot;.//iframe[@name=&apos;rendermail&apos;]&quot;}&#10;  (Session info: chrome=47.0.2526.80)&#10;  (Driver info: chromedriver=2.20.353145 (343b531d31eeb933ec778dbcf7081628a1396067),platform=Windows NT 10.0 x86_64) (WARNING: The server did not provide any stacktrace information)&#10;Command duration or timeout: 30.02 seconds&#10;For documentation on this error, please visit: http://seleniumhq.org/exceptions/no_such_element.html&#10;Build info: version: &apos;2.47.1&apos;, revision: &apos;411b314&apos;, time: &apos;2015-07-30 03:03:16&apos;&#10;System info: host: &apos;Dell-PC&apos;, ip: &apos;192.168.1.90&apos;, os.name: &apos;Windows 8.1&apos;, os.arch: &apos;amd64&apos;, os.version: &apos;6.3&apos;, java.version: &apos;1.8.0_51&apos;&#10;Driver info: org.openqa.selenium.chrome.ChromeDriver&#10;Capabilities [{applicationCacheEnabled=false, rotatable=false, mobileEmulationEnabled=false, chrome={userDataDir=C:\Users\Dell\AppData\Local\Temp\scoped_dir9196_14842}, takesHeapSnapshot=true, databaseEnabled=false, handlesAlerts=true, hasTouchScreen=false, version=47.0.2526.80, platform=WIN8_1, browserConnectionEnabled=false, nativeEvents=true, acceptSslCerts=true, locationContextEnabled=true, webStorageEnabled=true, browserName=chrome, takesScreenshot=true, javascriptEnabled=true, cssSelectorsEnabled=true}]&#10;Session ID: 031d7d66c2764f0878fee2ee132ab264&#10;*** Element info: {Using=xpath, value=.//iframe[@name=&apos;rendermail&apos;]}&#10;Command duration or timeout: 30.30 seconds&#10;For documentation on this error, please visit: http://seleniumhq.org/exceptions/no_such_element.html&#10;Build info: version: &apos;2.47.1&apos;, revision: &apos;unknown&apos;, time: &apos;2015-07-30 11:02:44&apos;&#10;System info: host: &apos;Dell-PC&apos;, ip: &apos;192.168.1.90&apos;, os.name: &apos;Windows 8.1&apos;, os.arch: &apos;amd64&apos;, os.version: &apos;6.3&apos;, java.version: &apos;1.8.0_51&apos;&#10;Driver info: org.openqa.selenium.remote.RemoteWebDriver&#10;Capabilities [{applicationCacheEnabled=false, rotatable=false, mobileEmulationEnabled=false, chrome={userDataDir=C:\Users\Dell\AppData\Local\Temp\scoped_dir9196_14842}, takesHeapSnapshot=true, databaseEnabled=false, handlesAlerts=true, hasTouchScreen=false, version=47.0.2526.80, platform=WIN8_1, browserConnectionEnabled=false, nativeEvents=true, acceptSslCerts=true, webdriver.remote.sessionid=8c915f91-b70c-45c5-b87a-635def83f204, locationContextEnabled=true, webStorageEnabled=true, browserName=chrome, takesScreenshot=true, javascriptEnabled=true, cssSelectorsEnabled=true}]&#10;Session ID: 8c915f91-b70c-45c5-b87a-635def83f204&#10;*** Element info: {Using=xpath, value=.//iframe[@name=&apos;rendermail&apos;]}" type="org.openqa.selenium.NoSuchElementException">org.openqa.selenium.NoSuchElementException: no such element: Unable to locate element: {"method":"xpath","selector":".//iframe[@name='rendermail']"}
  (Session info: chrome=47.0.2526.80)
  (Driver info: chromedriver=2.20.353145 (343b531d31eeb933ec778dbcf7081628a1396067),platform=Windows NT 10.0 x86_64) (WARNING: The server did not provide any stacktrace information)
Command duration or timeout: 30.02 seconds
For documentation on this error, please visit: http://seleniumhq.org/exceptions/no_such_element.html
Build info: version: '2.47.1', revision: '411b314', time: '2015-07-30 03:03:16'
System info: host: 'Dell-PC', ip: '192.168.1.90', os.name: 'Windows 8.1', os.arch: 'amd64', os.version: '6.3', java.version: '1.8.0_51'
Driver info: org.openqa.selenium.chrome.ChromeDriver
Capabilities [{applicationCacheEnabled=false, rotatable=false, mobileEmulationEnabled=false, chrome={userDataDir=C:\Users\Dell\AppData\Local\Temp\scoped_dir9196_14842}, takesHeapSnapshot=true, databaseEnabled=false, handlesAlerts=true, hasTouchScreen=false, version=47.0.2526.80, platform=WIN8_1, browserConnectionEnabled=false, nativeEvents=true, acceptSslCerts=true, locationContextEnabled=true, webStorageEnabled=true, browserName=chrome, takesScreenshot=true, javascriptEnabled=true, cssSelectorsEnabled=true}]
Session ID: 031d7d66c2764f0878fee2ee132ab264
*** Element info: {Using=xpath, value=.//iframe[@name='rendermail']}
Command duration or timeout: 30.30 seconds
For documentation on this error, please visit: http://seleniumhq.org/exceptions/no_such_element.html
Build info: version: '2.47.1', revision: 'unknown', time: '2015-07-30 11:02:44'
System info: host: 'Dell-PC', ip: '192.168.1.90', os.name: 'Windows 8.1', os.arch: 'amd64', os.version: '6.3', java.version: '1.8.0_51'
Driver info: org.openqa.selenium.remote.RemoteWebDriver
Capabilities [{applicationCacheEnabled=false, rotatable=false, mobileEmulationEnabled=false, chrome={userDataDir=C:\Users\Dell\AppData\Local\Temp\scoped_dir9196_14842}, takesHeapSnapshot=true, databaseEnabled=false, handlesAlerts=true, hasTouchScreen=false, version=47.0.2526.80, platform=WIN8_1, browserConnectionEnabled=false, nativeEvents=true, acceptSslCerts=true, webdriver.remote.sessionid=8c915f91-b70c-45c5-b87a-635def83f204, locationContextEnabled=true, webStorageEnabled=true, browserName=chrome, takesScreenshot=true, javascriptEnabled=true, cssSelectorsEnabled=true}]
Session ID: 8c915f91-b70c-45c5-b87a-635def83f204
*** Element info: {Using=xpath, value=.//iframe[@name='rendermail']}
	at org.openqa.selenium.remote.ErrorHandler.throwIfResponseFailed(ErrorHandler.java:138)
	at org.openqa.selenium.remote.RemoteWebDriver.execute(RemoteWebDriver.java:595)
	at org.openqa.selenium.remote.RemoteWebDriver.findElement(RemoteWebDriver.java:348)
	at org.openqa.selenium.remote.RemoteWebDriver.findElementByXPath(RemoteWebDriver.java:445)
	at org.openqa.selenium.By$ByXPath.findElement(By.java:358)
	at org.openqa.selenium.remote.RemoteWebDriver.findElement(RemoteWebDriver.java:340)
	at com.zinghr.signup.indexPage.SignupIndexPage.clickHereButton(SignupIndexPage.java:258)
	at com.zinghr.signup.indexPage.SignupIndexPage.previouslyActivateCode(SignupIndexPage.java:913)
	at com.zinghr.signup.index.SignupIndex.previouslyActivateCode1(SignupIndex.java:1212)
Caused by: org.openqa.selenium.NoSuchElementException: no such element: Unable to locate element: {"method":"xpath","selector":".//iframe[@name='rendermail']"}
  (Session info: chrome=47.0.2526.80)
  (Driver info: chromedriver=2.20.353145 (343b531d31eeb933ec778dbcf7081628a1396067),platform=Windows NT 10.0 x86_64) (WARNING: The server did not provide any stacktrace information)
Command duration or timeout: 30.02 seconds
For documentation on this error, please visit: http://seleniumhq.org/exceptions/no_such_element.html
Build info: version: '2.47.1', revision: '411b314', time: '2015-07-30 03:03:16'
System info: host: 'Dell-PC', ip: '192.168.1.90', os.name: 'Windows 8.1', os.arch: 'amd64', os.version: '6.3', java.version: '1.8.0_51'
Driver info: org.openqa.selenium.chrome.ChromeDriver
Capabilities [{applicationCacheEnabled=false, rotatable=false, mobileEmulationEnabled=false, chrome={userDataDir=C:\Users\Dell\AppData\Local\Temp\scoped_dir9196_14842}, takesHeapSnapshot=true, databaseEnabled=false, handlesAlerts=true, hasTouchScreen=false, version=47.0.2526.80, platform=WIN8_1, browserConnectionEnabled=false, nativeEvents=true, acceptSslCerts=true, locationContextEnabled=true, webStorageEnabled=true, browserName=chrome, takesScreenshot=true, javascriptEnabled=true, cssSelectorsEnabled=true}]
Session ID: 031d7d66c2764f0878fee2ee132ab264
*** Element info: {Using=xpath, value=.//iframe[@name='rendermail']}
For documentation on this error, please visit: http://seleniumhq.org/exceptions/no_such_element.html
Build info: version: '2.47.1', revision: 'unknown', time: '2015-07-30 11:02:44'
System info: host: 'Dell-PC', ip: '192.168.1.90', os.name: 'Windows 8.1', os.arch: 'amd64', os.version: '6.3', java.version: '1.8.0_51'
Driver info: driver.version: EventFiringWebDriver
	at sun.reflect.NativeConstructorAccessorImpl.newInstance0(Native Method)
	at sun.reflect.NativeConstructorAccessorImpl.newInstance(Unknown Source)
	at sun.reflect.DelegatingConstructorAccessorImpl.newInstance(Unknown Source)
	at java.lang.reflect.Constructor.newInstance(Unknown Source)
	at org.openqa.selenium.remote.ErrorHandler.createThrowable(ErrorHandler.java:206)
	at org.openqa.selenium.remote.ErrorHandler.throwIfResponseFailed(ErrorHandler.java:158)
	at org.openqa.selenium.remote.RemoteWebDriver.execute(RemoteWebDriver.java:595)
	at org.openqa.selenium.remote.RemoteWebDriver.findElement(RemoteWebDriver.java:348)
	at org.openqa.selenium.remote.RemoteWebDriver.findElementByXPath(RemoteWebDriver.java:445)
	at org.openqa.selenium.By$ByXPath.findElement(By.java:358)
	at org.openqa.selenium.remote.RemoteWebDriver.findElement(RemoteWebDriver.java:340)
	at sun.reflect.GeneratedMethodAccessor10.invoke(Unknown Source)
	at sun.reflect.DelegatingMethodAccessorImpl.invoke(Unknown Source)
	at java.lang.reflect.Method.invoke(Unknown Source)
	at org.openqa.selenium.support.events.EventFiringWebDriver$2.invoke(EventFiringWebDriver.java:102)
	at com.sun.proxy.$Proxy1.findElement(Unknown Source)
	at org.openqa.selenium.support.events.EventFiringWebDriver.findElement(EventFiringWebDriver.java:185)
	at org.openqa.selenium.remote.server.handler.FindElement.call(FindElement.java:48)
	at org.openqa.selenium.remote.server.handler.FindElement.call(FindElement.java:1)
	at java.util.concurrent.FutureTask.run(Unknown Source)
	at org.openqa.selenium.remote.server.DefaultSession$1.run(DefaultSession.java:176)
	at java.util.concurrent.ThreadPoolExecutor.runWorker(Unknown Source)
	at java.util.concurrent.ThreadPoolExecutor$Worker.run(Unknown Source)
	at java.lang.Thread.run(Unknown Source)
</failure>
    <system-out><![CDATA[
TEST FAILED - blankPswdActCode

ERROR MESSAGE: org.openqa.selenium.NoSuchElementException: no such element: Unable to locate element: {"method":"xpath","selector":".//iframe[@name='rendermail']"}
  (Session info: chrome=47.0.2526.80)
  (Driver info: chromedriver=2.20.353145 (343b531d31eeb933ec778dbcf7081628a1396067),platform=Windows NT 10.0 x86_64) (WARNING: The server did not provide any stacktrace information)
Command duration or timeout: 30.01 seconds
For documentation on this error, please visit: http://seleniumhq.org/exceptions/no_such_element.html
Build info: version: '2.47.1', revision: '411b314', time: '2015-07-30 03:03:16'
System info: host: 'Dell-PC', ip: '192.168.1.90', os.name: 'Windows 8.1', os.arch: 'amd64', os.version: '6.3', java.version: '1.8.0_51'
Driver info: org.openqa.selenium.chrome.ChromeDriver
Capabilities [{applicationCacheEnabled=false, rotatable=false, mobileEmulationEnabled=false, chrome={userDataDir=C:\Users\Dell\AppData\Local\Temp\scoped_dir8972_7112}, takesHeapSnapshot=true, databaseEnabled=false, handlesAlerts=true, hasTouchScreen=false, version=47.0.2526.80, platform=WIN8_1, browserConnectionEnabled=false, nativeEvents=true, acceptSslCerts=true, locationContextEnabled=true, webStorageEnabled=true, browserName=chrome, takesScreenshot=true, javascriptEnabled=true, cssSelectorsEnabled=true}]
Session ID: 56b764b61388be76a037328b27502954
*** Element info: {Using=xpath, value=.//iframe[@name='rendermail']}
Command duration or timeout: 30.35 seconds
For documentation on this error, please visit: http://seleniumhq.org/exceptions/no_such_element.html
Build info: version: '2.47.1', revision: 'unknown', time: '2015-07-30 11:02:44'
System info: host: 'Dell-PC', ip: '192.168.1.90', os.name: 'Windows 8.1', os.arch: 'amd64', os.version: '6.3', java.version: '1.8.0_51'
Driver info: org.openqa.selenium.remote.RemoteWebDriver
Capabilities [{applicationCacheEnabled=false, rotatable=false, mobileEmulationEnabled=false, chrome={userDataDir=C:\Users\Dell\AppData\Local\Temp\scoped_dir8972_7112}, takesHeapSnapshot=true, databaseEnabled=false, handlesAlerts=true, hasTouchScreen=false, version=47.0.2526.80, platform=WIN8_1, browserConnectionEnabled=false, nativeEvents=true, acceptSslCerts=true, webdriver.remote.sessionid=88cdfd69-2c48-43d1-966a-8767a4648189, locationContextEnabled=true, webStorageEnabled=true, browserName=chrome, takesScreenshot=true, javascriptEnabled=true, cssSelectorsEnabled=true}]
Session ID: 88cdfd69-2c48-43d1-966a-8767a4648189
*** Element info: {Using=xpath, value=.//iframe[@name='rendermail']}


<h3>Failure Reason:</h3>
org.openqa.selenium.NoSuchElementException: no such element: Unable to locate element: {&quot;method&quot;:&quot;xpath&quot;,&quot;selector&quot;:&quot;.//iframe[@name=&apos;rendermail&apos;]&quot;}
here is test status--------------------2
======Abstract Page======
]]></system-out>
  </testcase>
</testsuite>