<?xml version="1.0" encoding="UTF-8"?>
<testng-results skipped="0" failed="0" total="33" passed="33">
  <reporter-output>
    <line>
      <![CDATA[<br></br>Test Case Id : SU_06 ]]>
    </line>
    <line>
      <![CDATA[<br></br>Testcase Discription : Field validation for 'Company name' field]]>
    </line>
    <line>
      <![CDATA[<br></br>Step 1 : Open url:<a>http://automation.zinghr.com/2015/pages/Authentication/SignUp.aspx</a>]]>
    </line>
    <line>
      <![CDATA[<br></br>Step 2: Enter less than three characters in company Name: nT]]>
    </line>
    <line>
      <![CDATA[<br></br>Test Case Id : SU_08 ]]>
    </line>
    <line>
      <![CDATA[<br></br>Testcase Discription : Field validation for 'Display name' field]]>
    </line>
    <line>
      <![CDATA[<br></br>Step 1 : Open url:<a>http://automation.zinghr.com/2015/pages/Authentication/SignUp.aspx</a>]]>
    </line>
    <line>
      <![CDATA[<br></br>Step 2: Enter 'Company Name':DgJH]]>
    </line>
    <line>
      <![CDATA[<br></br>Step 3: Enter alphabet in 'Display  Admin Name': ogqvJZ]]>
    </line>
    <line>
      <![CDATA[<br></br>Test Case Id : SU_03 ]]>
    </line>
    <line>
      <![CDATA[<br></br>Testcase Discription : Field validation for 'Company name' field]]>
    </line>
    <line>
      <![CDATA[<br></br>Step 1 : Open url:<a>http://automation.zinghr.com/2015/pages/Authentication/SignUp.aspx</a>]]>
    </line>
    <line>
      <![CDATA[<br></br>Step 2: Enter Alphanumeric value in company Name: pKOc]]>
    </line>
    <line>
      <![CDATA[<br></br>To verify that appropriate error message is displayed if user enters less than three characters in 'Company Name' field]]>
    </line>
    <line>
      <![CDATA[<br><Strong><font color=#008000>Pass</font></strong></br>]]>
    </line>
    <line>
      <![CDATA[<br></br>Test Case Id : SU_04 ]]>
    </line>
    <line>
      <![CDATA[<br></br>Testcase Discription : Field validation for 'Company name' field]]>
    </line>
    <line>
      <![CDATA[<br></br>Step 1 : Open url:<a>http://automation.zinghr.com/2015/pages/Authentication/SignUp.aspx</a>]]>
    </line>
    <line>
      <![CDATA[<br></br>Step 2: Enter Blank space in company Name:  ]]>
    </line>
    <line>
      <![CDATA[<br></br>To verify that user is able to enter alphabets in 'Display Name' field]]>
    </line>
    <line>
      <![CDATA[<br></br>Test Case Id : SU_07 ]]>
    </line>
    <line>
      <![CDATA[<br></br>Testcase Discription : Field validation for 'Company name' field]]>
    </line>
    <line>
      <![CDATA[<br></br>Step 1 : Open url:<a>http://automation.zinghr.com/2015/pages/Authentication/SignUp.aspx</a>]]>
    </line>
    <line>
      <![CDATA[<br></br>Step 2: Do not enter any data into 'Company Code'.]]>
    </line>
    <line>
      <![CDATA[<br></br>Step 3: Display Employee Name: EJfrgj]]>
    </line>
    <line>
      <![CDATA[<br></br>Step 4: Enter Email id: testkiwi290634xd@mailinator.com]]>
    </line>
    <line>
      <![CDATA[<br></br>Step 5: Select any country]]>
    </line>
    <line>
      <![CDATA[<br></br>Step 6: Enter Contact no: 9429186891]]>
    </line>
    <line>
      <![CDATA[<br><Strong><font color=#008000>Pass</font></strong></br>]]>
    </line>
    <line>
      <![CDATA[<br></br>To verify that user is able to enter Alphanumeric characters in 'Company Name' field]]>
    </line>
    <line>
      <![CDATA[<br><Strong><font color=#008000>Pass</font></strong></br>]]>
    </line>
    <line>
      <![CDATA[<br></br>To verify that the company name field do not accept blank space.]]>
    </line>
    <line>
      <![CDATA[<br></br>Test Case Id : SU_09 ]]>
    </line>
    <line>
      <![CDATA[<br></br>Testcase Discription : Field validation for 'Display name' field]]>
    </line>
    <line>
      <![CDATA[<br></br>Step 1 : Open url:<a>http://automation.zinghr.com/2015/pages/Authentication/SignUp.aspx</a>]]>
    </line>
    <line>
      <![CDATA[<br></br>Step 2: Enter 'Company Name':GqPg]]>
    </line>
    <line>
      <![CDATA[<br></br>Step 3: Enter invalid data in 'Display Admin Name': %&^%6545as]]>
    </line>
    <line>
      <![CDATA[<br><Strong><font color=#008000>Pass</font></strong></br>]]>
    </line>
    <line>
      <![CDATA[<br></br>To verify that appropriate alert message 'Please Enter company name' is displayed when user sign ups with empty Company Name field]]>
    </line>
    <line>
      <![CDATA[<br><Strong><font color=#008000>Pass</font></strong></br>]]>
    </line>
    <line>
      <![CDATA[<br></br>Test Case Id : SU_11 ]]>
    </line>
    <line>
      <![CDATA[<br></br>Testcase Discription : Field validation for 'Display Name' field]]>
    </line>
    <line>
      <![CDATA[<br></br>Step 1: Open url:<a>http://automation.zinghr.com/2015/pages/Authentication/SignUp.aspx</a>]]>
    </line>
    <line>
      <![CDATA[<br></br>Step 2: Enter Blank space in 'Display AdminName':  ]]>
    </line>
    <line>
      <![CDATA[<br></br>Test Case Id : SU_12 ]]>
    </line>
    <line>
      <![CDATA[<br></br>Testcase Discription : Field validation for 'Email ID' field]]>
    </line>
    <line>
      <![CDATA[<br></br>Step 1 : Open url:<a>http://automation.zinghr.com/2015/pages/Authentication/SignUp.aspx</a>]]>
    </line>
    <line>
      <![CDATA[<br></br>Step 2: Enter valid 'Email Id': testkiwi632890Su@mailinator.com]]>
    </line>
    <line>
      <![CDATA[<br></br>To verify that appropriate error message is displayed when user enters special characters and numeric value in 'display Name' field]]>
    </line>
    <line>
      <![CDATA[<br><Strong><font color=#008000>Pass</font></strong></br>]]>
    </line>
    <line>
      <![CDATA[<br></br>Test Case Id : SU_13 ]]>
    </line>
    <line>
      <![CDATA[<br></br>Testcase Discription : Field validation for 'Email ID' field]]>
    </line>
    <line>
      <![CDATA[<br></br>Step 1 : Open url:<a>http://automation.zinghr.com/2015/pages/Authentication/SignUp.aspx</a>]]>
    </line>
    <line>
      <![CDATA[<br></br>Step 2: Enter invalid 'Email Id': kw816240@mi@ki]]>
    </line>
    <line>
      <![CDATA[<br></br>To verify that the company name field do not accept blank space]]>
    </line>
    <line>
      <![CDATA[<br><Strong><font color=#008000>Pass</font></strong></br>]]>
    </line>
    <line>
      <![CDATA[<br></br>Test Case Id : SU_14 ]]>
    </line>
    <line>
      <![CDATA[<br></br>Testcase Discription : Field validation for 'Email ID' field]]>
    </line>
    <line>
      <![CDATA[<br></br>Step 1 : Open url:<a>http://automation.zinghr.com/2015/pages/Authentication/SignUp.aspx</a>]]>
    </line>
    <line>
      <![CDATA[<br></br>Step 2: Enter blank data in 'Email Id':  ]]>
    </line>
    <line>
      <![CDATA[<br></br>To verify that Email id field accepts valid email id format.]]>
    </line>
    <line>
      <![CDATA[<br><Strong><font color=#008000>Pass</font></strong></br>]]>
    </line>
    <line>
      <![CDATA[<br></br>Test Case Id : SU_15 ]]>
    </line>
    <line>
      <![CDATA[<br></br>Testcase Discription : Select other country from country list.]]>
    </line>
    <line>
      <![CDATA[<br></br>Step 1 : Open url:<a>http://automation.zinghr.com/2015/pages/Authentication/SignUp.aspx</a>]]>
    </line>
    <line>
      <![CDATA[<br></br>Step 2: Enter company Name: ryFt]]>
    </line>
    <line>
      <![CDATA[<br></br>Step 3: Display Employee Name: CrYPnY]]>
    </line>
    <line>
      <![CDATA[<br></br>Step 4: Enter Email id: testkiwi561394GG@mailinator.com]]>
    </line>
    <line>
      <![CDATA[<br></br>Step 5: Select any country]]>
    </line>
    <line>
      <![CDATA[<br></br>Step 6: Enter Contact no: 9429186891]]>
    </line>
    <line>
      <![CDATA[<br></br>To verify that appropriate error message is displayed when user enter invalid email format in Email field.]]>
    </line>
    <line>
      <![CDATA[<br><Strong><font color=#008000>Pass</font></strong></br>]]>
    </line>
    <line>
      <![CDATA[<br></br>Test Case Id : SU_16 ]]>
    </line>
    <line>
      <![CDATA[<br></br>Testcase Discription : Select 'Select Country ' country list.]]>
    </line>
    <line>
      <![CDATA[<br></br>Step 1 : Open url:<a>http://automation.zinghr.com/2015/pages/Authentication/SignUp.aspx</a>]]>
    </line>
    <line>
      <![CDATA[<br></br>Step 2: Enter company Name: jMUT]]>
    </line>
    <line>
      <![CDATA[<br></br>Step 3: Display Employee Name: iSpXrC]]>
    </line>
    <line>
      <![CDATA[<br></br>Step 4: Enter Email id: testkiwi557068XR@mailinator.com]]>
    </line>
    <line>
      <![CDATA[<br></br>Step 5: Select 'Select Country' option from country name field]]>
    </line>
    <line>
      <![CDATA[<br></br>To verify that Email id field do not accept blank data]]>
    </line>
    <line>
      <![CDATA[<br><Strong><font color=#008000>Pass</font></strong></br>]]>
    </line>
    <line>
      <![CDATA[<br></br>To verify that user is able to select other country name]]>
    </line>
    <line>
      <![CDATA[<br><Strong><font color=#008000>Pass</font></strong></br>]]>
    </line>
    <line>
      <![CDATA[<br></br>Test Case Id : SU_17 ]]>
    </line>
    <line>
      <![CDATA[<br></br>Testcase Discription : Enter numeric value into Contact Number' field.]]>
    </line>
    <line>
      <![CDATA[<br></br>Step 1 : Open url:<a>http://automation.zinghr.com/2015/pages/Authentication/SignUp.aspx</a>]]>
    </line>
    <line>
      <![CDATA[<br></br>Step 2: Enter company Name: RqHR]]>
    </line>
    <line>
      <![CDATA[<br></br>Step 3: Display Employee Name: baZNfO]]>
    </line>
    <line>
      <![CDATA[<br></br>Step 4: Enter Email id: testkiwi660685xR@mailinator.com]]>
    </line>
    <line>
      <![CDATA[<br></br>Step 5: Select any country]]>
    </line>
    <line>
      <![CDATA[<br></br>Step 6: Enter Contact no: 9429186891]]>
    </line>
    <line>
      <![CDATA[<br></br>Test Case Id : SU_18 ]]>
    </line>
    <line>
      <![CDATA[<br></br>Testcase Discription : Enter alphabets and special characters into Contact Number' field.]]>
    </line>
    <line>
      <![CDATA[<br></br>Step 1 : Open url:<a>http://automation.zinghr.com/2015/pages/Authentication/SignUp.aspx</a>]]>
    </line>
    <line>
      <![CDATA[<br></br>Step 2: Enter company Name: bVNU]]>
    </line>
    <line>
      <![CDATA[<br></br>Step 3: Display Employee Name: lXAUgv]]>
    </line>
    <line>
      <![CDATA[<br></br>Step 4: Enter Email id: testkiwi120856Qk@mailinator.com]]>
    </line>
    <line>
      <![CDATA[<br></br>Step 5: Select any country]]>
    </line>
    <line>
      <![CDATA[<br></br>Step 6: Enter Contact no: dsjh(*&^(^(]]>
    </line>
    <line>
      <![CDATA[<br></br>To verify that appropriate error message is displayed when user selects 'Select Country' option from Country Name field]]>
    </line>
    <line>
      <![CDATA[<br></br>Test Case Id : SU_20 ]]>
    </line>
    <line>
      <![CDATA[<br></br>Testcase Discription : Enter more than 10 digits into 'Contact Number' field.]]>
    </line>
    <line>
      <![CDATA[<br></br>Step 1 : Open url:<a>http://automation.zinghr.com/2015/pages/Authentication/SignUp.aspx</a>]]>
    </line>
    <line>
      <![CDATA[<br></br>Step 2: Enter company Name: lVWD]]>
    </line>
    <line>
      <![CDATA[<br></br>Step 3: Display Employee Name: XGIwoR]]>
    </line>
    <line>
      <![CDATA[<br></br>Step 4: Enter Email id: testkiwi291183Lw@mailinator.com]]>
    </line>
    <line>
      <![CDATA[<br></br>Step 5: Select any country]]>
    </line>
    <line>
      <![CDATA[<br></br>Step 6: Enter Contact no: 115719215647]]>
    </line>
    <line>
      <![CDATA[<br><Strong><font color=#008000>Pass</font></strong></br>]]>
    </line>
    <line>
      <![CDATA[<br></br>To verify that user is able to enter numeric values in Contact Number field]]>
    </line>
    <line>
      <![CDATA[<br><Strong><font color=#008000>Pass</font></strong></br>]]>
    </line>
    <line>
      <![CDATA[<br></br>Test Case Id : SU_21 ]]>
    </line>
    <line>
      <![CDATA[<br></br>Testcase Discription : Enter blank data in contact number field.]]>
    </line>
    <line>
      <![CDATA[<br></br>Step 1 : Open url:<a>http://automation.zinghr.com/2015/pages/Authentication/SignUp.aspx</a>]]>
    </line>
    <line>
      <![CDATA[<br></br>Step 2: Enter company Name: FKUK]]>
    </line>
    <line>
      <![CDATA[<br></br>Step 3: Display Employee Name: jVnrXw]]>
    </line>
    <line>
      <![CDATA[<br></br>Step 4: Enter Email id: testkiwi246649iq@mailinator.com]]>
    </line>
    <line>
      <![CDATA[<br></br>Step 5: Select any country]]>
    </line>
    <line>
      <![CDATA[<br></br>Step 6: Enter Contact no:  ]]>
    </line>
    <line>
      <![CDATA[<br></br>To verify that error message is displayed when user enters alphabets and special characters in Contact Number field]]>
    </line>
    <line>
      <![CDATA[<br><Strong><font color=#008000>Pass</font></strong></br>]]>
    </line>
    <line>
      <![CDATA[<br></br>To verify that Max length of 10 characters is provided to Contact Number field]]>
    </line>
    <line>
      <![CDATA[<br><Strong><font color=#008000>Pass</font></strong></br>]]>
    </line>
    <line>
      <![CDATA[<br></br>Test Case Id : SU_22 ]]>
    </line>
    <line>
      <![CDATA[<br></br>Testcase Discription : Click on 'Terms of Use' and 'Privacy Policy' link.]]>
    </line>
    <line>
      <![CDATA[<br></br>Step 1 : Open url:<a>http://automation.zinghr.com/2015/pages/Authentication/SignUp.aspx</a>]]>
    </line>
    <line>
      <![CDATA[<br></br>Step 2 : Click on 'Terms of Use' link.]]>
    </line>
    <line>
      <![CDATA[<br></br>To verify that user is redirected to taregeted page after clicking on 'Terms of Use' hyperlink]]>
    </line>
    <line>
      <![CDATA[<br></br>Test Case Id : SU_23 ]]>
    </line>
    <line>
      <![CDATA[<br></br>Testcase Discription : Checkbox Checked-unchecked ]]>
    </line>
    <line>
      <![CDATA[<br></br>Step 1 : Open url:<a>http://automation.zinghr.com/2015/pages/Authentication/SignUp.aspx</a>]]>
    </line>
    <line>
      <![CDATA[<br></br>Step 2: Enter company Name: qwTY]]>
    </line>
    <line>
      <![CDATA[<br></br>Step 3: Display Employee Name: iuhTYz]]>
    </line>
    <line>
      <![CDATA[<br></br>Step 4: Enter Email id: testkiwi654227Nn@mailinator.com]]>
    </line>
    <line>
      <![CDATA[<br></br>Step 5: Select any country]]>
    </line>
    <line>
      <![CDATA[<br></br>Step 6: Enter Contact no: 9429186891]]>
    </line>
    <line>
      <![CDATA[<br></br>Step 7: Uncheck checkbox.]]>
    </line>
    <line>
      <![CDATA[<br><Strong><font color=#008000>Pass</font></strong></br>]]>
    </line>
    <line>
      <![CDATA[<br></br>Step 3 : Click on 'Privacy Policy' link.]]>
    </line>
    <line>
      <![CDATA[<br></br>To verify that Contact Number field do not accept blank data.]]>
    </line>
    <line>
      <![CDATA[<br><Strong><font color=#008000>Pass</font></strong></br>]]>
    </line>
    <line>
      <![CDATA[<br></br>To verify that user is redirected to taregeted page after clicking on 'Privacy Policy' hyperlink]]>
    </line>
    <line>
      <![CDATA[<br><Strong><font color=#008000>Pass</font></strong></br>]]>
    </line>
    <line>
      <![CDATA[<br></br>Test Case Id : A_SU_01 ]]>
    </line>
    <line>
      <![CDATA[<br></br>Testcase Discription : SignUp successfully and 'Activation Page' verification.]]>
    </line>
    <line>
      <![CDATA[<br></br>Step 1 : Open url:<a>http://automation.zinghr.com/2015/pages/Authentication/SignUp.aspx</a>]]>
    </line>
    <line>
      <![CDATA[<br></br>Step 2: Enter company Name: tapE]]>
    </line>
    <line>
      <![CDATA[<br></br>Step 3: Display Employee Name: wkcxNl]]>
    </line>
    <line>
      <![CDATA[<br></br>Step 4: Enter Email id: testkiwi726069vK@mailinator.com]]>
    </line>
    <line>
      <![CDATA[<br></br>Step 5: Select any country]]>
    </line>
    <line>
      <![CDATA[<br></br>Step 6: Enter Contact no: 9429186891]]>
    </line>
    <line>
      <![CDATA[<br></br>Step 7: Click on 'Sign Up for 30 days trial' button.]]>
    </line>
    <line>
      <![CDATA[<br></br>Test Case Id : A_SU_02 ]]>
    </line>
    <line>
      <![CDATA[<br></br>Testcase Discription : SignUp successfully and email verification.]]>
    </line>
    <line>
      <![CDATA[<br></br>Step 1 : Open url:<a>http://automation.zinghr.com/2015/pages/Authentication/SignUp.aspx</a>]]>
    </line>
    <line>
      <![CDATA[<br></br>Step 2: Enter company Name: WITq]]>
    </line>
    <line>
      <![CDATA[<br></br>Step 3: Display Employee Name: tPaKLA]]>
    </line>
    <line>
      <![CDATA[<br></br>Step 4: Enter Email id: testkiwi372552oi@mailinator.com]]>
    </line>
    <line>
      <![CDATA[<br></br>Step 5: Select any country]]>
    </line>
    <line>
      <![CDATA[<br></br>Step 6: Enter Contact no: 9429186891]]>
    </line>
    <line>
      <![CDATA[<br></br>Step 7: Click on 'Sign Up for 30 days trial' button.]]>
    </line>
    <line>
      <![CDATA[<br></br>To verify that Alert message is displayed if user unchecked the Terms and condition checkbox]]>
    </line>
    <line>
      <![CDATA[<br></br>Test Case Id : A_SU_03 ]]>
    </line>
    <line>
      <![CDATA[<br></br>Testcase Discription : Email format verification.]]>
    </line>
    <line>
      <![CDATA[<br></br>Step 1 : Open url:<a>http://automation.zinghr.com/2015/pages/Authentication/SignUp.aspx</a>]]>
    </line>
    <line>
      <![CDATA[<br></br>Step 2: Enter company Name: eQuS]]>
    </line>
    <line>
      <![CDATA[<br></br>Step 3: Display Employee Name: hjPdUN]]>
    </line>
    <line>
      <![CDATA[<br></br>Step 4: Enter Email id: testkiwi569492mX@mailinator.com]]>
    </line>
    <line>
      <![CDATA[<br></br>Step 5: Select any country]]>
    </line>
    <line>
      <![CDATA[<br></br>Step 6: Enter Contact no: 9429186891]]>
    </line>
    <line>
      <![CDATA[<br></br>Step 7: Click on 'Sign Up for 30 days trial' button.]]>
    </line>
    <line>
      <![CDATA[<br><Strong><font color=#008000>Pass</font></strong></br>]]>
    </line>
    <line>
      <![CDATA[<br></br>To verify Activation page is open or not with Successfully SignUp.]]>
    </line>
    <line>
      <![CDATA[<br><Strong><font color=#008000>Pass</font></strong></br>]]>
    </line>
    <line>
      <![CDATA[<br></br>Test Case Id : A_SU_04 ]]>
    </line>
    <line>
      <![CDATA[<br></br>Testcase Discription : Email Contents verification.]]>
    </line>
    <line>
      <![CDATA[<br></br>Step 1 : Open url:<a>http://automation.zinghr.com/2015/pages/Authentication/SignUp.aspx</a>]]>
    </line>
    <line>
      <![CDATA[<br></br>Step 2: Enter company Name: DSCm]]>
    </line>
    <line>
      <![CDATA[<br></br>Step 3: Display Employee Name: PNRFAn]]>
    </line>
    <line>
      <![CDATA[<br></br>Step 4: Enter Email id: testkiwi108637iG@mailinator.com]]>
    </line>
    <line>
      <![CDATA[<br></br>Step 5: Select any country]]>
    </line>
    <line>
      <![CDATA[<br></br>Step 6: Enter Contact no: 9429186891]]>
    </line>
    <line>
      <![CDATA[<br></br>Step 7: Click on 'Sign Up for 30 days trial' button.]]>
    </line>
    <line>
      <![CDATA[<br></br>Test Case Id : A_SU_05 ]]>
    </line>
    <line>
      <![CDATA[<br></br>Testcase Discription : Click here button in email.]]>
    </line>
    <line>
      <![CDATA[<br></br>Step 1 : Open url:<a>http://automation.zinghr.com/2015/pages/Authentication/SignUp.aspx</a>]]>
    </line>
    <line>
      <![CDATA[<br></br>Step 2: Enter company Name: uJmR]]>
    </line>
    <line>
      <![CDATA[<br></br>Step 3: Display Employee Name: VtXwSr]]>
    </line>
    <line>
      <![CDATA[<br></br>Step 4: Enter Email id: testkiwi369506OJ@mailinator.com]]>
    </line>
    <line>
      <![CDATA[<br></br>Step 5: Select any country]]>
    </line>
    <line>
      <![CDATA[<br></br>Step 6: Enter Contact no: 9429186891]]>
    </line>
    <line>
      <![CDATA[<br></br>Step 7: Click on 'Sign Up for 30 days trial' button.]]>
    </line>
    <line>
      <![CDATA[<br></br>Step 8: Open activation mail.]]>
    </line>
    <line>
      <![CDATA[<br></br>Step 9: Click on 'Click Here' button.]]>
    </line>
    <line>
      <![CDATA[<br></br>Test Case Id : A_SU_06 ]]>
    </line>
    <line>
      <![CDATA[<br></br>Testcase Discription : Activate account twice from same link in activation link.]]>
    </line>
    <line>
      <![CDATA[<br></br>Step 1 : Open url:<a>http://automation.zinghr.com/2015/pages/Authentication/SignUp.aspx</a>]]>
    </line>
    <line>
      <![CDATA[<br></br>Step 2: Enter company Name: XzSB]]>
    </line>
    <line>
      <![CDATA[<br></br>Step 3: Display Employee Name: tnnbMN]]>
    </line>
    <line>
      <![CDATA[<br></br>Step 4: Enter Email id: testkiwi583491xJ@mailinator.com]]>
    </line>
    <line>
      <![CDATA[<br></br>Step 5: Select any country]]>
    </line>
    <line>
      <![CDATA[<br></br>Step 6: Enter Contact no: 9429186891]]>
    </line>
    <line>
      <![CDATA[<br></br>Step 7: Click on 'Sign Up for 30 days trial' button.]]>
    </line>
    <line>
      <![CDATA[<br></br>Step 8: Open ZingHR activation mail.]]>
    </line>
    <line>
      <![CDATA[<br></br>Step 9: Click on 'Click Here' button in mail.]]>
    </line>
    <line>
      <![CDATA[<br></br>Step 10: Enter Password: Test@123]]>
    </line>
    <line>
      <![CDATA[<br></br>To verify Activation page is open or not with Successfully SignUp.]]>
    </line>
    <line>
      <![CDATA[<br><Strong><font color=#008000>Pass</font></strong></br>]]>
    </line>
    <line>
      <![CDATA[<br></br>To verify that the Email is in Proper format.]]>
    </line>
    <line>
      <![CDATA[<br><Strong><font color=#008000>Pass</font></strong></br>]]>
    </line>
    <line>
      <![CDATA[<br></br>To verify that user is able to view 'Thank You message' and 'Click Here' button in Email]]>
    </line>
    <line>
      <![CDATA[<br></br>Test Case Id : A_SU_08, A_SU_10 ]]>
    </line>
    <line>
      <![CDATA[<br></br>Testcase Discription : Click here button in email.]]>
    </line>
    <line>
      <![CDATA[<br></br>Step 1 : Open url:<a>http://automation.zinghr.com/2015/pages/Authentication/SignUp.aspx</a>]]>
    </line>
    <line>
      <![CDATA[<br></br>Step 2: Enter company Name: GvGl]]>
    </line>
    <line>
      <![CDATA[<br></br>Step 3: Display Employee Name: kdTmAJ]]>
    </line>
    <line>
      <![CDATA[<br></br>Step 4: Enter Email id: testkiwi981034OU@mailinator.com]]>
    </line>
    <line>
      <![CDATA[<br></br>Step 5: Select any country]]>
    </line>
    <line>
      <![CDATA[<br></br>Step 6: Enter Contact no: 9429186891]]>
    </line>
    <line>
      <![CDATA[<br></br>Step 7: Click on 'Sign Up for 30 days trial' button.]]>
    </line>
    <line>
      <![CDATA[<br></br>Step 8: Open ZingHR activation mail.]]>
    </line>
    <line>
      <![CDATA[<br></br>Step 9: Click on 'Click Here' button in mail.]]>
    </line>
    <line>
      <![CDATA[<br></br>Step 10: Enter Password: Test123]]>
    </line>
    <line>
      <![CDATA[<br><Strong><font color=#008000>Pass</font></strong></br>]]>
    </line>
    <line>
      <![CDATA[<br></br>Test Case Id : A_SU_12 ]]>
    </line>
    <line>
      <![CDATA[<br></br>Testcase Discription : Click here button in email.]]>
    </line>
    <line>
      <![CDATA[<br></br>Step 1 : Open url:<a>http://automation.zinghr.com/2015/pages/Authentication/SignUp.aspx</a>]]>
    </line>
    <line>
      <![CDATA[<br></br>Step 2: Enter company Name: MQKU]]>
    </line>
    <line>
      <![CDATA[<br></br>Step 3: Display Employee Name: fllXWn]]>
    </line>
    <line>
      <![CDATA[<br></br>Step 4: Enter Email id: testkiwi805387Ks@mailinator.com]]>
    </line>
    <line>
      <![CDATA[<br></br>Step 5: Select any country]]>
    </line>
    <line>
      <![CDATA[<br></br>Step 6: Enter Contact no: 9429186891]]>
    </line>
    <line>
      <![CDATA[<br></br>Step 7: Click on 'Sign Up for 30 days trial' button.]]>
    </line>
    <line>
      <![CDATA[<br></br>Step 8: Open ZingHR activation mail.]]>
    </line>
    <line>
      <![CDATA[<br></br>Step 9: Click on 'Click Here' button in mail.]]>
    </line>
    <line>
      <![CDATA[<br></br>Step 10: Enter Blank Password:  ]]>
    </line>
    <line>
      <![CDATA[<br></br>To verify that user is redirected to Active Sign up page after clicking on 'Click Here' button.]]>
    </line>
    <line>
      <![CDATA[<br><Strong><font color=#008000>Pass</font></strong></br>]]>
    </line>
    <line>
      <![CDATA[<br></br>Test Case Id : A_SU_13 ]]>
    </line>
    <line>
      <![CDATA[<br></br>Testcase Discription : Password progress status for 'Password' field.]]>
    </line>
    <line>
      <![CDATA[<br></br>Step 1 : Open url:<a>http://automation.zinghr.com/2015/pages/Authentication/SignUp.aspx</a>]]>
    </line>
    <line>
      <![CDATA[<br></br>Step 2: Enter company Name: cxxm]]>
    </line>
    <line>
      <![CDATA[<br></br>Step 3: Display Employee Name: qmsFZR]]>
    </line>
    <line>
      <![CDATA[<br></br>Step 4: Enter Email id: testkiwi446193NL@mailinator.com]]>
    </line>
    <line>
      <![CDATA[<br></br>Step 5: Select any country]]>
    </line>
    <line>
      <![CDATA[<br></br>Step 6: Enter Contact no: 9429186891]]>
    </line>
    <line>
      <![CDATA[<br></br>Step 7: Click on 'Sign Up for 30 days trial' button.]]>
    </line>
    <line>
      <![CDATA[<br></br>Step 8: Open ZingHR activation mail.]]>
    </line>
    <line>
      <![CDATA[<br></br>Step 9: Click on 'Click Here' button in mail.]]>
    </line>
    <line>
      <![CDATA[<br></br>Step 10: Enter valid password.]]>
    </line>
    <line>
      <![CDATA[<br></br>Test Case Id : A_SU_14 A_SU_18]]>
    </line>
    <line>
      <![CDATA[<br></br>Testcase Discription : Update account name in 'Activation Page'.]]>
    </line>
    <line>
      <![CDATA[<br></br>Step 1 : Open url:<a>http://automation.zinghr.com/2015/pages/Authentication/SignUp.aspx</a>]]>
    </line>
    <line>
      <![CDATA[<br></br>Step 2: Enter company Name: Tplz]]>
    </line>
    <line>
      <![CDATA[<br></br>Step 3: Display Employee Name: HTQfXX]]>
    </line>
    <line>
      <![CDATA[<br></br>Step 4: Enter Email id: testkiwi847332RA@mailinator.com]]>
    </line>
    <line>
      <![CDATA[<br></br>Step 5: Select any country]]>
    </line>
    <line>
      <![CDATA[<br></br>Step 6: Enter Contact no: 9429186891]]>
    </line>
    <line>
      <![CDATA[<br></br>Step 7: Click on 'Sign Up for 30 days trial' button.]]>
    </line>
    <line>
      <![CDATA[<br></br>Step 8: Open ZingHR activation mail.]]>
    </line>
    <line>
      <![CDATA[<br></br>Step 9: Click on 'Click Here' button in mail.]]>
    </line>
    <line>
      <![CDATA[<br></br>Step 10: Update Account_Name: Tplztest]]>
    </line>
    <line>
      <![CDATA[<br></br>To verify that Password field do not accept blank data.]]>
    </line>
    <line>
      <![CDATA[<br><Strong><font color=#008000>Pass</font></strong></br>]]>
    </line>
    <line>
      <![CDATA[<br></br>Test Case Id : A_SU_15 ]]>
    </line>
    <line>
      <![CDATA[<br></br>Testcase Discription : Activate successfully verification. ]]>
    </line>
    <line>
      <![CDATA[<br></br>Step 1 : Open url:<a>http://automation.zinghr.com/2015/pages/Authentication/SignUp.aspx</a>]]>
    </line>
    <line>
      <![CDATA[<br></br>Step 2: Enter company Name: goiy]]>
    </line>
    <line>
      <![CDATA[<br></br>Step 3: Display Employee Name: hotRef]]>
    </line>
    <line>
      <![CDATA[<br></br>Step 4: Enter Email id: testkiwi371472En@mailinator.com]]>
    </line>
    <line>
      <![CDATA[<br></br>Step 5: Select any one country]]>
    </line>
    <line>
      <![CDATA[<br></br>Step 6: Enter Contact no: 9429186891]]>
    </line>
    <line>
      <![CDATA[<br></br>Step 7: Click on 'Sign Up for 30 days trial' button.]]>
    </line>
    <line>
      <![CDATA[<br></br>Step 8: Open ZingHR activation mail.]]>
    </line>
    <line>
      <![CDATA[<br></br>Step 9: Click on 'Click Here' button in mail.]]>
    </line>
    <line>
      <![CDATA[<br></br>Step 10: Enter Password: Test@123]]>
    </line>
    <line>
      <![CDATA[<br></br>To verify that user is able to enter alphanumeric characters in Password field.]]>
    </line>
    <line>
      <![CDATA[<br><Strong><font color=#008000>Pass</font></strong></br>]]>
    </line>
    <line>
      <![CDATA[<br></br>Step 11: Enter Password:Test@123]]>
    </line>
    <line>
      <![CDATA[<br></br>To verify that user is able to enter alphanumeric characters in Password field.]]>
    </line>
    <line>
      <![CDATA[<br><Strong><font color=#008000>Pass</font></strong></br>]]>
    </line>
    <line>
      <![CDATA[<br></br>To verify Password progress status as per user enter the password.]]>
    </line>
    <line>
      <![CDATA[<br></br>Step 11: Enter Password: T]]>
    </line>
    <line>
      <![CDATA[<br></br>Password status <br>Weak</br>]]>
    </line>
    <line>
      <![CDATA[<br><Strong><font color=#008000>Pass</font></strong></br>]]>
    </line>
    <line>
      <![CDATA[<br></br>Step 11: Enter Password: Test@]]>
    </line>
    <line>
      <![CDATA[<br></br>Password status <br>Better</br>]]>
    </line>
    <line>
      <![CDATA[<br><Strong><font color=#008000>Pass</font></strong></br>]]>
    </line>
    <line>
      <![CDATA[<br></br>Step 11: Enter Password: Test@1]]>
    </line>
    <line>
      <![CDATA[<br></br>Password status <br>Medium</br>]]>
    </line>
    <line>
      <![CDATA[<br></br>Test Case Id : A_SU_17 ]]>
    </line>
    <line>
      <![CDATA[<br></br>Testcase Discription : Activate successfully verification. ]]>
    </line>
    <line>
      <![CDATA[<br></br>Step 1 : Open url:<a>http://automation.zinghr.com/2015/pages/Authentication/SignUp.aspx</a>]]>
    </line>
    <line>
      <![CDATA[<br></br>Step 2: Enter company Name: MuIN]]>
    </line>
    <line>
      <![CDATA[<br></br>Step 3: Display Employee Name: IVogag]]>
    </line>
    <line>
      <![CDATA[<br></br>Step 4: Enter Email id: testkiwi941299uR@mailinator.com]]>
    </line>
    <line>
      <![CDATA[<br></br>Step 5: Select any one country]]>
    </line>
    <line>
      <![CDATA[<br></br>Step 6: Enter Contact no: 9429186891]]>
    </line>
    <line>
      <![CDATA[<br></br>Step 7: Click on 'Sign Up for 30 days trial' button.]]>
    </line>
    <line>
      <![CDATA[<br></br>Step 8: Open ZingHR activation mail.]]>
    </line>
    <line>
      <![CDATA[<br></br>Step 9: Click on 'Click Here' button in mail.]]>
    </line>
    <line>
      <![CDATA[<br></br>Step 10: Enter Password: Test@123]]>
    </line>
    <line>
      <![CDATA[<br><Strong><font color=#008000>Pass</font></strong></br>]]>
    </line>
    <line>
      <![CDATA[<br></br>Step 11: Enter Password: Test@123]]>
    </line>
    <line>
      <![CDATA[<br></br>Password status <br>Strong</br>]]>
    </line>
    <line>
      <![CDATA[<br><Strong><font color=#008000>Pass</font></strong></br>]]>
    </line>
    <line>
      <![CDATA[<br></br>Test Case Id : A_SU_19 ]]>
    </line>
    <line>
      <![CDATA[<br></br>Testcase Discription : Blank Password and Activation Code in 'Activation Page'.]]>
    </line>
    <line>
      <![CDATA[<br></br>Step 1 : Open url:<a>http://automation.zinghr.com/2015/pages/Authentication/SignUp.aspx</a>]]>
    </line>
    <line>
      <![CDATA[<br></br>Step 2: Enter company Name: zdDr]]>
    </line>
    <line>
      <![CDATA[<br></br>Step 3: Display Employee Name: GnOdzb]]>
    </line>
    <line>
      <![CDATA[<br></br>Step 4: Enter Email id: testkiwi459260qC@mailinator.com]]>
    </line>
    <line>
      <![CDATA[<br></br>Step 5: Select any country]]>
    </line>
    <line>
      <![CDATA[<br></br>Step 6: Enter Contact no: 9429186891]]>
    </line>
    <line>
      <![CDATA[<br></br>Step 7: Click on 'Sign Up for 30 days trial' button.]]>
    </line>
    <line>
      <![CDATA[<br></br>Step 8: Open ZingHR activation mail.]]>
    </line>
    <line>
      <![CDATA[<br></br>Step 9: Click on 'Click Here' button in activation mail.]]>
    </line>
    <line>
      <![CDATA[<br></br>Step 10: Update Account_Name: zdDrtest]]>
    </line>
    <line>
      <![CDATA[<br></br>Step 11: Enter Blank password and Activation Code': ]]>
    </line>
    <line>
      <![CDATA[<br></br>To verify that error message is displayed if user enters invalid activation code in Activation code field.]]>
    </line>
    <line>
      <![CDATA[<br><Strong><font color=#008000>Pass</font></strong></br>]]>
    </line>
    <line>
      <![CDATA[<br></br>To verify that user is not able to Activate account twice.]]>
    </line>
    <line>
      <![CDATA[<br><Strong><font color=#008000>Pass</font></strong></br>]]>
    </line>
    <line>
      <![CDATA[<br></br>To verify that appropriate alert message is displayed if user sign ups with empty Activation Code and Password field]]>
    </line>
    <line>
      <![CDATA[<br><Strong><font color=#008000>Pass</font></strong></br>]]>
    </line>
    <line>
      <![CDATA[<br></br>Test Case Id : A_SU_21, L_01 ]]>
    </line>
    <line>
      <![CDATA[<br></br>Testcase Discription : 'Login Page' verification after Activate successfully. ]]>
    </line>
    <line>
      <![CDATA[<br></br>Step 1 : Open url:<a>http://automation.zinghr.com/2015/pages/Authentication/SignUp.aspx</a>]]>
    </line>
    <line>
      <![CDATA[<br></br>Step 2: Enter company Name: STSS]]>
    </line>
    <line>
      <![CDATA[<br></br>Step 3: Display Employee Name: zylIpq]]>
    </line>
    <line>
      <![CDATA[<br></br>Step 4: Enter Email id: testkiwi710852Zo@mailinator.com]]>
    </line>
    <line>
      <![CDATA[<br></br>Step 5: Select any one country]]>
    </line>
    <line>
      <![CDATA[<br></br>Step 6: Enter Contact no: 9429186891]]>
    </line>
    <line>
      <![CDATA[<br></br>Step 7: Click on 'Sign Up for 30 days trial' button.]]>
    </line>
    <line>
      <![CDATA[<br></br>Step 8: Open ZingHR activation mail.]]>
    </line>
    <line>
      <![CDATA[<br></br>Step 9: Click on 'Click Here' button in mail.]]>
    </line>
    <line>
      <![CDATA[<br></br>Step 10: Enter Password: Test@123]]>
    </line>
    <line>
      <![CDATA[<br></br>Step 11: Click on 'ACTIVATE ACCOUNT' button.]]>
    </line>
    <line>
      <![CDATA[<br></br>Step 12: Click on 'Ok' button.]]>
    </line>
    <line>
      <![CDATA[<br></br>Test Case Id : A_SU_23 ]]>
    </line>
    <line>
      <![CDATA[<br></br>Testcase Discription : 'Login Page' verification after Activate successfully. ]]>
    </line>
    <line>
      <![CDATA[<br></br>Step 1 : Open url:<a>http://automation.zinghr.com/2015/pages/Authentication/SignUp.aspx</a>]]>
    </line>
    <line>
      <![CDATA[<br></br>Step 2: Enter company Name: bSgu]]>
    </line>
    <line>
      <![CDATA[<br></br>Step 3: Display Employee Name: wgPGtb]]>
    </line>
    <line>
      <![CDATA[<br></br>Step 4: Enter Email id: testkiwi945214QE@mailinator.com]]>
    </line>
    <line>
      <![CDATA[<br></br>Step 5: Select any one country]]>
    </line>
    <line>
      <![CDATA[<br></br>Step 6: Enter Contact no: 9429186891]]>
    </line>
    <line>
      <![CDATA[<br></br>Step 7: Click on 'Sign Up for 30 days trial' button.]]>
    </line>
    <line>
      <![CDATA[<br></br>Step 8: Open ZingHR activation mail.]]>
    </line>
    <line>
      <![CDATA[<br></br>Step 9: Click on 'Click Here' button in mail.]]>
    </line>
    <line>
      <![CDATA[<br></br>Step 10: Enter Password: Test@123]]>
    </line>
    <line>
      <![CDATA[<br></br>Step 11: Click on 'ACTIVATE ACCOUNT' button.]]>
    </line>
    <line>
      <![CDATA[<br></br>Step 12: Again activate account with same 'Activation Code' and 'Company name'.]]>
    </line>
    <line>
      <![CDATA[<br></br>To verify that user is able to edit/update Account/Company Name.]]>
    </line>
    <line>
      <![CDATA[<br><Strong><font color=#008000>Pass</font></strong></br>]]>
    </line>
    <line>
      <![CDATA[<br></br>To verify that after clicking on Activate Account button user account is activated successfully]]>
    </line>
    <line>
      <![CDATA[<br><Strong><font color=#008000>Pass</font></strong></br>]]>
    </line>
    <line>
      <![CDATA[<br></br>Test Case Id : A_SU_16]]>
    </line>
    <line>
      <![CDATA[<br></br>To verify that successful message along with Company Code,Employee Code and Password is displayed after clicking on Activate Account button.]]>
    </line>
    <line>
      <![CDATA[<br><Strong><font color=#008000>Pass</font></strong></br>]]>
    </line>
    <line>
      <![CDATA[<br></br>To verify that After clicking on 'Ok' button of successful message user is redirected to login page.]]>
    </line>
    <line>
      <![CDATA[<br><Strong><font color=#008000>Pass</font></strong></br>]]>
    </line>
    <line>
      <![CDATA[<br></br>To verify that user is redirected to <b> http://qa.zinghr.com/2015/pages/authentication/login.aspx</b> page after clicking on OK button from Successful dialog]]>
    </line>
    <line>
      <![CDATA[<br><Strong><font color=#008000>Pass</font></strong></br>]]>
    </line>
    <line>
      <![CDATA[<br></br>To verify that appropriate error message is displayed if user enters already used activation code and Company Name.]]>
    </line>
    <line>
      <![CDATA[<br><Strong><font color=#008000>Pass</font></strong></br>]]>
    </line>
  </reporter-output>
  <suite name="ZingHr - SignUp Module" duration-ms="1098983" started-at="2015-12-09T04:51:45Z" finished-at="2015-12-09T05:10:04Z">
    <groups>
    </groups>
    <test name="SU_06: To verify that error message is displayed when enters less than three characters in &#039;Company Name&#039; field" duration-ms="44655" started-at="2015-12-09T04:51:45Z" finished-at="2015-12-09T04:52:29Z">
      <class name="com.zinghr.signup.index.SignupIndex">
        <test-method status="PASS" signature="fetchSuiteConfiguration(org.testng.ITestContext)[pri:0, instance:com.zinghr.signup.index.SignupIndex@3498ed]" name="fetchSuiteConfiguration" is-config="true" duration-ms="115" started-at="2015-12-09T10:21:45Z" finished-at="2015-12-09T10:21:45Z">
          <params>
            <param index="0">
              <value>
                <![CDATA[org.testng.TestRunner@18df8434]]>
              </value>
            </param>
          </params>
          <reporter-output>
          </reporter-output>
        </test-method> <!-- fetchSuiteConfiguration -->
        <test-method status="PASS" signature="setUp(java.lang.reflect.Method, org.testng.ITestContext)[pri:0, instance:com.zinghr.signup.index.SignupIndex@3498ed]" name="setUp" is-config="true" duration-ms="10238" started-at="2015-12-09T10:21:45Z" finished-at="2015-12-09T10:21:55Z">
          <params>
            <param index="0">
              <value>
                <![CDATA[public void com.zinghr.signup.index.SignupIndex.companynameFieldlessthan3() throws java.lang.Exception]]>
              </value>
            </param>
            <param index="1">
              <value>
                <![CDATA[org.testng.TestRunner@18df8434]]>
              </value>
            </param>
          </params>
          <reporter-output>
          </reporter-output>
        </test-method> <!-- setUp -->
        <test-method status="PASS" signature="companynameFieldlessthan3()[pri:0, instance:com.zinghr.signup.index.SignupIndex@3498ed]" name="companynameFieldlessthan3" duration-ms="23823" started-at="2015-12-09T10:21:55Z" finished-at="2015-12-09T10:22:19Z">
          <reporter-output>
            <line>
              <![CDATA[<br></br>Test Case Id : SU_06 ]]>
            </line>
            <line>
              <![CDATA[<br></br>Testcase Discription : Field validation for 'Company name' field]]>
            </line>
            <line>
              <![CDATA[<br></br>Step 1 : Open url:<a>http://automation.zinghr.com/2015/pages/Authentication/SignUp.aspx</a>]]>
            </line>
            <line>
              <![CDATA[<br></br>Step 2: Enter less than three characters in company Name: nT]]>
            </line>
            <line>
              <![CDATA[<br></br>To verify that appropriate error message is displayed if user enters less than three characters in 'Company Name' field]]>
            </line>
            <line>
              <![CDATA[<br><Strong><font color=#008000>Pass</font></strong></br>]]>
            </line>
          </reporter-output>
        </test-method> <!-- companynameFieldlessthan3 -->
        <test-method status="PASS" signature="tearDown(org.testng.ITestResult)[pri:0, instance:com.zinghr.signup.index.SignupIndex@3498ed]" name="tearDown" is-config="true" duration-ms="10457" started-at="2015-12-09T10:22:19Z" finished-at="2015-12-09T10:22:29Z">
          <params>
            <param index="0">
              <value>
                <![CDATA[[TestResult name=companynameFieldlessthan3 status=SUCCESS method=SignupIndex.companynameFieldlessthan3()[pri:0, instance:com.zinghr.signup.index.SignupIndex@3498ed] output=<br></br>Test Case Id : SU_06 ]]]>
              </value>
            </param>
          </params>
          <reporter-output>
          </reporter-output>
        </test-method> <!-- tearDown -->
      </class> <!-- com.zinghr.signup.index.SignupIndex -->
    </test> <!-- SU_06: To verify that error message is displayed when enters less than three characters in 'Company Name' field -->
    <test name="SU_08: To verify that user is able to enter alphabets in &#039;Display Name&#039; field." duration-ms="53092" started-at="2015-12-09T04:51:45Z" finished-at="2015-12-09T04:52:38Z">
      <class name="com.zinghr.signup.index.SignupIndex">
        <test-method status="PASS" signature="fetchSuiteConfiguration(org.testng.ITestContext)[pri:0, instance:com.zinghr.signup.index.SignupIndex@2ed94a8b]" name="fetchSuiteConfiguration" is-config="true" duration-ms="107" started-at="2015-12-09T10:21:45Z" finished-at="2015-12-09T10:21:45Z">
          <params>
            <param index="0">
              <value>
                <![CDATA[org.testng.TestRunner@229c6181]]>
              </value>
            </param>
          </params>
          <reporter-output>
          </reporter-output>
        </test-method> <!-- fetchSuiteConfiguration -->
        <test-method status="PASS" signature="setUp(java.lang.reflect.Method, org.testng.ITestContext)[pri:0, instance:com.zinghr.signup.index.SignupIndex@2ed94a8b]" name="setUp" is-config="true" duration-ms="19246" started-at="2015-12-09T10:21:45Z" finished-at="2015-12-09T10:22:04Z">
          <params>
            <param index="0">
              <value>
                <![CDATA[public void com.zinghr.signup.index.SignupIndex.displaynameFieldAlphabet() throws java.lang.Exception]]>
              </value>
            </param>
            <param index="1">
              <value>
                <![CDATA[org.testng.TestRunner@229c6181]]>
              </value>
            </param>
          </params>
          <reporter-output>
          </reporter-output>
        </test-method> <!-- setUp -->
        <test-method status="PASS" signature="displaynameFieldAlphabet()[pri:0, instance:com.zinghr.signup.index.SignupIndex@2ed94a8b]" name="displaynameFieldAlphabet" duration-ms="23321" started-at="2015-12-09T10:22:04Z" finished-at="2015-12-09T10:22:27Z">
          <reporter-output>
            <line>
              <![CDATA[<br></br>Test Case Id : SU_08 ]]>
            </line>
            <line>
              <![CDATA[<br></br>Testcase Discription : Field validation for 'Display name' field]]>
            </line>
            <line>
              <![CDATA[<br></br>Step 1 : Open url:<a>http://automation.zinghr.com/2015/pages/Authentication/SignUp.aspx</a>]]>
            </line>
            <line>
              <![CDATA[<br></br>Step 2: Enter 'Company Name':DgJH]]>
            </line>
            <line>
              <![CDATA[<br></br>Step 3: Enter alphabet in 'Display  Admin Name': ogqvJZ]]>
            </line>
            <line>
              <![CDATA[<br></br>To verify that user is able to enter alphabets in 'Display Name' field]]>
            </line>
            <line>
              <![CDATA[<br><Strong><font color=#008000>Pass</font></strong></br>]]>
            </line>
          </reporter-output>
        </test-method> <!-- displaynameFieldAlphabet -->
        <test-method status="PASS" signature="tearDown(org.testng.ITestResult)[pri:0, instance:com.zinghr.signup.index.SignupIndex@2ed94a8b]" name="tearDown" is-config="true" duration-ms="10389" started-at="2015-12-09T10:22:27Z" finished-at="2015-12-09T10:22:38Z">
          <params>
            <param index="0">
              <value>
                <![CDATA[[TestResult name=displaynameFieldAlphabet status=SUCCESS method=SignupIndex.displaynameFieldAlphabet()[pri:0, instance:com.zinghr.signup.index.SignupIndex@2ed94a8b] output=<br></br>Test Case Id : SU_08 ]]]>
              </value>
            </param>
          </params>
          <reporter-output>
          </reporter-output>
        </test-method> <!-- tearDown -->
      </class> <!-- com.zinghr.signup.index.SignupIndex -->
    </test> <!-- SU_08: To verify that user is able to enter alphabets in 'Display Name' field. -->
    <test name="SU_03: To verify that user is able to enter alphanumeric characters in &#039;Company Name&#039; field" duration-ms="64733" started-at="2015-12-09T04:51:45Z" finished-at="2015-12-09T04:52:49Z">
      <class name="com.zinghr.signup.index.SignupIndex">
        <test-method status="PASS" signature="fetchSuiteConfiguration(org.testng.ITestContext)[pri:0, instance:com.zinghr.signup.index.SignupIndex@6a5fc7f7]" name="fetchSuiteConfiguration" is-config="true" duration-ms="109" started-at="2015-12-09T10:21:45Z" finished-at="2015-12-09T10:21:45Z">
          <params>
            <param index="0">
              <value>
                <![CDATA[org.testng.TestRunner@4686afc2]]>
              </value>
            </param>
          </params>
          <reporter-output>
          </reporter-output>
        </test-method> <!-- fetchSuiteConfiguration -->
        <test-method status="PASS" signature="setUp(java.lang.reflect.Method, org.testng.ITestContext)[pri:0, instance:com.zinghr.signup.index.SignupIndex@6a5fc7f7]" name="setUp" is-config="true" duration-ms="30251" started-at="2015-12-09T10:21:45Z" finished-at="2015-12-09T10:22:15Z">
          <params>
            <param index="0">
              <value>
                <![CDATA[public void com.zinghr.signup.index.SignupIndex.companynameFieldAlphanumeric() throws java.lang.Exception]]>
              </value>
            </param>
            <param index="1">
              <value>
                <![CDATA[org.testng.TestRunner@4686afc2]]>
              </value>
            </param>
          </params>
          <reporter-output>
          </reporter-output>
        </test-method> <!-- setUp -->
        <test-method status="PASS" signature="companynameFieldAlphanumeric()[pri:0, instance:com.zinghr.signup.index.SignupIndex@6a5fc7f7]" name="companynameFieldAlphanumeric" duration-ms="24050" started-at="2015-12-09T10:22:15Z" finished-at="2015-12-09T10:22:39Z">
          <reporter-output>
            <line>
              <![CDATA[<br></br>Test Case Id : SU_03 ]]>
            </line>
            <line>
              <![CDATA[<br></br>Testcase Discription : Field validation for 'Company name' field]]>
            </line>
            <line>
              <![CDATA[<br></br>Step 1 : Open url:<a>http://automation.zinghr.com/2015/pages/Authentication/SignUp.aspx</a>]]>
            </line>
            <line>
              <![CDATA[<br></br>Step 2: Enter Alphanumeric value in company Name: pKOc]]>
            </line>
            <line>
              <![CDATA[<br></br>To verify that user is able to enter Alphanumeric characters in 'Company Name' field]]>
            </line>
            <line>
              <![CDATA[<br><Strong><font color=#008000>Pass</font></strong></br>]]>
            </line>
          </reporter-output>
        </test-method> <!-- companynameFieldAlphanumeric -->
        <test-method status="PASS" signature="tearDown(org.testng.ITestResult)[pri:0, instance:com.zinghr.signup.index.SignupIndex@6a5fc7f7]" name="tearDown" is-config="true" duration-ms="10295" started-at="2015-12-09T10:22:39Z" finished-at="2015-12-09T10:22:49Z">
          <params>
            <param index="0">
              <value>
                <![CDATA[[TestResult name=companynameFieldAlphanumeric status=SUCCESS method=SignupIndex.companynameFieldAlphanumeric()[pri:0, instance:com.zinghr.signup.index.SignupIndex@6a5fc7f7] output=<br></br>Test Case Id : SU_03 ]]]>
              </value>
            </param>
          </params>
          <reporter-output>
          </reporter-output>
        </test-method> <!-- tearDown -->
      </class> <!-- com.zinghr.signup.index.SignupIndex -->
    </test> <!-- SU_03: To verify that user is able to enter alphanumeric characters in 'Company Name' field -->
    <test name="SU_04: To verify that the company name field do not accept blank space" duration-ms="67806" started-at="2015-12-09T04:51:45Z" finished-at="2015-12-09T04:52:52Z">
      <class name="com.zinghr.signup.index.SignupIndex">
        <test-method status="PASS" signature="fetchSuiteConfiguration(org.testng.ITestContext)[pri:0, instance:com.zinghr.signup.index.SignupIndex@6108b2d7]" name="fetchSuiteConfiguration" is-config="true" duration-ms="118" started-at="2015-12-09T10:21:45Z" finished-at="2015-12-09T10:21:45Z">
          <params>
            <param index="0">
              <value>
                <![CDATA[org.testng.TestRunner@1e0b4072]]>
              </value>
            </param>
          </params>
          <reporter-output>
          </reporter-output>
        </test-method> <!-- fetchSuiteConfiguration -->
        <test-method status="PASS" signature="setUp(java.lang.reflect.Method, org.testng.ITestContext)[pri:0, instance:com.zinghr.signup.index.SignupIndex@6108b2d7]" name="setUp" is-config="true" duration-ms="34632" started-at="2015-12-09T10:21:45Z" finished-at="2015-12-09T10:22:19Z">
          <params>
            <param index="0">
              <value>
                <![CDATA[public void com.zinghr.signup.index.SignupIndex.companynameFieldBlank() throws java.lang.Exception]]>
              </value>
            </param>
            <param index="1">
              <value>
                <![CDATA[org.testng.TestRunner@1e0b4072]]>
              </value>
            </param>
          </params>
          <reporter-output>
          </reporter-output>
        </test-method> <!-- setUp -->
        <test-method status="PASS" signature="companynameFieldBlank()[pri:0, instance:com.zinghr.signup.index.SignupIndex@6108b2d7]" name="companynameFieldBlank" duration-ms="22644" started-at="2015-12-09T10:22:19Z" finished-at="2015-12-09T10:22:42Z">
          <reporter-output>
            <line>
              <![CDATA[<br></br>Test Case Id : SU_04 ]]>
            </line>
            <line>
              <![CDATA[<br></br>Testcase Discription : Field validation for 'Company name' field]]>
            </line>
            <line>
              <![CDATA[<br></br>Step 1 : Open url:<a>http://automation.zinghr.com/2015/pages/Authentication/SignUp.aspx</a>]]>
            </line>
            <line>
              <![CDATA[<br></br>Step 2: Enter Blank space in company Name:  ]]>
            </line>
            <line>
              <![CDATA[<br></br>To verify that the company name field do not accept blank space.]]>
            </line>
            <line>
              <![CDATA[<br><Strong><font color=#008000>Pass</font></strong></br>]]>
            </line>
          </reporter-output>
        </test-method> <!-- companynameFieldBlank -->
        <test-method status="PASS" signature="tearDown(org.testng.ITestResult)[pri:0, instance:com.zinghr.signup.index.SignupIndex@6108b2d7]" name="tearDown" is-config="true" duration-ms="10392" started-at="2015-12-09T10:22:42Z" finished-at="2015-12-09T10:22:52Z">
          <params>
            <param index="0">
              <value>
                <![CDATA[[TestResult name=companynameFieldBlank status=SUCCESS method=SignupIndex.companynameFieldBlank()[pri:0, instance:com.zinghr.signup.index.SignupIndex@6108b2d7] output=<br></br>Test Case Id : SU_04 ]]]>
              </value>
            </param>
          </params>
          <reporter-output>
          </reporter-output>
        </test-method> <!-- tearDown -->
      </class> <!-- com.zinghr.signup.index.SignupIndex -->
    </test> <!-- SU_04: To verify that the company name field do not accept blank space -->
    <test name="SU_07: To verify alert message is displayed when sign ups with empty &#039;Company Name&#039; field." duration-ms="73106" started-at="2015-12-09T04:51:45Z" finished-at="2015-12-09T04:52:58Z">
      <class name="com.zinghr.signup.index.SignupIndex">
        <test-method status="PASS" signature="fetchSuiteConfiguration(org.testng.ITestContext)[pri:0, instance:com.zinghr.signup.index.SignupIndex@3cda1055]" name="fetchSuiteConfiguration" is-config="true" duration-ms="42" started-at="2015-12-09T10:21:45Z" finished-at="2015-12-09T10:21:45Z">
          <params>
            <param index="0">
              <value>
                <![CDATA[org.testng.TestRunner@791f145a]]>
              </value>
            </param>
          </params>
          <reporter-output>
          </reporter-output>
        </test-method> <!-- fetchSuiteConfiguration -->
        <test-method status="PASS" signature="setUp(java.lang.reflect.Method, org.testng.ITestContext)[pri:0, instance:com.zinghr.signup.index.SignupIndex@3cda1055]" name="setUp" is-config="true" duration-ms="41433" started-at="2015-12-09T10:21:45Z" finished-at="2015-12-09T10:22:26Z">
          <params>
            <param index="0">
              <value>
                <![CDATA[public void com.zinghr.signup.index.SignupIndex.companynameFieldEmpty() throws java.lang.Exception]]>
              </value>
            </param>
            <param index="1">
              <value>
                <![CDATA[org.testng.TestRunner@791f145a]]>
              </value>
            </param>
          </params>
          <reporter-output>
          </reporter-output>
        </test-method> <!-- setUp -->
        <test-method status="PASS" signature="companynameFieldEmpty()[pri:0, instance:com.zinghr.signup.index.SignupIndex@3cda1055]" name="companynameFieldEmpty" duration-ms="21244" started-at="2015-12-09T10:22:26Z" finished-at="2015-12-09T10:22:47Z">
          <reporter-output>
            <line>
              <![CDATA[<br></br>Test Case Id : SU_07 ]]>
            </line>
            <line>
              <![CDATA[<br></br>Testcase Discription : Field validation for 'Company name' field]]>
            </line>
            <line>
              <![CDATA[<br></br>Step 1 : Open url:<a>http://automation.zinghr.com/2015/pages/Authentication/SignUp.aspx</a>]]>
            </line>
            <line>
              <![CDATA[<br></br>Step 2: Do not enter any data into 'Company Code'.]]>
            </line>
            <line>
              <![CDATA[<br></br>Step 3: Display Employee Name: EJfrgj]]>
            </line>
            <line>
              <![CDATA[<br></br>Step 4: Enter Email id: testkiwi290634xd@mailinator.com]]>
            </line>
            <line>
              <![CDATA[<br></br>Step 5: Select any country]]>
            </line>
            <line>
              <![CDATA[<br></br>Step 6: Enter Contact no: 9429186891]]>
            </line>
            <line>
              <![CDATA[<br></br>To verify that appropriate alert message 'Please Enter company name' is displayed when user sign ups with empty Company Name field]]>
            </line>
            <line>
              <![CDATA[<br><Strong><font color=#008000>Pass</font></strong></br>]]>
            </line>
          </reporter-output>
        </test-method> <!-- companynameFieldEmpty -->
        <test-method status="PASS" signature="tearDown(org.testng.ITestResult)[pri:0, instance:com.zinghr.signup.index.SignupIndex@3cda1055]" name="tearDown" is-config="true" duration-ms="10298" started-at="2015-12-09T10:22:47Z" finished-at="2015-12-09T10:22:58Z">
          <params>
            <param index="0">
              <value>
                <![CDATA[[TestResult name=companynameFieldEmpty status=SUCCESS method=SignupIndex.companynameFieldEmpty()[pri:0, instance:com.zinghr.signup.index.SignupIndex@3cda1055] output=<br></br>Test Case Id : SU_07 ]]]>
              </value>
            </param>
          </params>
          <reporter-output>
          </reporter-output>
        </test-method> <!-- tearDown -->
      </class> <!-- com.zinghr.signup.index.SignupIndex -->
    </test> <!-- SU_07: To verify alert message is displayed when sign ups with empty 'Company Name' field. -->
    <test name="SU_09: To verify that appropriate error message is displayed when user enters special characters and numeric value in &#039;display Name&#039; field" duration-ms="44829" started-at="2015-12-09T04:52:29Z" finished-at="2015-12-09T04:53:14Z">
      <class name="com.zinghr.signup.index.SignupIndex">
        <test-method status="PASS" signature="fetchSuiteConfiguration(org.testng.ITestContext)[pri:0, instance:com.zinghr.signup.index.SignupIndex@64616ca2]" name="fetchSuiteConfiguration" is-config="true" duration-ms="0" started-at="2015-12-09T10:22:29Z" finished-at="2015-12-09T10:22:29Z">
          <params>
            <param index="0">
              <value>
                <![CDATA[org.testng.TestRunner@38cee291]]>
              </value>
            </param>
          </params>
          <reporter-output>
          </reporter-output>
        </test-method> <!-- fetchSuiteConfiguration -->
        <test-method status="PASS" signature="setUp(java.lang.reflect.Method, org.testng.ITestContext)[pri:0, instance:com.zinghr.signup.index.SignupIndex@64616ca2]" name="setUp" is-config="true" duration-ms="11093" started-at="2015-12-09T10:22:29Z" finished-at="2015-12-09T10:22:40Z">
          <params>
            <param index="0">
              <value>
                <![CDATA[public void com.zinghr.signup.index.SignupIndex.displaynameFieldInvalid() throws java.lang.Exception]]>
              </value>
            </param>
            <param index="1">
              <value>
                <![CDATA[org.testng.TestRunner@38cee291]]>
              </value>
            </param>
          </params>
          <reporter-output>
          </reporter-output>
        </test-method> <!-- setUp -->
        <test-method status="PASS" signature="displaynameFieldInvalid()[pri:0, instance:com.zinghr.signup.index.SignupIndex@64616ca2]" name="displaynameFieldInvalid" duration-ms="23137" started-at="2015-12-09T10:22:40Z" finished-at="2015-12-09T10:23:04Z">
          <reporter-output>
            <line>
              <![CDATA[<br></br>Test Case Id : SU_09 ]]>
            </line>
            <line>
              <![CDATA[<br></br>Testcase Discription : Field validation for 'Display name' field]]>
            </line>
            <line>
              <![CDATA[<br></br>Step 1 : Open url:<a>http://automation.zinghr.com/2015/pages/Authentication/SignUp.aspx</a>]]>
            </line>
            <line>
              <![CDATA[<br></br>Step 2: Enter 'Company Name':GqPg]]>
            </line>
            <line>
              <![CDATA[<br></br>Step 3: Enter invalid data in 'Display Admin Name': %&^%6545as]]>
            </line>
            <line>
              <![CDATA[<br></br>To verify that appropriate error message is displayed when user enters special characters and numeric value in 'display Name' field]]>
            </line>
            <line>
              <![CDATA[<br><Strong><font color=#008000>Pass</font></strong></br>]]>
            </line>
          </reporter-output>
        </test-method> <!-- displaynameFieldInvalid -->
        <test-method status="PASS" signature="tearDown(org.testng.ITestResult)[pri:0, instance:com.zinghr.signup.index.SignupIndex@64616ca2]" name="tearDown" is-config="true" duration-ms="10542" started-at="2015-12-09T10:23:04Z" finished-at="2015-12-09T10:23:14Z">
          <params>
            <param index="0">
              <value>
                <![CDATA[[TestResult name=displaynameFieldInvalid status=SUCCESS method=SignupIndex.displaynameFieldInvalid()[pri:0, instance:com.zinghr.signup.index.SignupIndex@64616ca2] output=<br></br>Test Case Id : SU_09 ]]]>
              </value>
            </param>
          </params>
          <reporter-output>
          </reporter-output>
        </test-method> <!-- tearDown -->
      </class> <!-- com.zinghr.signup.index.SignupIndex -->
    </test> <!-- SU_09: To verify that appropriate error message is displayed when user enters special characters and numeric value in 'display Name' field -->
    <test name="SU_11: To verify that the company name field do not accept blank space." duration-ms="46890" started-at="2015-12-09T04:52:38Z" finished-at="2015-12-09T04:53:25Z">
      <class name="com.zinghr.signup.index.SignupIndex">
        <test-method status="PASS" signature="fetchSuiteConfiguration(org.testng.ITestContext)[pri:0, instance:com.zinghr.signup.index.SignupIndex@1324409e]" name="fetchSuiteConfiguration" is-config="true" duration-ms="0" started-at="2015-12-09T10:22:38Z" finished-at="2015-12-09T10:22:38Z">
          <params>
            <param index="0">
              <value>
                <![CDATA[org.testng.TestRunner@4b45a2f5]]>
              </value>
            </param>
          </params>
          <reporter-output>
          </reporter-output>
        </test-method> <!-- fetchSuiteConfiguration -->
        <test-method status="PASS" signature="setUp(java.lang.reflect.Method, org.testng.ITestContext)[pri:0, instance:com.zinghr.signup.index.SignupIndex@1324409e]" name="setUp" is-config="true" duration-ms="11909" started-at="2015-12-09T10:22:38Z" finished-at="2015-12-09T10:22:50Z">
          <params>
            <param index="0">
              <value>
                <![CDATA[public void com.zinghr.signup.index.SignupIndex.displaynameFieldBlank() throws java.lang.Exception]]>
              </value>
            </param>
            <param index="1">
              <value>
                <![CDATA[org.testng.TestRunner@4b45a2f5]]>
              </value>
            </param>
          </params>
          <reporter-output>
          </reporter-output>
        </test-method> <!-- setUp -->
        <test-method status="PASS" signature="displaynameFieldBlank()[pri:0, instance:com.zinghr.signup.index.SignupIndex@1324409e]" name="displaynameFieldBlank" duration-ms="24676" started-at="2015-12-09T10:22:50Z" finished-at="2015-12-09T10:23:14Z">
          <reporter-output>
            <line>
              <![CDATA[<br></br>Test Case Id : SU_11 ]]>
            </line>
            <line>
              <![CDATA[<br></br>Testcase Discription : Field validation for 'Display Name' field]]>
            </line>
            <line>
              <![CDATA[<br></br>Step 1: Open url:<a>http://automation.zinghr.com/2015/pages/Authentication/SignUp.aspx</a>]]>
            </line>
            <line>
              <![CDATA[<br></br>Step 2: Enter Blank space in 'Display AdminName':  ]]>
            </line>
            <line>
              <![CDATA[<br></br>To verify that the company name field do not accept blank space]]>
            </line>
            <line>
              <![CDATA[<br><Strong><font color=#008000>Pass</font></strong></br>]]>
            </line>
          </reporter-output>
        </test-method> <!-- displaynameFieldBlank -->
        <test-method status="PASS" signature="tearDown(org.testng.ITestResult)[pri:0, instance:com.zinghr.signup.index.SignupIndex@1324409e]" name="tearDown" is-config="true" duration-ms="10303" started-at="2015-12-09T10:23:14Z" finished-at="2015-12-09T10:23:25Z">
          <params>
            <param index="0">
              <value>
                <![CDATA[[TestResult name=displaynameFieldBlank status=SUCCESS method=SignupIndex.displaynameFieldBlank()[pri:0, instance:com.zinghr.signup.index.SignupIndex@1324409e] output=<br></br>Test Case Id : SU_11 ]]]>
              </value>
            </param>
          </params>
          <reporter-output>
          </reporter-output>
        </test-method> <!-- tearDown -->
      </class> <!-- com.zinghr.signup.index.SignupIndex -->
    </test> <!-- SU_11: To verify that the company name field do not accept blank space. -->
    <test name="SU_12: To verify that valid email format for &#039;Email id&#039; field." duration-ms="42304" started-at="2015-12-09T04:52:49Z" finished-at="2015-12-09T04:53:32Z">
      <class name="com.zinghr.signup.index.SignupIndex">
        <test-method status="PASS" signature="fetchSuiteConfiguration(org.testng.ITestContext)[pri:0, instance:com.zinghr.signup.index.SignupIndex@1e67b872]" name="fetchSuiteConfiguration" is-config="true" duration-ms="1" started-at="2015-12-09T10:22:49Z" finished-at="2015-12-09T10:22:49Z">
          <params>
            <param index="0">
              <value>
                <![CDATA[org.testng.TestRunner@f09733f]]>
              </value>
            </param>
          </params>
          <reporter-output>
          </reporter-output>
        </test-method> <!-- fetchSuiteConfiguration -->
        <test-method status="PASS" signature="setUp(java.lang.reflect.Method, org.testng.ITestContext)[pri:0, instance:com.zinghr.signup.index.SignupIndex@1e67b872]" name="setUp" is-config="true" duration-ms="8928" started-at="2015-12-09T10:22:49Z" finished-at="2015-12-09T10:22:58Z">
          <params>
            <param index="0">
              <value>
                <![CDATA[public void com.zinghr.signup.index.SignupIndex.emailidFieldValid() throws java.lang.Exception]]>
              </value>
            </param>
            <param index="1">
              <value>
                <![CDATA[org.testng.TestRunner@f09733f]]>
              </value>
            </param>
          </params>
          <reporter-output>
          </reporter-output>
        </test-method> <!-- setUp -->
        <test-method status="PASS" signature="emailidFieldValid()[pri:0, instance:com.zinghr.signup.index.SignupIndex@1e67b872]" name="emailidFieldValid" duration-ms="23019" started-at="2015-12-09T10:22:58Z" finished-at="2015-12-09T10:23:21Z">
          <reporter-output>
            <line>
              <![CDATA[<br></br>Test Case Id : SU_12 ]]>
            </line>
            <line>
              <![CDATA[<br></br>Testcase Discription : Field validation for 'Email ID' field]]>
            </line>
            <line>
              <![CDATA[<br></br>Step 1 : Open url:<a>http://automation.zinghr.com/2015/pages/Authentication/SignUp.aspx</a>]]>
            </line>
            <line>
              <![CDATA[<br></br>Step 2: Enter valid 'Email Id': testkiwi632890Su@mailinator.com]]>
            </line>
            <line>
              <![CDATA[<br></br>To verify that Email id field accepts valid email id format.]]>
            </line>
            <line>
              <![CDATA[<br><Strong><font color=#008000>Pass</font></strong></br>]]>
            </line>
          </reporter-output>
        </test-method> <!-- emailidFieldValid -->
        <test-method status="PASS" signature="tearDown(org.testng.ITestResult)[pri:0, instance:com.zinghr.signup.index.SignupIndex@1e67b872]" name="tearDown" is-config="true" duration-ms="10356" started-at="2015-12-09T10:23:21Z" finished-at="2015-12-09T10:23:32Z">
          <params>
            <param index="0">
              <value>
                <![CDATA[[TestResult name=emailidFieldValid status=SUCCESS method=SignupIndex.emailidFieldValid()[pri:0, instance:com.zinghr.signup.index.SignupIndex@1e67b872] output=<br></br>Test Case Id : SU_12 ]]]>
              </value>
            </param>
          </params>
          <reporter-output>
          </reporter-output>
        </test-method> <!-- tearDown -->
      </class> <!-- com.zinghr.signup.index.SignupIndex -->
    </test> <!-- SU_12: To verify that valid email format for 'Email id' field. -->
    <test name="SU_13: To verify error message is displayed when user enter invalid email in Email field." duration-ms="50500" started-at="2015-12-09T04:52:52Z" finished-at="2015-12-09T04:53:43Z">
      <class name="com.zinghr.signup.index.SignupIndex">
        <test-method status="PASS" signature="fetchSuiteConfiguration(org.testng.ITestContext)[pri:0, instance:com.zinghr.signup.index.SignupIndex@2d554825]" name="fetchSuiteConfiguration" is-config="true" duration-ms="0" started-at="2015-12-09T10:22:52Z" finished-at="2015-12-09T10:22:52Z">
          <params>
            <param index="0">
              <value>
                <![CDATA[org.testng.TestRunner@e350b40]]>
              </value>
            </param>
          </params>
          <reporter-output>
          </reporter-output>
        </test-method> <!-- fetchSuiteConfiguration -->
        <test-method status="PASS" signature="setUp(java.lang.reflect.Method, org.testng.ITestContext)[pri:0, instance:com.zinghr.signup.index.SignupIndex@2d554825]" name="setUp" is-config="true" duration-ms="17067" started-at="2015-12-09T10:22:52Z" finished-at="2015-12-09T10:23:09Z">
          <params>
            <param index="0">
              <value>
                <![CDATA[public void com.zinghr.signup.index.SignupIndex.emailidFieldInvalid() throws java.lang.Exception]]>
              </value>
            </param>
            <param index="1">
              <value>
                <![CDATA[org.testng.TestRunner@e350b40]]>
              </value>
            </param>
          </params>
          <reporter-output>
          </reporter-output>
        </test-method> <!-- setUp -->
        <test-method status="PASS" signature="emailidFieldInvalid()[pri:0, instance:com.zinghr.signup.index.SignupIndex@2d554825]" name="emailidFieldInvalid" duration-ms="23012" started-at="2015-12-09T10:23:09Z" finished-at="2015-12-09T10:23:32Z">
          <reporter-output>
            <line>
              <![CDATA[<br></br>Test Case Id : SU_13 ]]>
            </line>
            <line>
              <![CDATA[<br></br>Testcase Discription : Field validation for 'Email ID' field]]>
            </line>
            <line>
              <![CDATA[<br></br>Step 1 : Open url:<a>http://automation.zinghr.com/2015/pages/Authentication/SignUp.aspx</a>]]>
            </line>
            <line>
              <![CDATA[<br></br>Step 2: Enter invalid 'Email Id': kw816240@mi@ki]]>
            </line>
            <line>
              <![CDATA[<br></br>To verify that appropriate error message is displayed when user enter invalid email format in Email field.]]>
            </line>
            <line>
              <![CDATA[<br><Strong><font color=#008000>Pass</font></strong></br>]]>
            </line>
          </reporter-output>
        </test-method> <!-- emailidFieldInvalid -->
        <test-method status="PASS" signature="tearDown(org.testng.ITestResult)[pri:0, instance:com.zinghr.signup.index.SignupIndex@2d554825]" name="tearDown" is-config="true" duration-ms="10419" started-at="2015-12-09T10:23:32Z" finished-at="2015-12-09T10:23:43Z">
          <params>
            <param index="0">
              <value>
                <![CDATA[[TestResult name=emailidFieldInvalid status=SUCCESS method=SignupIndex.emailidFieldInvalid()[pri:0, instance:com.zinghr.signup.index.SignupIndex@2d554825] output=<br></br>Test Case Id : SU_13 ]]]>
              </value>
            </param>
          </params>
          <reporter-output>
          </reporter-output>
        </test-method> <!-- tearDown -->
      </class> <!-- com.zinghr.signup.index.SignupIndex -->
    </test> <!-- SU_13: To verify error message is displayed when user enter invalid email in Email field. -->
    <test name="SU_14: To verify that Email id field do not accept blank data." duration-ms="50960" started-at="2015-12-09T04:52:58Z" finished-at="2015-12-09T04:53:49Z">
      <class name="com.zinghr.signup.index.SignupIndex">
        <test-method status="PASS" signature="fetchSuiteConfiguration(org.testng.ITestContext)[pri:0, instance:com.zinghr.signup.index.SignupIndex@47f6473]" name="fetchSuiteConfiguration" is-config="true" duration-ms="1" started-at="2015-12-09T10:22:58Z" finished-at="2015-12-09T10:22:58Z">
          <params>
            <param index="0">
              <value>
                <![CDATA[org.testng.TestRunner@41a0aa7d]]>
              </value>
            </param>
          </params>
          <reporter-output>
          </reporter-output>
        </test-method> <!-- fetchSuiteConfiguration -->
        <test-method status="PASS" signature="setUp(java.lang.reflect.Method, org.testng.ITestContext)[pri:0, instance:com.zinghr.signup.index.SignupIndex@47f6473]" name="setUp" is-config="true" duration-ms="17751" started-at="2015-12-09T10:22:58Z" finished-at="2015-12-09T10:23:15Z">
          <params>
            <param index="0">
              <value>
                <![CDATA[public void com.zinghr.signup.index.SignupIndex.emailidFieldBlank() throws java.lang.Exception]]>
              </value>
            </param>
            <param index="1">
              <value>
                <![CDATA[org.testng.TestRunner@41a0aa7d]]>
              </value>
            </param>
          </params>
          <reporter-output>
          </reporter-output>
        </test-method> <!-- setUp -->
        <test-method status="PASS" signature="emailidFieldBlank()[pri:0, instance:com.zinghr.signup.index.SignupIndex@47f6473]" name="emailidFieldBlank" duration-ms="22827" started-at="2015-12-09T10:23:15Z" finished-at="2015-12-09T10:23:38Z">
          <reporter-output>
            <line>
              <![CDATA[<br></br>Test Case Id : SU_14 ]]>
            </line>
            <line>
              <![CDATA[<br></br>Testcase Discription : Field validation for 'Email ID' field]]>
            </line>
            <line>
              <![CDATA[<br></br>Step 1 : Open url:<a>http://automation.zinghr.com/2015/pages/Authentication/SignUp.aspx</a>]]>
            </line>
            <line>
              <![CDATA[<br></br>Step 2: Enter blank data in 'Email Id':  ]]>
            </line>
            <line>
              <![CDATA[<br></br>To verify that Email id field do not accept blank data]]>
            </line>
            <line>
              <![CDATA[<br><Strong><font color=#008000>Pass</font></strong></br>]]>
            </line>
          </reporter-output>
        </test-method> <!-- emailidFieldBlank -->
        <test-method status="PASS" signature="tearDown(org.testng.ITestResult)[pri:0, instance:com.zinghr.signup.index.SignupIndex@47f6473]" name="tearDown" is-config="true" duration-ms="10380" started-at="2015-12-09T10:23:38Z" finished-at="2015-12-09T10:23:49Z">
          <params>
            <param index="0">
              <value>
                <![CDATA[[TestResult name=emailidFieldBlank status=SUCCESS method=SignupIndex.emailidFieldBlank()[pri:0, instance:com.zinghr.signup.index.SignupIndex@47f6473] output=<br></br>Test Case Id : SU_14 ]]]>
              </value>
            </param>
          </params>
          <reporter-output>
          </reporter-output>
        </test-method> <!-- tearDown -->
      </class> <!-- com.zinghr.signup.index.SignupIndex -->
    </test> <!-- SU_14: To verify that Email id field do not accept blank data. -->
    <test name="SU_15: To verify that user is able to select other country name" duration-ms="40479" started-at="2015-12-09T04:53:14Z" finished-at="2015-12-09T04:53:55Z">
      <class name="com.zinghr.signup.index.SignupIndex">
        <test-method status="PASS" signature="fetchSuiteConfiguration(org.testng.ITestContext)[pri:0, instance:com.zinghr.signup.index.SignupIndex@2d3fcdbd]" name="fetchSuiteConfiguration" is-config="true" duration-ms="1" started-at="2015-12-09T10:23:14Z" finished-at="2015-12-09T10:23:14Z">
          <params>
            <param index="0">
              <value>
                <![CDATA[org.testng.TestRunner@2794eab6]]>
              </value>
            </param>
          </params>
          <reporter-output>
          </reporter-output>
        </test-method> <!-- fetchSuiteConfiguration -->
        <test-method status="PASS" signature="setUp(java.lang.reflect.Method, org.testng.ITestContext)[pri:0, instance:com.zinghr.signup.index.SignupIndex@2d3fcdbd]" name="setUp" is-config="true" duration-ms="11998" started-at="2015-12-09T10:23:14Z" finished-at="2015-12-09T10:23:26Z">
          <params>
            <param index="0">
              <value>
                <![CDATA[public void com.zinghr.signup.index.SignupIndex.selectCountry() throws java.lang.Exception]]>
              </value>
            </param>
            <param index="1">
              <value>
                <![CDATA[org.testng.TestRunner@2794eab6]]>
              </value>
            </param>
          </params>
          <reporter-output>
          </reporter-output>
        </test-method> <!-- setUp -->
        <test-method status="PASS" signature="selectCountry()[pri:0, instance:com.zinghr.signup.index.SignupIndex@2d3fcdbd]" name="selectCountry" duration-ms="18012" started-at="2015-12-09T10:23:26Z" finished-at="2015-12-09T10:23:44Z">
          <reporter-output>
            <line>
              <![CDATA[<br></br>Test Case Id : SU_15 ]]>
            </line>
            <line>
              <![CDATA[<br></br>Testcase Discription : Select other country from country list.]]>
            </line>
            <line>
              <![CDATA[<br></br>Step 1 : Open url:<a>http://automation.zinghr.com/2015/pages/Authentication/SignUp.aspx</a>]]>
            </line>
            <line>
              <![CDATA[<br></br>Step 2: Enter company Name: ryFt]]>
            </line>
            <line>
              <![CDATA[<br></br>Step 3: Display Employee Name: CrYPnY]]>
            </line>
            <line>
              <![CDATA[<br></br>Step 4: Enter Email id: testkiwi561394GG@mailinator.com]]>
            </line>
            <line>
              <![CDATA[<br></br>Step 5: Select any country]]>
            </line>
[...]
          <params>
            <param index="0">
              <value>
                <![CDATA[public void com.zinghr.signup.index.SignupIndex.updateAccountName() throws java.lang.Exception]]>
              </value>
            </param>
            <param index="1">
              <value>
                <![CDATA[org.testng.TestRunner@4145bad8]]>
              </value>
            </param>
          </params>
          <reporter-output>
          </reporter-output>
        </test-method> <!-- setUp -->
        <test-method status="PASS" signature="fetchSuiteConfiguration(org.testng.ITestContext)[pri:0, instance:com.zinghr.signup.index.SignupIndex@4678c730]" name="fetchSuiteConfiguration" is-config="true" duration-ms="0" started-at="2015-12-09T10:26:51Z" finished-at="2015-12-09T10:26:51Z">
          <params>
            <param index="0">
              <value>
                <![CDATA[org.testng.TestRunner@4145bad8]]>
              </value>
            </param>
          </params>
          <reporter-output>
          </reporter-output>
        </test-method> <!-- fetchSuiteConfiguration -->
        <test-method status="PASS" signature="updateAccountName()[pri:0, instance:com.zinghr.signup.index.SignupIndex@4678c730]" name="updateAccountName" duration-ms="383209" started-at="2015-12-09T10:27:18Z" finished-at="2015-12-09T10:33:41Z">
          <reporter-output>
            <line>
              <![CDATA[<br></br>Test Case Id : A_SU_14 A_SU_18]]>
            </line>
            <line>
              <![CDATA[<br></br>Testcase Discription : Update account name in 'Activation Page'.]]>
            </line>
            <line>
              <![CDATA[<br></br>Step 1 : Open url:<a>http://automation.zinghr.com/2015/pages/Authentication/SignUp.aspx</a>]]>
            </line>
            <line>
              <![CDATA[<br></br>Step 2: Enter company Name: Tplz]]>
            </line>
            <line>
              <![CDATA[<br></br>Step 3: Display Employee Name: HTQfXX]]>
            </line>
            <line>
              <![CDATA[<br></br>Step 4: Enter Email id: testkiwi847332RA@mailinator.com]]>
            </line>
            <line>
              <![CDATA[<br></br>Step 5: Select any country]]>
            </line>
            <line>
              <![CDATA[<br></br>Step 6: Enter Contact no: 9429186891]]>
            </line>
            <line>
              <![CDATA[<br></br>Step 7: Click on 'Sign Up for 30 days trial' button.]]>
            </line>
            <line>
              <![CDATA[<br></br>Step 8: Open ZingHR activation mail.]]>
            </line>
            <line>
              <![CDATA[<br></br>Step 9: Click on 'Click Here' button in mail.]]>
            </line>
            <line>
              <![CDATA[<br></br>Step 10: Update Account_Name: Tplztest]]>
            </line>
            <line>
              <![CDATA[<br></br>To verify that user is able to edit/update Account/Company Name.]]>
            </line>
            <line>
              <![CDATA[<br><Strong><font color=#008000>Pass</font></strong></br>]]>
            </line>
          </reporter-output>
        </test-method> <!-- updateAccountName -->
        <test-method status="PASS" signature="tearDown(org.testng.ITestResult)[pri:0, instance:com.zinghr.signup.index.SignupIndex@4678c730]" name="tearDown" is-config="true" duration-ms="10487" started-at="2015-12-09T10:33:41Z" finished-at="2015-12-09T10:33:51Z">
          <params>
            <param index="0">
              <value>
                <![CDATA[[TestResult name=updateAccountName status=SUCCESS method=SignupIndex.updateAccountName()[pri:0, instance:com.zinghr.signup.index.SignupIndex@4678c730] output=<br></br>Test Case Id : A_SU_14 A_SU_18]]]>
              </value>
            </param>
          </params>
          <reporter-output>
          </reporter-output>
        </test-method> <!-- tearDown -->
      </class> <!-- com.zinghr.signup.index.SignupIndex -->
    </test> <!-- A_SU_14 - A_SU_18: To verify that user is able to edit Account/Company Name. -->
    <test name="A_SU_15 - A_SU_16 - A_SU_20: To verify that after clicking on Activate Account button user account is activated successfully." duration-ms="439474" started-at="2015-12-09T04:58:42Z" finished-at="2015-12-09T05:06:01Z">
      <class name="com.zinghr.signup.index.SignupIndex">
        <test-method status="PASS" signature="fetchSuiteConfiguration(org.testng.ITestContext)[pri:0, instance:com.zinghr.signup.index.SignupIndex@18be83e4]" name="fetchSuiteConfiguration" is-config="true" duration-ms="0" started-at="2015-12-09T10:28:42Z" finished-at="2015-12-09T10:28:42Z">
          <params>
            <param index="0">
              <value>
                <![CDATA[org.testng.TestRunner@d86a6f]]>
              </value>
            </param>
          </params>
          <reporter-output>
          </reporter-output>
        </test-method> <!-- fetchSuiteConfiguration -->
        <test-method status="PASS" signature="setUp(java.lang.reflect.Method, org.testng.ITestContext)[pri:0, instance:com.zinghr.signup.index.SignupIndex@18be83e4]" name="setUp" is-config="true" duration-ms="29488" started-at="2015-12-09T10:28:42Z" finished-at="2015-12-09T10:29:11Z">
          <params>
            <param index="0">
              <value>
                <![CDATA[public void com.zinghr.signup.index.SignupIndex.activateSuccessfullyMesg() throws java.lang.Exception]]>
              </value>
            </param>
            <param index="1">
              <value>
                <![CDATA[org.testng.TestRunner@d86a6f]]>
              </value>
            </param>
          </params>
          <reporter-output>
          </reporter-output>
        </test-method> <!-- setUp -->
        <test-method status="PASS" signature="activateSuccessfullyMesg()[pri:0, instance:com.zinghr.signup.index.SignupIndex@18be83e4]" name="activateSuccessfullyMesg" duration-ms="399405" started-at="2015-12-09T10:29:11Z" finished-at="2015-12-09T10:35:51Z">
          <reporter-output>
            <line>
              <![CDATA[<br></br>Test Case Id : A_SU_15 ]]>
            </line>
            <line>
              <![CDATA[<br></br>Testcase Discription : Activate successfully verification. ]]>
            </line>
            <line>
              <![CDATA[<br></br>Step 1 : Open url:<a>http://automation.zinghr.com/2015/pages/Authentication/SignUp.aspx</a>]]>
            </line>
            <line>
              <![CDATA[<br></br>Step 2: Enter company Name: goiy]]>
            </line>
            <line>
              <![CDATA[<br></br>Step 3: Display Employee Name: hotRef]]>
            </line>
            <line>
              <![CDATA[<br></br>Step 4: Enter Email id: testkiwi371472En@mailinator.com]]>
            </line>
            <line>
              <![CDATA[<br></br>Step 5: Select any one country]]>
            </line>
            <line>
              <![CDATA[<br></br>Step 6: Enter Contact no: 9429186891]]>
            </line>
            <line>
              <![CDATA[<br></br>Step 7: Click on 'Sign Up for 30 days trial' button.]]>
            </line>
            <line>
              <![CDATA[<br></br>Step 8: Open ZingHR activation mail.]]>
            </line>
            <line>
              <![CDATA[<br></br>Step 9: Click on 'Click Here' button in mail.]]>
            </line>
            <line>
              <![CDATA[<br></br>Step 10: Enter Password: Test@123]]>
            </line>
            <line>
              <![CDATA[<br></br>To verify that after clicking on Activate Account button user account is activated successfully]]>
            </line>
            <line>
              <![CDATA[<br><Strong><font color=#008000>Pass</font></strong></br>]]>
            </line>
            <line>
              <![CDATA[<br></br>Test Case Id : A_SU_16]]>
            </line>
            <line>
              <![CDATA[<br></br>To verify that successful message along with Company Code,Employee Code and Password is displayed after clicking on Activate Account button.]]>
            </line>
            <line>
              <![CDATA[<br><Strong><font color=#008000>Pass</font></strong></br>]]>
            </line>
          </reporter-output>
        </test-method> <!-- activateSuccessfullyMesg -->
        <test-method status="PASS" signature="tearDown(org.testng.ITestResult)[pri:0, instance:com.zinghr.signup.index.SignupIndex@18be83e4]" name="tearDown" is-config="true" duration-ms="10581" started-at="2015-12-09T10:35:51Z" finished-at="2015-12-09T10:36:01Z">
          <params>
            <param index="0">
              <value>
                <![CDATA[[TestResult name=activateSuccessfullyMesg status=SUCCESS method=SignupIndex.activateSuccessfullyMesg()[pri:0, instance:com.zinghr.signup.index.SignupIndex@18be83e4] output=<br></br>Test Case Id : A_SU_15 ]]]>
              </value>
            </param>
          </params>
          <reporter-output>
          </reporter-output>
        </test-method> <!-- tearDown -->
      </class> <!-- com.zinghr.signup.index.SignupIndex -->
    </test> <!-- A_SU_15 - A_SU_16 - A_SU_20: To verify that after clicking on Activate Account button user account is activated successfully. -->
    <test name="A_SU_21- L_01: To verify that After clicking on &#039;Ok&#039; button of successful message user is redirected to login page." duration-ms="403722" started-at="2015-12-09T05:01:48Z" finished-at="2015-12-09T05:08:31Z">
      <class name="com.zinghr.signup.index.SignupIndex">
        <test-method status="PASS" signature="setUp(java.lang.reflect.Method, org.testng.ITestContext)[pri:0, instance:com.zinghr.signup.index.SignupIndex@26653222]" name="setUp" is-config="true" duration-ms="11304" started-at="2015-12-09T10:31:48Z" finished-at="2015-12-09T10:31:59Z">
          <params>
            <param index="0">
              <value>
                <![CDATA[public void com.zinghr.signup.index.SignupIndex.activateSuccessfully() throws java.lang.Exception]]>
              </value>
            </param>
            <param index="1">
              <value>
                <![CDATA[org.testng.TestRunner@2892d68]]>
              </value>
            </param>
          </params>
          <reporter-output>
          </reporter-output>
        </test-method> <!-- setUp -->
        <test-method status="PASS" signature="fetchSuiteConfiguration(org.testng.ITestContext)[pri:0, instance:com.zinghr.signup.index.SignupIndex@26653222]" name="fetchSuiteConfiguration" is-config="true" duration-ms="0" started-at="2015-12-09T10:31:48Z" finished-at="2015-12-09T10:31:48Z">
          <params>
            <param index="0">
              <value>
                <![CDATA[org.testng.TestRunner@2892d68]]>
              </value>
            </param>
          </params>
          <reporter-output>
          </reporter-output>
        </test-method> <!-- fetchSuiteConfiguration -->
        <test-method status="PASS" signature="activateSuccessfully()[pri:0, instance:com.zinghr.signup.index.SignupIndex@26653222]" name="activateSuccessfully" duration-ms="381856" started-at="2015-12-09T10:31:59Z" finished-at="2015-12-09T10:38:21Z">
          <reporter-output>
            <line>
              <![CDATA[<br></br>Test Case Id : A_SU_21, L_01 ]]>
            </line>
            <line>
              <![CDATA[<br></br>Testcase Discription : 'Login Page' verification after Activate successfully. ]]>
            </line>
            <line>
              <![CDATA[<br></br>Step 1 : Open url:<a>http://automation.zinghr.com/2015/pages/Authentication/SignUp.aspx</a>]]>
            </line>
            <line>
              <![CDATA[<br></br>Step 2: Enter company Name: STSS]]>
            </line>
            <line>
              <![CDATA[<br></br>Step 3: Display Employee Name: zylIpq]]>
            </line>
            <line>
              <![CDATA[<br></br>Step 4: Enter Email id: testkiwi710852Zo@mailinator.com]]>
            </line>
            <line>
              <![CDATA[<br></br>Step 5: Select any one country]]>
            </line>
            <line>
              <![CDATA[<br></br>Step 6: Enter Contact no: 9429186891]]>
            </line>
            <line>
              <![CDATA[<br></br>Step 7: Click on 'Sign Up for 30 days trial' button.]]>
            </line>
            <line>
              <![CDATA[<br></br>Step 8: Open ZingHR activation mail.]]>
            </line>
            <line>
              <![CDATA[<br></br>Step 9: Click on 'Click Here' button in mail.]]>
            </line>
            <line>
              <![CDATA[<br></br>Step 10: Enter Password: Test@123]]>
            </line>
            <line>
              <![CDATA[<br></br>Step 11: Click on 'ACTIVATE ACCOUNT' button.]]>
            </line>
            <line>
              <![CDATA[<br></br>Step 12: Click on 'Ok' button.]]>
            </line>
            <line>
              <![CDATA[<br></br>To verify that After clicking on 'Ok' button of successful message user is redirected to login page.]]>
            </line>
            <line>
              <![CDATA[<br><Strong><font color=#008000>Pass</font></strong></br>]]>
            </line>
            <line>
              <![CDATA[<br></br>To verify that user is redirected to <b> http://qa.zinghr.com/2015/pages/authentication/login.aspx</b> page after clicking on OK button from Successful dialog]]>
            </line>
            <line>
              <![CDATA[<br><Strong><font color=#008000>Pass</font></strong></br>]]>
            </line>
          </reporter-output>
        </test-method> <!-- activateSuccessfully -->
        <test-method status="PASS" signature="tearDown(org.testng.ITestResult)[pri:0, instance:com.zinghr.signup.index.SignupIndex@26653222]" name="tearDown" is-config="true" duration-ms="10562" started-at="2015-12-09T10:38:21Z" finished-at="2015-12-09T10:38:31Z">
          <params>
            <param index="0">
              <value>
                <![CDATA[[TestResult name=activateSuccessfully status=SUCCESS method=SignupIndex.activateSuccessfully()[pri:0, instance:com.zinghr.signup.index.SignupIndex@26653222] output=<br></br>Test Case Id : A_SU_21, L_01 ]]]>
              </value>
            </param>
          </params>
          <reporter-output>
          </reporter-output>
        </test-method> <!-- tearDown -->
      </class> <!-- com.zinghr.signup.index.SignupIndex -->
    </test> <!-- A_SU_21- L_01: To verify that After clicking on 'Ok' button of successful message user is redirected to login page. -->
    <test name="A_SU_23: To verify that appropriate error message is displayed if user enters already used activation code and Company Name." duration-ms="478832" started-at="2015-12-09T05:02:05Z" finished-at="2015-12-09T05:10:04Z">
      <class name="com.zinghr.signup.index.SignupIndex">
        <test-method status="PASS" signature="setUp(java.lang.reflect.Method, org.testng.ITestContext)[pri:0, instance:com.zinghr.signup.index.SignupIndex@47c62251]" name="setUp" is-config="true" duration-ms="11049" started-at="2015-12-09T10:32:05Z" finished-at="2015-12-09T10:32:16Z">
          <params>
            <param index="0">
              <value>
                <![CDATA[public void com.zinghr.signup.index.SignupIndex.previouslyActivateCode1() throws java.lang.Exception]]>
              </value>
            </param>
            <param index="1">
              <value>
                <![CDATA[org.testng.TestRunner@5ab956d7]]>
              </value>
            </param>
          </params>
          <reporter-output>
          </reporter-output>
        </test-method> <!-- setUp -->
        <test-method status="PASS" signature="fetchSuiteConfiguration(org.testng.ITestContext)[pri:0, instance:com.zinghr.signup.index.SignupIndex@47c62251]" name="fetchSuiteConfiguration" is-config="true" duration-ms="0" started-at="2015-12-09T10:32:05Z" finished-at="2015-12-09T10:32:05Z">
          <params>
            <param index="0">
              <value>
                <![CDATA[org.testng.TestRunner@5ab956d7]]>
              </value>
            </param>
          </params>
          <reporter-output>
          </reporter-output>
        </test-method> <!-- fetchSuiteConfiguration -->
        <test-method status="PASS" signature="previouslyActivateCode1()[pri:0, instance:com.zinghr.signup.index.SignupIndex@47c62251]" name="previouslyActivateCode1" duration-ms="457238" started-at="2015-12-09T10:32:16Z" finished-at="2015-12-09T10:39:53Z">
          <reporter-output>
            <line>
              <![CDATA[<br></br>Test Case Id : A_SU_23 ]]>
            </line>
            <line>
              <![CDATA[<br></br>Testcase Discription : 'Login Page' verification after Activate successfully. ]]>
            </line>
            <line>
              <![CDATA[<br></br>Step 1 : Open url:<a>http://automation.zinghr.com/2015/pages/Authentication/SignUp.aspx</a>]]>
            </line>
            <line>
              <![CDATA[<br></br>Step 2: Enter company Name: bSgu]]>
            </line>
            <line>
              <![CDATA[<br></br>Step 3: Display Employee Name: wgPGtb]]>
            </line>
            <line>
              <![CDATA[<br></br>Step 4: Enter Email id: testkiwi945214QE@mailinator.com]]>
            </line>
            <line>
              <![CDATA[<br></br>Step 5: Select any one country]]>
            </line>
            <line>
              <![CDATA[<br></br>Step 6: Enter Contact no: 9429186891]]>
            </line>
            <line>
              <![CDATA[<br></br>Step 7: Click on 'Sign Up for 30 days trial' button.]]>
            </line>
            <line>
              <![CDATA[<br></br>Step 8: Open ZingHR activation mail.]]>
            </line>
            <line>
              <![CDATA[<br></br>Step 9: Click on 'Click Here' button in mail.]]>
            </line>
            <line>
              <![CDATA[<br></br>Step 10: Enter Password: Test@123]]>
            </line>
            <line>
              <![CDATA[<br></br>Step 11: Click on 'ACTIVATE ACCOUNT' button.]]>
            </line>
            <line>
              <![CDATA[<br></br>Step 12: Again activate account with same 'Activation Code' and 'Company name'.]]>
            </line>
            <line>
              <![CDATA[<br></br>To verify that appropriate error message is displayed if user enters already used activation code and Company Name.]]>
            </line>
            <line>
              <![CDATA[<br><Strong><font color=#008000>Pass</font></strong></br>]]>
            </line>
          </reporter-output>
        </test-method> <!-- previouslyActivateCode1 -->
        <test-method status="PASS" signature="tearDown(org.testng.ITestResult)[pri:0, instance:com.zinghr.signup.index.SignupIndex@47c62251]" name="tearDown" is-config="true" duration-ms="10543" started-at="2015-12-09T10:39:53Z" finished-at="2015-12-09T10:40:04Z">
          <params>
            <param index="0">
              <value>
                <![CDATA[[TestResult name=previouslyActivateCode1 status=SUCCESS method=SignupIndex.previouslyActivateCode1()[pri:0, instance:com.zinghr.signup.index.SignupIndex@47c62251] output=<br></br>Test Case Id : A_SU_23 ]]]>
              </value>
            </param>
          </params>
          <reporter-output>
          </reporter-output>
        </test-method> <!-- tearDown -->
      </class> <!-- com.zinghr.signup.index.SignupIndex -->
    </test> <!-- A_SU_23: To verify that appropriate error message is displayed if user enters already used activation code and Company Name. -->
  </suite> <!-- ZingHr - SignUp Module -->
</testng-results>
