<?xml version="1.0" encoding="UTF-8"?>
<testng-results skipped="0" failed="0" total="1" passed="1">
  <reporter-output>
    <line>
      <![CDATA[<br></br>Test Case Id : SU_04 ]]>
    </line>
    <line>
      <![CDATA[<br></br>Testcase Discription : Field validation for 'Company name' field]]>
    </line>
    <line>
      <![CDATA[<br></br>Step 1 : Open url:<a>null</a>]]>
    </line>
    <line>
      <![CDATA[<br></br>Step 2: Enter Blank space in company Name:  ]]>
    </line>
    <line>
      <![CDATA[<br></br>To verify that the company name field do not accept blank space.]]>
    </line>
    <line>
      <![CDATA[<br><Strong><font color=#008000>Pass</font></strong></br>]]>
    </line>
  </reporter-output>
  <suite name="ZingHR - SignUp" duration-ms="71801" started-at="2015-12-17T05:46:07Z" finished-at="2015-12-17T05:47:19Z">
    <groups>
    </groups>
    <test name="SU_04: To verify that the company name field do not accept blank space" duration-ms="71801" started-at="2015-12-17T05:46:07Z" finished-at="2015-12-17T05:47:19Z">
      <class name="com.zinghr.signup.index.SignupIndex">
        <test-method status="PASS" signature="fetchSuiteConfiguration(org.testng.ITestContext)[pri:0, instance:com.zinghr.signup.index.SignupIndex@3c46e67a]" name="fetchSuiteConfiguration" is-config="true" duration-ms="11" started-at="2015-12-17T11:16:07Z" finished-at="2015-12-17T11:16:07Z">
          <params>
            <param index="0">
              <value>
                <![CDATA[org.testng.TestRunner@13b6aecc]]>
              </value>
            </param>
          </params>
          <reporter-output>
          </reporter-output>
        </test-method> <!-- fetchSuiteConfiguration -->
        <test-method status="PASS" signature="setUp(java.lang.reflect.Method, org.testng.ITestContext)[pri:0, instance:com.zinghr.signup.index.SignupIndex@3c46e67a]" name="setUp" is-config="true" duration-ms="33413" started-at="2015-12-17T11:16:07Z" finished-at="2015-12-17T11:16:41Z">
          <params>
            <param index="0">
              <value>
                <![CDATA[public void com.zinghr.signup.index.SignupIndex.companynameFieldBlank() throws java.lang.Exception]]>
              </value>
            </param>
            <param index="1">
              <value>
                <![CDATA[org.testng.TestRunner@13b6aecc]]>
              </value>
            </param>
          </params>
          <reporter-output>
          </reporter-output>
        </test-method> <!-- setUp -->
        <test-method status="PASS" signature="companynameFieldBlank()[pri:0, instance:com.zinghr.signup.index.SignupIndex@3c46e67a]" name="companynameFieldBlank" duration-ms="25503" started-at="2015-12-17T11:16:41Z" finished-at="2015-12-17T11:17:06Z">
          <reporter-output>
            <line>
              <![CDATA[<br></br>Test Case Id : SU_04 ]]>
            </line>
            <line>
              <![CDATA[<br></br>Testcase Discription : Field validation for 'Company name' field]]>
            </line>
            <line>
              <![CDATA[<br></br>Step 1 : Open url:<a>null</a>]]>
            </line>
            <line>
              <![CDATA[<br></br>Step 2: Enter Blank space in company Name:  ]]>
            </line>
            <line>
              <![CDATA[<br></br>To verify that the company name field do not accept blank space.]]>
            </line>
            <line>
              <![CDATA[<br><Strong><font color=#008000>Pass</font></strong></br>]]>
            </line>
          </reporter-output>
        </test-method> <!-- companynameFieldBlank -->
        <test-method status="PASS" signature="tearDown(org.testng.ITestResult)[pri:0, instance:com.zinghr.signup.index.SignupIndex@3c46e67a]" name="tearDown" is-config="true" duration-ms="12853" started-at="2015-12-17T11:17:06Z" finished-at="2015-12-17T11:17:19Z">
          <params>
            <param index="0">
              <value>
                <![CDATA[[TestResult name=companynameFieldBlank status=SUCCESS method=SignupIndex.companynameFieldBlank()[pri:0, instance:com.zinghr.signup.index.SignupIndex@3c46e67a] output=<br></br>Test Case Id : SU_04 ]]]>
              </value>
            </param>
          </params>
          <reporter-output>
          </reporter-output>
        </test-method> <!-- tearDown -->
      </class> <!-- com.zinghr.signup.index.SignupIndex -->
    </test> <!-- SU_04: To verify that the company name field do not accept blank space -->
  </suite> <!-- ZingHR - SignUp -->
</testng-results>
