<?xml version="1.0" encoding="UTF-8"?>
<!-- Generated by org.testng.reporters.JUnitXMLReporter -->
<testsuite hostname="HP" name="A_SU_13: To verify that the Password progress status changes from as per the password entered by the user." tests="1" failures="0" timestamp="20 Nov 2015 12:41:19 GMT" time="124.476" errors="0">
  <testcase name="pswdProgressStatus" time="105.956" classname="com.zinghr.signup.index.SignupIndex"/>
</testsuite> <!-- A_SU_13: To verify that the Password progress status changes from as per the password entered by the user. -->
