<?xml version="1.0" encoding="UTF-8"?>
<!-- Generated by org.testng.reporters.JUnitXMLReporter -->
<testsuite hostname="HP" name="A_SU_23: To verify that appropriate error message is displayed if user enters already used activation code and Company Name." tests="1" failures="0" timestamp="23 Nov 2015 09:11:51 GMT" time="322.562" errors="0">
  <testcase name="previouslyActivateCode1" time="303.24" classname="com.zinghr.signup.index.SignupIndex"/>
</testsuite> <!-- A_SU_23: To verify that appropriate error message is displayed if user enters already used activation code and Company Name. -->
