<?xml version="1.0" encoding="UTF-8"?>
<!-- Generated by org.testng.reporters.JUnitXMLReporter -->
<testsuite hostname="HP" name="SU_17: To verify that user is able to enter numeric values in Contact Number field" tests="1" failures="0" timestamp="24 Nov 2015 05:37:39 GMT" time="41.238" errors="0">
  <testcase name="contactNumFieldValid" time="21.551" classname="com.zinghr.signup.index.SignupIndex"/>
</testsuite> <!-- SU_17: To verify that user is able to enter numeric values in Contact Number field -->
